#
# There is insufficient memory for the Java Runtime Environment to continue.
# Native memory allocation (malloc) failed to allocate 230576 bytes. Error detail: Chunk::new
# Possible reasons:
#   The system is out of physical RAM or swap space
#   This process is running with CompressedOops enabled, and the Java Heap may be blocking the growth of the native heap
# Possible solutions:
#   Reduce memory load on the system
#   Increase physical memory or swap space
#   Check if swap backing store is full
#   Decrease Java heap size (-Xmx/-Xms)
#   Decrease number of Java threads
#   Decrease Java thread stack sizes (-Xss)
#   Set larger code cache with -XX:ReservedCodeCacheSize=
#   JVM is running with Unscaled Compressed Oops mode in which the Java heap is
#     placed in the first 4GB address space. The Java Heap base address is the
#     maximum limit for the native heap growth. Please use -XX:HeapBaseMinAddress
#     to set the Java Heap base and to place the Java Heap above 4GB virtual address.
# This output file may be truncated or incomplete.
#
#  Out of Memory Error (arena.cpp:191), pid=20848, tid=19904
#
# JRE version: OpenJDK Runtime Environment JBR-17.0.14+1-1367.22-nomod (17.0.14+1) (build 17.0.14+1-b1367.22)
# Java VM: OpenJDK 64-Bit Server VM JBR-17.0.14+1-1367.22-nomod (17.0.14+1-b1367.22, mixed mode, sharing, tiered, compressed oops, compressed class ptrs, g1 gc, windows-amd64)
# No core dump will be written. Minidumps are not enabled by default on client versions of Windows
#

---------------  S U M M A R Y ------------

Command Line: --module-path=C:\Users\Admin\.m2\repository\org\openjfx\javafx-base\21.0.2\javafx-base-21.0.2-win.jar;C:\Users\Admin\.m2\repository\org\openjfx\javafx-base\21.0.2\javafx-base-21.0.2.jar;C:\Users\Admin\.m2\repository\org\openjfx\javafx-controls\21.0.2\javafx-controls-21.0.2-win.jar;C:\Users\Admin\.m2\repository\org\openjfx\javafx-controls\21.0.2\javafx-controls-21.0.2.jar;C:\Users\Admin\.m2\repository\org\openjfx\javafx-fxml\21.0.2\javafx-fxml-21.0.2-win.jar;C:\Users\Admin\.m2\repository\org\openjfx\javafx-fxml\21.0.2\javafx-fxml-21.0.2.jar;C:\Users\Admin\.m2\repository\org\openjfx\javafx-graphics\21.0.2\javafx-graphics-21.0.2-win.jar;C:\Users\Admin\.m2\repository\org\openjfx\javafx-graphics\21.0.2\javafx-graphics-21.0.2.jar --add-modules=javafx.base,javafx.controls,javafx.fxml,javafx.graphics tests.Mainfx

Host: 13th Gen Intel(R) Core(TM) i7-1355U, 12 cores, 7G,  Windows 11 , 64 bit Build 26100 (10.0.26100.8246)
Time: Mon May 11 18:01:59 2026 Afr. centrale Ouest elapsed time: 139.048267 seconds (0d 0h 2m 19s)

---------------  T H R E A D  ---------------

Current thread (0x000002b569ee3fb0):  JavaThread "C2 CompilerThread0" daemon [_thread_in_native, id=19904, stack(0x000000c853100000,0x000000c853200000)]


Current CompileTask:
C2: 139048 4617   !   4       com.sun.prism.impl.GlyphCache::getCachedGlyph (494 bytes)

Stack: [0x000000c853100000,0x000000c853200000]
Native frames: (J=compiled Java code, j=interpreted, Vv=VM code, C=native code)
V  [jvm.dll+0x68b969]
V  [jvm.dll+0x84572a]
V  [jvm.dll+0x8473ae]
V  [jvm.dll+0x847a13]
V  [jvm.dll+0x24a83f]
V  [jvm.dll+0xaca04]
V  [jvm.dll+0xad04c]
V  [jvm.dll+0x2b1f9f]
V  [jvm.dll+0x591957]
V  [jvm.dll+0x224b52]
V  [jvm.dll+0x21da3d]
V  [jvm.dll+0x21b561]
V  [jvm.dll+0x1a6acd]
V  [jvm.dll+0x22b58e]
V  [jvm.dll+0x2296d5]
V  [jvm.dll+0x7f9637]
V  [jvm.dll+0x7f3a1c]
V  [jvm.dll+0x68a7c7]
C  [ucrtbase.dll+0x37b0]
C  [KERNEL32.DLL+0x2e8d7]
C  [ntdll.dll+0x8c3fc]


---------------  P R O C E S S  ---------------

Threads class SMR info:
_java_thread_list=0x000002b5759ffaa0, length=20, elements={
0x000002b54e2a6a70, 0x000002b569ec3fa0, 0x000002b569ec4960, 0x000002b569ee04c0,
0x000002b569ee0e80, 0x000002b569ee2850, 0x000002b569ee3210, 0x000002b569ee3fb0,
0x000002b569ee4a60, 0x000002b569ee7470, 0x000002b56a6a8ae0, 0x000002b56a82b140,
0x000002b56f05a8d0, 0x000002b56f778ff0, 0x000002b56f5268f0, 0x000002b5703a5ef0,
0x000002b5703a63d0, 0x000002b5704a5260, 0x000002b570bd73e0, 0x000002b575dba010
}

Java Threads: ( => current thread )
  0x000002b54e2a6a70 JavaThread "main" [_thread_blocked, id=22864, stack(0x000000c852400000,0x000000c852500000)]
  0x000002b569ec3fa0 JavaThread "Reference Handler" daemon [_thread_blocked, id=3140, stack(0x000000c852b00000,0x000000c852c00000)]
  0x000002b569ec4960 JavaThread "Finalizer" daemon [_thread_blocked, id=20808, stack(0x000000c852c00000,0x000000c852d00000)]
  0x000002b569ee04c0 JavaThread "Signal Dispatcher" daemon [_thread_blocked, id=22720, stack(0x000000c852d00000,0x000000c852e00000)]
  0x000002b569ee0e80 JavaThread "Attach Listener" daemon [_thread_blocked, id=23016, stack(0x000000c852e00000,0x000000c852f00000)]
  0x000002b569ee2850 JavaThread "Service Thread" daemon [_thread_blocked, id=18184, stack(0x000000c852f00000,0x000000c853000000)]
  0x000002b569ee3210 JavaThread "Monitor Deflation Thread" daemon [_thread_blocked, id=21008, stack(0x000000c853000000,0x000000c853100000)]
=>0x000002b569ee3fb0 JavaThread "C2 CompilerThread0" daemon [_thread_in_native, id=19904, stack(0x000000c853100000,0x000000c853200000)]
  0x000002b569ee4a60 JavaThread "C1 CompilerThread0" daemon [_thread_blocked, id=21632, stack(0x000000c853200000,0x000000c853300000)]
  0x000002b569ee7470 JavaThread "Sweeper thread" daemon [_thread_blocked, id=20720, stack(0x000000c853300000,0x000000c853400000)]
  0x000002b56a6a8ae0 JavaThread "Common-Cleaner" daemon [_thread_blocked, id=22032, stack(0x000000c853400000,0x000000c853500000)]
  0x000002b56a82b140 JavaThread "Notification Thread" daemon [_thread_blocked, id=22768, stack(0x000000c853600000,0x000000c853700000)]
  0x000002b56f05a8d0 JavaThread "QuantumRenderer-0" daemon [_thread_blocked, id=9264, stack(0x000000c853800000,0x000000c853900000)]
  0x000002b56f778ff0 JavaThread "InvokeLaterDispatcher" daemon [_thread_blocked, id=10052, stack(0x000000c853500000,0x000000c853600000)]
  0x000002b56f5268f0 JavaThread "JavaFX Application Thread" [_thread_in_native, id=22912, stack(0x000000c853900000,0x000000c853a00000)]
  0x000002b5703a5ef0 JavaThread "JavaFX-Launcher" [_thread_blocked, id=2504, stack(0x000000c854a00000,0x000000c854b00000)]
  0x000002b5703a63d0 JavaThread "Thread-2" daemon [_thread_in_native, id=18136, stack(0x000000c854900000,0x000000c854a00000)]
  0x000002b5704a5260 JavaThread "mysql-cj-abandoned-connection-cleanup" daemon [_thread_blocked, id=4272, stack(0x000000c854c00000,0x000000c854d00000)]
  0x000002b570bd73e0 JavaThread "Prism Font Disposer" daemon [_thread_blocked, id=2904, stack(0x000000c855900000,0x000000c855a00000)]
  0x000002b575dba010 JavaThread "Cleaner-0" daemon [_thread_blocked, id=22408, stack(0x000000c854b00000,0x000000c854c00000)]

Other Threads:
  0x000002b569ebeb60 VMThread "VM Thread" [stack: 0x000000c852a00000,0x000000c852b00000] [id=16540]
  0x000002b56a7593f0 WatcherThread [stack: 0x000000c853700000,0x000000c853800000] [id=19024]
  0x000002b54e303f90 GCTaskThread "GC Thread#0" [stack: 0x000000c852500000,0x000000c852600000] [id=20588]
  0x000002b570337310 GCTaskThread "GC Thread#1" [stack: 0x000000c854d00000,0x000000c854e00000] [id=13276]
  0x000002b570432f30 GCTaskThread "GC Thread#2" [stack: 0x000000c854e00000,0x000000c854f00000] [id=11892]
  0x000002b570385f30 GCTaskThread "GC Thread#3" [stack: 0x000000c854f00000,0x000000c855000000] [id=11532]
  0x000002b57050a2b0 GCTaskThread "GC Thread#4" [stack: 0x000000c855000000,0x000000c855100000] [id=9960]
  0x000002b57050c3d0 GCTaskThread "GC Thread#5" [stack: 0x000000c855100000,0x000000c855200000] [id=6608]
  0x000002b57050add0 GCTaskThread "GC Thread#6" [stack: 0x000000c855200000,0x000000c855300000] [id=20632]
  0x000002b57050b8d0 GCTaskThread "GC Thread#7" [stack: 0x000000c855300000,0x000000c855400000] [id=14456]
  0x000002b57050c950 GCTaskThread "GC Thread#8" [stack: 0x000000c855400000,0x000000c855500000] [id=8908]
  0x000002b57050b090 GCTaskThread "GC Thread#9" [stack: 0x000000c855500000,0x000000c855600000] [id=16196]
  0x000002b54e3142e0 ConcurrentGCThread "G1 Main Marker" [stack: 0x000000c852600000,0x000000c852700000] [id=11536]
  0x000002b54e314c00 ConcurrentGCThread "G1 Conc#0" [stack: 0x000000c852700000,0x000000c852800000] [id=14940]
  0x000002b5758ab760 ConcurrentGCThread "G1 Conc#1" [stack: 0x000000c855a00000,0x000000c855b00000] [id=13096]
  0x000002b5758aba20 ConcurrentGCThread "G1 Conc#2" [stack: 0x000000c855b00000,0x000000c855c00000] [id=6864]
  0x000002b54e35e3c0 ConcurrentGCThread "G1 Refine#0" [stack: 0x000000c852800000,0x000000c852900000] [id=22856]
  0x000002b54e35eb90 ConcurrentGCThread "G1 Service" [stack: 0x000000c852900000,0x000000c852a00000] [id=22996]

Threads with active compile tasks:
C2 CompilerThread0   142116 4617   !   4       com.sun.prism.impl.GlyphCache::getCachedGlyph (494 bytes)

VM state: not at safepoint (normal execution)

VM Mutex/Monitor currently owned by a thread: None

Heap address: 0x0000000085800000, size: 1960 MB, Compressed Oops mode: 32-bit

CDS archive(s) mapped at: [0x000002b500000000-0x000002b500c00000-0x000002b500c00000), size 12582912, SharedBaseAddress: 0x000002b500000000, ArchiveRelocationMode: 1.
Compressed class space mapped at: 0x000002b501000000-0x000002b541000000, reserved size: 1073741824
Narrow klass base: 0x000002b500000000, Narrow klass shift: 0, Narrow klass range: 0x100000000

GC Precious Log:
 CPUs: 12 total, 12 available
 Memory: 7835M
 Large Page Support: Disabled
 NUMA Support: Disabled
 Compressed Oops: Enabled (32-bit)
 Heap Region Size: 1M
 Heap Min Capacity: 8M
 Heap Initial Capacity: 124M
 Heap Max Capacity: 1960M
 Pre-touch: Disabled
 Parallel Workers: 10
 Concurrent Workers: 3
 Concurrent Refinement Workers: 10
 Periodic GC: Disabled

Heap:
 garbage-first heap   total 55296K, used 28079K [0x0000000085800000, 0x0000000100000000)
  region size 1024K, 22 young (22528K), 10 survivors (10240K)
 Metaspace       used 23461K, committed 23744K, reserved 1114112K
  class space    used 3436K, committed 3584K, reserved 1048576K

Heap Regions: E=young(eden), S=young(survivor), O=old, HS=humongous(starts), HC=humongous(continues), CS=collection set, F=free, OA=open archive, CA=closed archive, TAMS=top-at-mark-start (previous, next)
|   0|0x0000000085800000, 0x0000000085900000, 0x0000000085900000|100%| O|  |TAMS 0x0000000085900000, 0x0000000085800000| Untracked 
|   1|0x0000000085900000, 0x0000000085a00000, 0x0000000085a00000|100%| O|  |TAMS 0x0000000085a00000, 0x0000000085900000| Untracked 
|   2|0x0000000085a00000, 0x0000000085b00000, 0x0000000085b00000|100%| O|  |TAMS 0x0000000085b00000, 0x0000000085a00000| Untracked 
|   3|0x0000000085b00000, 0x0000000085c00000, 0x0000000085c00000|100%| O|  |TAMS 0x0000000085b73200, 0x0000000085b00000| Untracked 
|   4|0x0000000085c00000, 0x0000000085c6be00, 0x0000000085d00000| 42%| O|  |TAMS 0x0000000085c00000, 0x0000000085c00000| Complete 
|   5|0x0000000085d00000, 0x0000000085e00000, 0x0000000085e00000|100%|HS|  |TAMS 0x0000000085d00000, 0x0000000085d00000| Complete 
|   6|0x0000000085e00000, 0x0000000085f00000, 0x0000000085f00000|100%|HC|  |TAMS 0x0000000085e00000, 0x0000000085e00000| Complete 
|   7|0x0000000085f00000, 0x0000000085f00000, 0x0000000086000000|  0%| F|  |TAMS 0x0000000085f00000, 0x0000000085f00000| Untracked 
|   8|0x0000000086000000, 0x0000000086000000, 0x0000000086100000|  0%| F|  |TAMS 0x0000000086000000, 0x0000000086000000| Untracked 
|   9|0x0000000086100000, 0x0000000086100000, 0x0000000086200000|  0%| F|  |TAMS 0x0000000086100000, 0x0000000086100000| Untracked 
|  10|0x0000000086200000, 0x0000000086200000, 0x0000000086300000|  0%| F|  |TAMS 0x0000000086200000, 0x0000000086200000| Untracked 
|  11|0x0000000086300000, 0x0000000086300000, 0x0000000086400000|  0%| F|  |TAMS 0x0000000086300000, 0x0000000086300000| Untracked 
|  12|0x0000000086400000, 0x0000000086400000, 0x0000000086500000|  0%| F|  |TAMS 0x0000000086400000, 0x0000000086400000| Untracked 
|  13|0x0000000086500000, 0x0000000086500000, 0x0000000086600000|  0%| F|  |TAMS 0x0000000086500000, 0x0000000086500000| Untracked 
|  14|0x0000000086600000, 0x0000000086600000, 0x0000000086700000|  0%| F|  |TAMS 0x0000000086600000, 0x0000000086600000| Untracked 
|  15|0x0000000086700000, 0x0000000086700000, 0x0000000086800000|  0%| F|  |TAMS 0x0000000086700000, 0x0000000086700000| Untracked 
|  16|0x0000000086800000, 0x0000000086800000, 0x0000000086900000|  0%| F|  |TAMS 0x0000000086800000, 0x0000000086800000| Untracked 
|  17|0x0000000086900000, 0x0000000086900000, 0x0000000086a00000|  0%| F|  |TAMS 0x0000000086900000, 0x0000000086900000| Untracked 
|  18|0x0000000086a00000, 0x0000000086a00000, 0x0000000086b00000|  0%| F|  |TAMS 0x0000000086a00000, 0x0000000086a00000| Untracked 
|  19|0x0000000086b00000, 0x0000000086b00000, 0x0000000086c00000|  0%| F|  |TAMS 0x0000000086b00000, 0x0000000086b00000| Untracked 
|  20|0x0000000086c00000, 0x0000000086c00000, 0x0000000086d00000|  0%| F|  |TAMS 0x0000000086c00000, 0x0000000086c00000| Untracked 
|  21|0x0000000086d00000, 0x0000000086d00000, 0x0000000086e00000|  0%| F|  |TAMS 0x0000000086d00000, 0x0000000086d00000| Untracked 
|  22|0x0000000086e00000, 0x0000000086e00000, 0x0000000086f00000|  0%| F|  |TAMS 0x0000000086e00000, 0x0000000086e00000| Untracked 
|  23|0x0000000086f00000, 0x0000000086f00000, 0x0000000087000000|  0%| F|  |TAMS 0x0000000086f00000, 0x0000000086f00000| Untracked 
|  24|0x0000000087000000, 0x0000000087000000, 0x0000000087100000|  0%| F|  |TAMS 0x0000000087000000, 0x0000000087000000| Untracked 
|  25|0x0000000087100000, 0x0000000087100000, 0x0000000087200000|  0%| F|  |TAMS 0x0000000087100000, 0x0000000087100000| Untracked 
|  26|0x0000000087200000, 0x0000000087200000, 0x0000000087300000|  0%| F|  |TAMS 0x0000000087200000, 0x0000000087200000| Untracked 
|  27|0x0000000087300000, 0x0000000087300000, 0x0000000087400000|  0%| F|  |TAMS 0x0000000087300000, 0x0000000087300000| Untracked 
|  28|0x0000000087400000, 0x0000000087400000, 0x0000000087500000|  0%| F|  |TAMS 0x0000000087400000, 0x0000000087400000| Untracked 
|  29|0x0000000087500000, 0x0000000087500000, 0x0000000087600000|  0%| F|  |TAMS 0x0000000087500000, 0x0000000087500000| Untracked 
|  30|0x0000000087600000, 0x0000000087600000, 0x0000000087700000|  0%| F|  |TAMS 0x0000000087600000, 0x0000000087600000| Untracked 
|  31|0x0000000087700000, 0x0000000087700000, 0x0000000087800000|  0%| F|  |TAMS 0x0000000087700000, 0x0000000087700000| Untracked 
|  32|0x0000000087800000, 0x0000000087900000, 0x0000000087900000|100%| E|  |TAMS 0x0000000087800000, 0x0000000087800000| Complete 
|  33|0x0000000087900000, 0x0000000087a00000, 0x0000000087a00000|100%| E|CS|TAMS 0x0000000087900000, 0x0000000087900000| Complete 
|  34|0x0000000087a00000, 0x0000000087b00000, 0x0000000087b00000|100%| E|CS|TAMS 0x0000000087a00000, 0x0000000087a00000| Complete 
|  35|0x0000000087b00000, 0x0000000087c00000, 0x0000000087c00000|100%| E|CS|TAMS 0x0000000087b00000, 0x0000000087b00000| Complete 
|  36|0x0000000087c00000, 0x0000000087d00000, 0x0000000087d00000|100%| E|CS|TAMS 0x0000000087c00000, 0x0000000087c00000| Complete 
|  37|0x0000000087d00000, 0x0000000087e00000, 0x0000000087e00000|100%| E|CS|TAMS 0x0000000087d00000, 0x0000000087d00000| Complete 
|  38|0x0000000087e00000, 0x0000000087f00000, 0x0000000087f00000|100%| E|CS|TAMS 0x0000000087e00000, 0x0000000087e00000| Complete 
|  39|0x0000000087f00000, 0x0000000088000000, 0x0000000088000000|100%| E|CS|TAMS 0x0000000087f00000, 0x0000000087f00000| Complete 
|  40|0x0000000088000000, 0x0000000088100000, 0x0000000088100000|100%| E|CS|TAMS 0x0000000088000000, 0x0000000088000000| Complete 
|  41|0x0000000088100000, 0x0000000088200000, 0x0000000088200000|100%| E|CS|TAMS 0x0000000088100000, 0x0000000088100000| Complete 
|  42|0x0000000088200000, 0x0000000088300000, 0x0000000088300000|100%| E|CS|TAMS 0x0000000088200000, 0x0000000088200000| Complete 
|  63|0x0000000089700000, 0x0000000089800000, 0x0000000089800000|100%| S|CS|TAMS 0x0000000089700000, 0x0000000089700000| Complete 
|  64|0x0000000089800000, 0x0000000089900000, 0x0000000089900000|100%| S|CS|TAMS 0x0000000089800000, 0x0000000089800000| Complete 
|  65|0x0000000089900000, 0x0000000089a00000, 0x0000000089a00000|100%| S|CS|TAMS 0x0000000089900000, 0x0000000089900000| Complete 
|  66|0x0000000089a00000, 0x0000000089b00000, 0x0000000089b00000|100%| S|CS|TAMS 0x0000000089a00000, 0x0000000089a00000| Complete 
|  67|0x0000000089b00000, 0x0000000089c00000, 0x0000000089c00000|100%| S|CS|TAMS 0x0000000089b00000, 0x0000000089b00000| Complete 
|  68|0x0000000089c00000, 0x0000000089d00000, 0x0000000089d00000|100%| S|CS|TAMS 0x0000000089c00000, 0x0000000089c00000| Complete 
|  69|0x0000000089d00000, 0x0000000089e00000, 0x0000000089e00000|100%| S|CS|TAMS 0x0000000089d00000, 0x0000000089d00000| Complete 
|  70|0x0000000089e00000, 0x0000000089f00000, 0x0000000089f00000|100%| S|CS|TAMS 0x0000000089e00000, 0x0000000089e00000| Complete 
|  71|0x0000000089f00000, 0x000000008a000000, 0x000000008a000000|100%| S|CS|TAMS 0x0000000089f00000, 0x0000000089f00000| Complete 
|  72|0x000000008a000000, 0x000000008a100000, 0x000000008a100000|100%| S|CS|TAMS 0x000000008a000000, 0x000000008a000000| Complete 
| 123|0x000000008d300000, 0x000000008d400000, 0x000000008d400000|100%| E|CS|TAMS 0x000000008d300000, 0x000000008d300000| Complete 

Card table byte_map: [0x000002b563110000,0x000002b5634f0000] _byte_map_base: 0x000002b562ce4000

Marking Bits (Prev, Next): (CMBitMap*) 0x000002b54e3044f0, (CMBitMap*) 0x000002b54e3044b0
 Prev Bits: [0x000002b565770000, 0x000002b567610000)
 Next Bits: [0x000002b5638d0000, 0x000002b565770000)

Polling page: 0x000002b54dfc0000

Metaspace:

Usage:
  Non-class:     19.55 MB used.
      Class:      3.36 MB used.
       Both:     22.91 MB used.

Virtual space:
  Non-class space:       64.00 MB reserved,      19.69 MB ( 31%) committed,  1 nodes.
      Class space:        1.00 GB reserved,       3.50 MB ( <1%) committed,  1 nodes.
             Both:        1.06 GB reserved,      23.19 MB (  2%) committed. 

Chunk freelists:
   Non-Class:  12.01 MB
       Class:  12.34 MB
        Both:  24.35 MB

MaxMetaspaceSize: unlimited
CompressedClassSpaceSize: 1.00 GB
Initial GC threshold: 21.00 MB
Current GC threshold: 35.12 MB
CDS: on
MetaspaceReclaimPolicy: balanced
 - commit_granule_bytes: 65536.
 - commit_granule_words: 8192.
 - virtual_space_node_default_size: 8388608.
 - enlarge_chunks_in_place: 1.
 - new_chunks_are_fully_committed: 0.
 - uncommit_free_chunks: 1.
 - use_allocation_guard: 0.
 - handle_deallocations: 1.


Internal statistics:

num_allocs_failed_limit: 3.
num_arena_births: 284.
num_arena_deaths: 0.
num_vsnodes_births: 2.
num_vsnodes_deaths: 0.
num_space_committed: 371.
num_space_uncommitted: 0.
num_chunks_returned_to_freelist: 3.
num_chunks_taken_from_freelist: 1087.
num_chunk_merges: 3.
num_chunk_splits: 762.
num_chunks_enlarged: 576.
num_inconsistent_stats: 0.

CodeHeap 'non-profiled nmethods': size=120000Kb used=2254Kb max_used=2254Kb free=117745Kb
 bounds [0x000002b55ab70000, 0x000002b55ade0000, 0x000002b5620a0000]
CodeHeap 'profiled nmethods': size=120000Kb used=9852Kb max_used=9852Kb free=110147Kb
 bounds [0x000002b5530a0000, 0x000002b553a40000, 0x000002b55a5d0000]
CodeHeap 'non-nmethods': size=5760Kb used=1486Kb max_used=1532Kb free=4273Kb
 bounds [0x000002b55a5d0000, 0x000002b55a840000, 0x000002b55ab70000]
 total_blobs=5487 nmethods=4621 adapters=776
 compilation: enabled
              stopped_count=0, restarted_count=0
 full_count=0

Compilation events (20 events):
Event: 136.032 Thread 0x000002b569ee4a60 nmethod 4609 0x000002b553a34110 code [0x000002b553a34500, 0x000002b553a35e68]
Event: 136.032 Thread 0x000002b569ee4a60 4619       3       com.sun.javafx.tk.quantum.QuantumToolkit::postPulse (133 bytes)
Event: 137.036 Thread 0x000002b569ee4a60 nmethod 4619 0x000002b553a36890 code [0x000002b553a36c20, 0x000002b553a38148]
Event: 137.036 Thread 0x000002b569ee4a60 4620       3       com.sun.javafx.tk.quantum.QuantumToolkit$$Lambda$92/0x000002b50103af38::run (8 bytes)
Event: 137.037 Thread 0x000002b569ee4a60 nmethod 4620 0x000002b553a38910 code [0x000002b553a38b00, 0x000002b553a38ea8]
Event: 137.037 Thread 0x000002b569ee4a60 4610       3       com.sun.marlin.RendererContext::dispose (98 bytes)
Event: 137.037 Thread 0x000002b569ee4a60 nmethod 4610 0x000002b553a39090 code [0x000002b553a39240, 0x000002b553a394b8]
Event: 137.037 Thread 0x000002b569ee4a60 4611       3       com.sun.prism.impl.BaseContext::validateMaskTexture (274 bytes)
Event: 137.039 Thread 0x000002b569ee4a60 nmethod 4611 0x000002b553a39610 code [0x000002b553a398e0, 0x000002b553a3aaf8]
Event: 137.039 Thread 0x000002b569ee4a60 4603       3       com.sun.marlin.TransformingPathConsumer2D$PathClipFilter::closePath (66 bytes)
Event: 137.040 Thread 0x000002b569ee4a60 nmethod 4603 0x000002b553a3b090 code [0x000002b553a3b240, 0x000002b553a3b4f8]
Event: 137.040 Thread 0x000002b569ee4a60 4604       3       com.sun.marlin.TransformingPathConsumer2D$PathClipFilter::pathDone (23 bytes)
Event: 137.040 Thread 0x000002b569ee4a60 nmethod 4604 0x000002b553a3b610 code [0x000002b553a3b7e0, 0x000002b553a3ba88]
Event: 137.040 Thread 0x000002b569ee4a60 4605       3       com.sun.marlin.TransformingPathConsumer2D$PathClipFilter::dispose (8 bytes)
Event: 137.040 Thread 0x000002b569ee4a60 nmethod 4605 0x000002b553a3bc10 code [0x000002b553a3bdc0, 0x000002b553a3bf08]
Event: 137.040 Thread 0x000002b569ee4a60 4606       3       com.sun.marlin.Helpers$IndexStack::dispose (68 bytes)
Event: 137.041 Thread 0x000002b569ee4a60 nmethod 4606 0x000002b553a3c010 code [0x000002b553a3c1c0, 0x000002b553a3c4e8]
Event: 137.042 Thread 0x000002b569ee4a60 4623       3       java.lang.String::indexOf (29 bytes)
Event: 137.043 Thread 0x000002b569ee4a60 nmethod 4623 0x000002b553a3c610 code [0x000002b553a3c7e0, 0x000002b553a3ca78]
Event: 137.043 Thread 0x000002b569ee4a60 4626       3       java.lang.invoke.InvokerBytecodeGenerator::isStaticallyNameable (148 bytes)

GC Heap History (6 events):
Event: 0.768 GC heap before
{Heap before GC invocations=0 (full 0):
 garbage-first heap   total 126976K, used 22528K [0x0000000085800000, 0x0000000100000000)
  region size 1024K, 23 young (23552K), 0 survivors (0K)
 Metaspace       used 6106K, committed 6208K, reserved 1114112K
  class space    used 735K, committed 768K, reserved 1048576K
}
Event: 0.772 GC heap after
{Heap after GC invocations=1 (full 0):
 garbage-first heap   total 126976K, used 3419K [0x0000000085800000, 0x0000000100000000)
  region size 1024K, 3 young (3072K), 3 survivors (3072K)
 Metaspace       used 6106K, committed 6208K, reserved 1114112K
  class space    used 735K, committed 768K, reserved 1048576K
}
Event: 1.416 GC heap before
{Heap before GC invocations=1 (full 0):
 garbage-first heap   total 126976K, used 34139K [0x0000000085800000, 0x0000000100000000)
  region size 1024K, 34 young (34816K), 3 survivors (3072K)
 Metaspace       used 15007K, committed 15232K, reserved 1114112K
  class space    used 2034K, committed 2176K, reserved 1048576K
}
Event: 1.427 GC heap after
{Heap after GC invocations=2 (full 0):
 garbage-first heap   total 126976K, used 8652K [0x0000000085800000, 0x0000000100000000)
  region size 1024K, 5 young (5120K), 5 survivors (5120K)
 Metaspace       used 15007K, committed 15232K, reserved 1114112K
  class space    used 2034K, committed 2176K, reserved 1048576K
}
Event: 2.540 GC heap before
{Heap before GC invocations=2 (full 0):
 garbage-first heap   total 126976K, used 53708K [0x0000000085800000, 0x0000000100000000)
  region size 1024K, 51 young (52224K), 5 survivors (5120K)
 Metaspace       used 21239K, committed 21504K, reserved 1114112K
  class space    used 3222K, committed 3392K, reserved 1048576K
}
Event: 2.554 GC heap after
{Heap after GC invocations=3 (full 0):
 garbage-first heap   total 126976K, used 14767K [0x0000000085800000, 0x0000000100000000)
  region size 1024K, 10 young (10240K), 10 survivors (10240K)
 Metaspace       used 21239K, committed 21504K, reserved 1114112K
  class space    used 3222K, committed 3392K, reserved 1048576K
}

Dll operation events (2 events):
Event: 0.005 Loaded shared library C:\Users\Admin\.jdks\jbr-17.0.14\bin\java.dll
Event: 0.016 Loaded shared library C:\Users\Admin\.jdks\jbr-17.0.14\bin\jsvml.dll

Deoptimization events (20 events):
Event: 47.633 Thread 0x000002b56f05a8d0 DEOPT PACKING pc=0x000002b553972be9 sp=0x000000c8538fd470
Event: 47.633 Thread 0x000002b56f05a8d0 DEOPT UNPACKING pc=0x000002b55a627143 sp=0x000000c8538fc8c0 mode 0
Event: 50.647 Thread 0x000002b56f05a8d0 DEOPT PACKING pc=0x000002b553972b7c sp=0x000000c8538fbf70
Event: 50.647 Thread 0x000002b56f05a8d0 DEOPT UNPACKING pc=0x000002b55a627143 sp=0x000000c8538fb3c0 mode 0
Event: 50.706 Thread 0x000002b56f05a8d0 DEOPT PACKING pc=0x000002b553972be9 sp=0x000000c8538fbb10
Event: 50.706 Thread 0x000002b56f05a8d0 DEOPT UNPACKING pc=0x000002b55a627143 sp=0x000000c8538faf60 mode 0
Event: 50.707 Thread 0x000002b56f05a8d0 DEOPT PACKING pc=0x000002b553972b7c sp=0x000000c8538fbf70
Event: 50.707 Thread 0x000002b56f05a8d0 DEOPT UNPACKING pc=0x000002b55a627143 sp=0x000000c8538fb3c0 mode 0
Event: 51.112 Thread 0x000002b56f5268f0 Uncommon trap: trap_request=0xffffff6e fr.pc=0x000002b55ad98ff4 relative=0x00000000000001f4
Event: 51.112 Thread 0x000002b56f5268f0 Uncommon trap: reason=loop_limit_check action=maybe_recompile pc=0x000002b55ad98ff4 method=javafx.scene.Parent.pickChildrenNode(Lcom/sun/javafx/geom/PickRay;Lcom/sun/javafx/scene/input/PickResultChooser;)Z @ 17 c2
Event: 51.112 Thread 0x000002b56f5268f0 DEOPT PACKING pc=0x000002b55ad98ff4 sp=0x000000c8539fdde0
Event: 51.112 Thread 0x000002b56f5268f0 DEOPT UNPACKING pc=0x000002b55a6269a3 sp=0x000000c8539fdb90 mode 2
Event: 133.984 Thread 0x000002b5703a63d0 Uncommon trap: trap_request=0xffffff45 fr.pc=0x000002b55ada189c relative=0x00000000000004bc
Event: 133.984 Thread 0x000002b5703a63d0 Uncommon trap: reason=unstable_if action=reinterpret pc=0x000002b55ada189c method=com.sun.javafx.tk.quantum.QuantumToolkit.postPulse()V @ 88 c2
Event: 133.984 Thread 0x000002b5703a63d0 DEOPT PACKING pc=0x000002b55ada189c sp=0x000000c8549ff550
Event: 133.984 Thread 0x000002b5703a63d0 DEOPT UNPACKING pc=0x000002b55a6269a3 sp=0x000000c8549ff478 mode 2
Event: 134.000 Thread 0x000002b5703a63d0 Uncommon trap: trap_request=0xffffff45 fr.pc=0x000002b55ada0d94 relative=0x00000000000004b4
Event: 134.000 Thread 0x000002b5703a63d0 Uncommon trap: reason=unstable_if action=reinterpret pc=0x000002b55ada0d94 method=com.sun.javafx.tk.quantum.QuantumToolkit.postPulse()V @ 88 c2
Event: 134.000 Thread 0x000002b5703a63d0 DEOPT PACKING pc=0x000002b55ada0d94 sp=0x000000c8549ff490
Event: 134.000 Thread 0x000002b5703a63d0 DEOPT UNPACKING pc=0x000002b55a6269a3 sp=0x000000c8549ff468 mode 2

Classes loaded (20 events):
Event: 2.688 Loading class java/nio/FloatBuffer
Event: 2.688 Loading class java/nio/FloatBuffer done
Event: 2.688 Loading class java/nio/DoubleBuffer
Event: 2.688 Loading class java/nio/DoubleBuffer done
Event: 2.689 Loading class java/nio/DirectFloatBufferU
Event: 2.689 Loading class java/nio/DirectFloatBufferU done
Event: 2.700 Loading class java/util/concurrent/ConcurrentLinkedQueue
Event: 2.700 Loading class java/util/concurrent/ConcurrentLinkedQueue done
Event: 2.700 Loading class java/util/concurrent/ConcurrentLinkedQueue$Node
Event: 2.700 Loading class java/util/concurrent/ConcurrentLinkedQueue$Node done
Event: 2.702 Loading class jdk/internal/ref/CleanerImpl$InnocuousThreadFactory
Event: 2.702 Loading class jdk/internal/ref/CleanerImpl$InnocuousThreadFactory done
Event: 2.712 Loading class sun/misc/Unsafe
Event: 2.712 Loading class sun/misc/Unsafe done
Event: 2.713 Loading class jdk/internal/reflect/UnsafeQualifiedStaticObjectFieldAccessorImpl
Event: 2.713 Loading class jdk/internal/reflect/UnsafeQualifiedStaticFieldAccessorImpl
Event: 2.713 Loading class jdk/internal/reflect/UnsafeQualifiedStaticFieldAccessorImpl done
Event: 2.713 Loading class jdk/internal/reflect/UnsafeQualifiedStaticObjectFieldAccessorImpl done
Event: 2.866 Loading class java/lang/FdLibm$Cbrt
Event: 2.866 Loading class java/lang/FdLibm$Cbrt done

Classes unloaded (0 events):
No events

Classes redefined (0 events):
No events

Internal exceptions (20 events):
Event: 1.710 Thread 0x000002b56f5268f0 Exception <a 'java/lang/NoSuchMethodError'{0x000000008c6f2d48}: 'void java.lang.invoke.DirectMethodHandle$Holder.invokeSpecial(java.lang.Object, java.lang.Object, java.lang.Object, java.lang.Object, java.lang.Object, java.lang.Object)'> (0x000000008c6f2d48) 
thrown [s\src\hotspot\share\interpreter\linkResolver.cpp, line 771]
Event: 1.767 Thread 0x000002b56f5268f0 Exception <a 'java/lang/NoSuchMethodError'{0x000000008c06def8}: 'int java.lang.invoke.DirectMethodHandle$Holder.invokeSpecial(java.lang.Object, java.lang.Object, int)'> (0x000000008c06def8) 
thrown [s\src\hotspot\share\interpreter\linkResolver.cpp, line 771]
Event: 2.027 Thread 0x000002b56f5268f0 Exception <a 'java/io/FileNotFoundException'{0x000000008b269708}> (0x000000008b269708) 
thrown [s\src\hotspot\share\prims\jni.cpp, line 531]
Event: 2.264 Thread 0x000002b56f5268f0 Exception <a 'java/io/FileNotFoundException'{0x000000008ac684e8}> (0x000000008ac684e8) 
thrown [s\src\hotspot\share\prims\jni.cpp, line 531]
Event: 2.264 Thread 0x000002b56f5268f0 Exception <a 'java/io/FileNotFoundException'{0x000000008ac6a018}> (0x000000008ac6a018) 
thrown [s\src\hotspot\share\prims\jni.cpp, line 531]
Event: 2.270 Thread 0x000002b56f5268f0 Exception <a 'java/io/FileNotFoundException'{0x000000008ac70690}> (0x000000008ac70690) 
thrown [s\src\hotspot\share\prims\jni.cpp, line 531]
Event: 2.270 Thread 0x000002b56f5268f0 Exception <a 'java/io/FileNotFoundException'{0x000000008ac721b8}> (0x000000008ac721b8) 
thrown [s\src\hotspot\share\prims\jni.cpp, line 531]
Event: 2.306 Thread 0x000002b56f5268f0 Exception <a 'java/io/FileNotFoundException'{0x000000008ab92318}> (0x000000008ab92318) 
thrown [s\src\hotspot\share\prims\jni.cpp, line 531]
Event: 2.306 Thread 0x000002b56f5268f0 Exception <a 'java/io/FileNotFoundException'{0x000000008ab93e48}> (0x000000008ab93e48) 
thrown [s\src\hotspot\share\prims\jni.cpp, line 531]
Event: 2.306 Thread 0x000002b56f5268f0 Exception <a 'java/io/FileNotFoundException'{0x000000008ab95990}> (0x000000008ab95990) 
thrown [s\src\hotspot\share\prims\jni.cpp, line 531]
Event: 2.307 Thread 0x000002b56f5268f0 Exception <a 'java/io/FileNotFoundException'{0x000000008ab974b8}> (0x000000008ab974b8) 
thrown [s\src\hotspot\share\prims\jni.cpp, line 531]
Event: 2.367 Thread 0x000002b56f5268f0 Exception <a 'java/lang/NoSuchMethodError'{0x000000008a714248}: 'java.lang.Object java.lang.invoke.DirectMethodHandle$Holder.invokeSpecial(java.lang.Object, java.lang.Object, long, java.lang.Object)'> (0x000000008a714248) 
thrown [s\src\hotspot\share\interpreter\linkResolver.cpp, line 771]
Event: 2.441 Thread 0x000002b56f5268f0 Exception <a 'java/lang/NoSuchMethodError'{0x000000008a314ef8}: 'java.lang.Object java.lang.invoke.DirectMethodHandle$Holder.newInvokeSpecial(java.lang.Object, java.lang.Object, int)'> (0x000000008a314ef8) 
thrown [s\src\hotspot\share\interpreter\linkResolver.cpp, line 771]
Event: 2.620 Thread 0x000002b56f05a8d0 Exception <a 'java/lang/NoSuchMethodError'{0x00000000882c9fc8}: 'int java.lang.invoke.DirectMethodHandle$Holder.invokeStaticInit(java.lang.Object, java.lang.Object)'> (0x00000000882c9fc8) 
thrown [s\src\hotspot\share\interpreter\linkResolver.cpp, line 771]
Event: 2.967 Thread 0x000002b56f05a8d0 Exception <a 'java/lang/NoSuchMethodError'{0x0000000087d90020}: 'java.lang.Object java.lang.invoke.DirectMethodHandle$Holder.invokeStaticInit(java.lang.Object, int)'> (0x0000000087d90020) 
thrown [s\src\hotspot\share\interpreter\linkResolver.cpp, line 771]
Event: 42.819 Thread 0x000002b56f5268f0 Exception <a 'java/lang/NoSuchMethodError'{0x0000000087b002f8}: 'long java.lang.invoke.DirectMethodHandle$Holder.invokeStatic(java.lang.Object, java.lang.Object, java.lang.Object)'> (0x0000000087b002f8) 
thrown [s\src\hotspot\share\interpreter\linkResolver.cpp, line 771]
Event: 42.820 Thread 0x000002b56f5268f0 Exception <a 'java/lang/NoSuchMethodError'{0x0000000087b03aa0}: 'long java.lang.invoke.DirectMethodHandle$Holder.invokeStaticInit(java.lang.Object, java.lang.Object, java.lang.Object)'> (0x0000000087b03aa0) 
thrown [s\src\hotspot\share\interpreter\linkResolver.cpp, line 771]
Event: 42.822 Thread 0x000002b56f5268f0 Exception <a 'java/lang/NoSuchMethodError'{0x0000000087b1b620}: 'java.lang.Object java.lang.invoke.DirectMethodHandle$Holder.newInvokeSpecial(java.lang.Object, java.lang.Object, long)'> (0x0000000087b1b620) 
thrown [s\src\hotspot\share\interpreter\linkResolver.cpp, line 771]
Event: 42.823 Thread 0x000002b56f5268f0 Exception <a 'java/lang/NoSuchMethodError'{0x0000000087b1f190}: 'java.lang.Object java.lang.invoke.Invokers$Holder.linkToTargetMethod(java.lang.Object, long, java.lang.Object)'> (0x0000000087b1f190) 
thrown [s\src\hotspot\share\interpreter\linkResolver.cpp, line 771]
Event: 137.042 Thread 0x000002b56f5268f0 Exception <a 'java/lang/NoSuchMethodError'{0x000000008786c1a0}: 'java.lang.Object java.lang.invoke.DirectMethodHandle$Holder.newInvokeSpecial(java.lang.Object, java.lang.Object, java.lang.Object, double, double, double, double, int, int, int, int, int, int, int, int, int)'> (0x000000008786c1a0) 
thrown [s\src\hotspot\share\interpreter\linkResolver.cpp, line 771]

VM Operations (20 events):
Event: 48.444 Executing VM operation: Cleanup
Event: 48.444 Executing VM operation: Cleanup done
Event: 49.444 Executing VM operation: Cleanup
Event: 49.444 Executing VM operation: Cleanup done
Event: 50.445 Executing VM operation: Cleanup
Event: 50.445 Executing VM operation: Cleanup done
Event: 51.445 Executing VM operation: Cleanup
Event: 51.446 Executing VM operation: Cleanup done
Event: 53.447 Executing VM operation: Cleanup
Event: 53.447 Executing VM operation: Cleanup done
Event: 54.447 Executing VM operation: Cleanup
Event: 54.447 Executing VM operation: Cleanup done
Event: 55.447 Executing VM operation: Cleanup
Event: 55.447 Executing VM operation: Cleanup done
Event: 60.225 Executing VM operation: HandshakeAllThreads
Event: 60.225 Executing VM operation: HandshakeAllThreads done
Event: 134.954 Executing VM operation: Cleanup
Event: 134.954 Executing VM operation: Cleanup done
Event: 136.955 Executing VM operation: Cleanup
Event: 136.955 Executing VM operation: Cleanup done

Memory protections (0 events):
No events

Nmethod flushes (0 events):
No events

Events (20 events):
Event: 0.452 Thread 0x000002b54e2a6a70 Thread added: 0x000002b56f778ff0
Event: 0.455 Thread 0x000002b54e2a6a70 Thread added: 0x000002b56f5268f0
Event: 0.632 Thread 0x000002b54e2a6a70 Thread added: 0x000002b5703a5ef0
Event: 0.640 Thread 0x000002b5703a63d0 Thread added: 0x000002b5703a63d0
Event: 0.668 Loaded shared library C:\Users\Admin\.jdks\jbr-17.0.14\bin\jimage.dll
Event: 0.685 Thread 0x000002b569ee4a60 Thread added: 0x000002b5703d36f0
Event: 0.763 Thread 0x000002b56f5268f0 Thread added: 0x000002b5704a5260
Event: 0.873 Loaded shared library C:\Users\Admin\.jdks\jbr-17.0.14\bin\extnet.dll
Event: 1.092 Loaded shared library C:\Users\Admin\.openjfx\cache\21.0.2+5\amd64\javafx_font.dll
Event: 1.638 Thread 0x000002b56f5268f0 Thread added: 0x000002b570bd73e0
Event: 2.302 Thread 0x000002b5703d36f0 Thread exited: 0x000002b5703d36f0
Event: 2.315 Thread 0x000002b569ee4a60 Thread added: 0x000002b5703d36f0
Event: 2.686 Thread 0x000002b5703d36f0 Thread exited: 0x000002b5703d36f0
Event: 2.702 Thread 0x000002b56f05a8d0 Thread added: 0x000002b575dba010
Event: 2.803 Thread 0x000002b569ee4a60 Thread added: 0x000002b575d61ad0
Event: 4.704 Thread 0x000002b575d61ad0 Thread exited: 0x000002b575d61ad0
Event: 43.075 Thread 0x000002b569ee4a60 Thread added: 0x000002b575d61ad0
Event: 43.216 Thread 0x000002b575d61ad0 Thread exited: 0x000002b575d61ad0
Event: 50.857 Thread 0x000002b569ee4a60 Thread added: 0x000002b56a66cee0
Event: 50.999 Thread 0x000002b56a66cee0 Thread exited: 0x000002b56a66cee0


Dynamic libraries:
0x00007ff784450000 - 0x00007ff78445a000 	C:\Users\Admin\.jdks\jbr-17.0.14\bin\java.exe
0x00007ff83db20000 - 0x00007ff83dd87000 	C:\WINDOWS\SYSTEM32\ntdll.dll
0x00007ff83ced0000 - 0x00007ff83cf99000 	C:\WINDOWS\System32\KERNEL32.DLL
0x00007ff83a8e0000 - 0x00007ff83acd4000 	C:\WINDOWS\System32\KERNELBASE.dll
0x00007ff83a420000 - 0x00007ff83a56b000 	C:\WINDOWS\System32\ucrtbase.dll
0x00007ff818780000 - 0x00007ff818797000 	C:\Users\Admin\.jdks\jbr-17.0.14\bin\jli.dll
0x00007ff8182a0000 - 0x00007ff8182bb000 	C:\Users\Admin\.jdks\jbr-17.0.14\bin\VCRUNTIME140.dll
0x00007ff83c950000 - 0x00007ff83cb15000 	C:\WINDOWS\System32\USER32.dll
0x00007ff83a3f0000 - 0x00007ff83a417000 	C:\WINDOWS\System32\win32u.dll
0x00007ff83d910000 - 0x00007ff83d93b000 	C:\WINDOWS\System32\GDI32.dll
0x00007ff83a7b0000 - 0x00007ff83a8db000 	C:\WINDOWS\System32\gdi32full.dll
0x00007ff83ace0000 - 0x00007ff83ad83000 	C:\WINDOWS\System32\msvcp_win.dll
0x00007ff817c40000 - 0x00007ff817ed3000 	C:\WINDOWS\WinSxS\amd64_microsoft.windows.common-controls_6595b64144ccf1df_6.0.26100.8115_none_3e075c82e3354f9c\COMCTL32.dll
0x00007ff83c0b0000 - 0x00007ff83c159000 	C:\WINDOWS\System32\msvcrt.dll
0x00007ff83d250000 - 0x00007ff83d282000 	C:\WINDOWS\System32\IMM32.DLL
0x00007ff828720000 - 0x00007ff82872c000 	C:\Users\Admin\.jdks\jbr-17.0.14\bin\vcruntime140_1.dll
0x00007ff818210000 - 0x00007ff81829d000 	C:\Users\Admin\.jdks\jbr-17.0.14\bin\msvcp140.dll
0x00007fff9f050000 - 0x00007fff9fcde000 	C:\Users\Admin\.jdks\jbr-17.0.14\bin\server\jvm.dll
0x00007ff83da10000 - 0x00007ff83dac6000 	C:\WINDOWS\System32\ADVAPI32.dll
0x00007ff83d680000 - 0x00007ff83d727000 	C:\WINDOWS\System32\sechost.dll
0x00007ff83cfa0000 - 0x00007ff83d0b8000 	C:\WINDOWS\System32\RPCRT4.dll
0x00007ff83cce0000 - 0x00007ff83cd60000 	C:\WINDOWS\System32\WS2_32.dll
0x00007ff835510000 - 0x00007ff835546000 	C:\WINDOWS\SYSTEM32\WINMM.dll
0x00007ff83a250000 - 0x00007ff83a2ae000 	C:\WINDOWS\SYSTEM32\POWRPROF.dll
0x00007ff827760000 - 0x00007ff82776b000 	C:\WINDOWS\SYSTEM32\VERSION.dll
0x00007ff83a230000 - 0x00007ff83a244000 	C:\WINDOWS\SYSTEM32\UMPDC.dll
0x00007ff839180000 - 0x00007ff83919b000 	C:\WINDOWS\SYSTEM32\kernel.appcore.dll
0x00007ff818770000 - 0x00007ff81877a000 	C:\Users\Admin\.jdks\jbr-17.0.14\bin\jimage.dll
0x00007ff838260000 - 0x00007ff8384a2000 	C:\WINDOWS\SYSTEM32\DBGHELP.DLL
0x00007ff83d290000 - 0x00007ff83d612000 	C:\WINDOWS\System32\combase.dll
0x00007ff83c870000 - 0x00007ff83c948000 	C:\WINDOWS\System32\OLEAUT32.dll
0x00007ff815b60000 - 0x00007ff815b9b000 	C:\WINDOWS\SYSTEM32\dbgcore.DLL
0x00007ff83af00000 - 0x00007ff83afa5000 	C:\WINDOWS\System32\bcryptPrimitives.dll
0x00007ff8181e0000 - 0x00007ff818205000 	C:\Users\Admin\.jdks\jbr-17.0.14\bin\java.dll
0x00007ffff39a0000 - 0x00007ffff3a77000 	C:\Users\Admin\.jdks\jbr-17.0.14\bin\jsvml.dll
0x00007ff83b940000 - 0x00007ff83c0a7000 	C:\WINDOWS\System32\SHELL32.dll
0x00007ff83ad90000 - 0x00007ff83aefa000 	C:\WINDOWS\System32\wintypes.dll
0x00007ff83afb0000 - 0x00007ff83b818000 	C:\WINDOWS\System32\windows.storage.dll
0x00007ff83d0c0000 - 0x00007ff83d1b8000 	C:\WINDOWS\System32\SHCORE.dll
0x00007ff83b8b0000 - 0x00007ff83b916000 	C:\WINDOWS\System32\shlwapi.dll
0x00007ff83a310000 - 0x00007ff83a339000 	C:\WINDOWS\SYSTEM32\profapi.dll
0x00007ff8181a0000 - 0x00007ff8181b9000 	C:\Users\Admin\.jdks\jbr-17.0.14\bin\net.dll
0x00007ff834810000 - 0x00007ff83493d000 	C:\WINDOWS\SYSTEM32\WINHTTP.dll
0x00007ff8396f0000 - 0x00007ff83975c000 	C:\WINDOWS\system32\mswsock.dll
0x00007ff818180000 - 0x00007ff818196000 	C:\Users\Admin\.jdks\jbr-17.0.14\bin\nio.dll
0x00007ff8181c0000 - 0x00007ff8181d8000 	C:\Users\Admin\.jdks\jbr-17.0.14\bin\zip.dll
0x000002b54e380000 - 0x000002b54e383000 	C:\Users\Admin\.openjfx\cache\21.0.2+5\amd64\api-ms-win-core-console-l1-1-0.dll
0x000002b54e390000 - 0x000002b54e393000 	C:\Users\Admin\.openjfx\cache\21.0.2+5\amd64\api-ms-win-core-console-l1-2-0.dll
0x000002b54e3a0000 - 0x000002b54e3a3000 	C:\Users\Admin\.openjfx\cache\21.0.2+5\amd64\api-ms-win-core-datetime-l1-1-0.dll
0x000002b54e3b0000 - 0x000002b54e3b3000 	C:\Users\Admin\.openjfx\cache\21.0.2+5\amd64\api-ms-win-core-debug-l1-1-0.dll
0x000002b56a9a0000 - 0x000002b56a9a3000 	C:\Users\Admin\.openjfx\cache\21.0.2+5\amd64\api-ms-win-core-errorhandling-l1-1-0.dll
0x000002b56a9b0000 - 0x000002b56a9b4000 	C:\Users\Admin\.openjfx\cache\21.0.2+5\amd64\api-ms-win-core-file-l1-1-0.dll
0x000002b56a9c0000 - 0x000002b56a9c3000 	C:\Users\Admin\.openjfx\cache\21.0.2+5\amd64\api-ms-win-core-file-l1-2-0.dll
0x000002b56a9d0000 - 0x000002b56a9d3000 	C:\Users\Admin\.openjfx\cache\21.0.2+5\amd64\api-ms-win-core-file-l2-1-0.dll
0x000002b56a9e0000 - 0x000002b56a9e3000 	C:\Users\Admin\.openjfx\cache\21.0.2+5\amd64\api-ms-win-core-handle-l1-1-0.dll
0x000002b56a9f0000 - 0x000002b56a9f3000 	C:\Users\Admin\.openjfx\cache\21.0.2+5\amd64\api-ms-win-core-heap-l1-1-0.dll
0x000002b56aa00000 - 0x000002b56aa03000 	C:\Users\Admin\.openjfx\cache\21.0.2+5\amd64\api-ms-win-core-interlocked-l1-1-0.dll
0x000002b56aa10000 - 0x000002b56aa13000 	C:\Users\Admin\.openjfx\cache\21.0.2+5\amd64\api-ms-win-core-libraryloader-l1-1-0.dll
0x000002b56aa20000 - 0x000002b56aa23000 	C:\Users\Admin\.openjfx\cache\21.0.2+5\amd64\api-ms-win-core-localization-l1-2-0.dll
0x000002b56aa30000 - 0x000002b56aa33000 	C:\Users\Admin\.openjfx\cache\21.0.2+5\amd64\api-ms-win-core-memory-l1-1-0.dll
0x000002b56aa40000 - 0x000002b56aa43000 	C:\Users\Admin\.openjfx\cache\21.0.2+5\amd64\api-ms-win-core-namedpipe-l1-1-0.dll
0x000002b56aa50000 - 0x000002b56aa53000 	C:\Users\Admin\.openjfx\cache\21.0.2+5\amd64\api-ms-win-core-processenvironment-l1-1-0.dll
0x000002b56aa60000 - 0x000002b56aa63000 	C:\Users\Admin\.openjfx\cache\21.0.2+5\amd64\api-ms-win-core-processthreads-l1-1-0.dll
0x000002b56aa70000 - 0x000002b56aa73000 	C:\Users\Admin\.openjfx\cache\21.0.2+5\amd64\api-ms-win-core-processthreads-l1-1-1.dll
0x000002b56aa80000 - 0x000002b56aa83000 	C:\Users\Admin\.openjfx\cache\21.0.2+5\amd64\api-ms-win-core-profile-l1-1-0.dll
0x000002b56aa90000 - 0x000002b56aa93000 	C:\Users\Admin\.openjfx\cache\21.0.2+5\amd64\api-ms-win-core-rtlsupport-l1-1-0.dll
0x000002b56aaa0000 - 0x000002b56aaa3000 	C:\Users\Admin\.openjfx\cache\21.0.2+5\amd64\api-ms-win-core-string-l1-1-0.dll
0x000002b56aab0000 - 0x000002b56aab3000 	C:\Users\Admin\.openjfx\cache\21.0.2+5\amd64\api-ms-win-core-synch-l1-1-0.dll
0x000002b56aac0000 - 0x000002b56aac3000 	C:\Users\Admin\.openjfx\cache\21.0.2+5\amd64\api-ms-win-core-synch-l1-2-0.dll
0x000002b56aad0000 - 0x000002b56aad3000 	C:\Users\Admin\.openjfx\cache\21.0.2+5\amd64\api-ms-win-core-sysinfo-l1-1-0.dll
0x000002b56aae0000 - 0x000002b56aae3000 	C:\Users\Admin\.openjfx\cache\21.0.2+5\amd64\api-ms-win-core-timezone-l1-1-0.dll
0x000002b56aaf0000 - 0x000002b56aaf3000 	C:\Users\Admin\.openjfx\cache\21.0.2+5\amd64\api-ms-win-core-util-l1-1-0.dll
0x000002b56ab00000 - 0x000002b56ab03000 	C:\Users\Admin\.openjfx\cache\21.0.2+5\amd64\api-ms-win-crt-conio-l1-1-0.dll
0x000002b56ab10000 - 0x000002b56ab14000 	C:\Users\Admin\.openjfx\cache\21.0.2+5\amd64\api-ms-win-crt-convert-l1-1-0.dll
0x000002b56ab20000 - 0x000002b56ab23000 	C:\Users\Admin\.openjfx\cache\21.0.2+5\amd64\api-ms-win-crt-environment-l1-1-0.dll
0x000002b56ab30000 - 0x000002b56ab33000 	C:\Users\Admin\.openjfx\cache\21.0.2+5\amd64\api-ms-win-crt-filesystem-l1-1-0.dll
0x000002b56ab40000 - 0x000002b56ab43000 	C:\Users\Admin\.openjfx\cache\21.0.2+5\amd64\api-ms-win-crt-heap-l1-1-0.dll
0x000002b56ab50000 - 0x000002b56ab53000 	C:\Users\Admin\.openjfx\cache\21.0.2+5\amd64\api-ms-win-crt-locale-l1-1-0.dll
0x000002b56ab60000 - 0x000002b56ab65000 	C:\Users\Admin\.openjfx\cache\21.0.2+5\amd64\api-ms-win-crt-math-l1-1-0.dll
0x000002b56ab70000 - 0x000002b56ab75000 	C:\Users\Admin\.openjfx\cache\21.0.2+5\amd64\api-ms-win-crt-multibyte-l1-1-0.dll
0x000002b56ab80000 - 0x000002b56ab90000 	C:\Users\Admin\.openjfx\cache\21.0.2+5\amd64\api-ms-win-crt-private-l1-1-0.dll
0x000002b56ab90000 - 0x000002b56ab93000 	C:\Users\Admin\.openjfx\cache\21.0.2+5\amd64\api-ms-win-crt-process-l1-1-0.dll
0x000002b56aba0000 - 0x000002b56aba4000 	C:\Users\Admin\.openjfx\cache\21.0.2+5\amd64\api-ms-win-crt-runtime-l1-1-0.dll
0x000002b56abb0000 - 0x000002b56abb4000 	C:\Users\Admin\.openjfx\cache\21.0.2+5\amd64\api-ms-win-crt-stdio-l1-1-0.dll
0x000002b56abc0000 - 0x000002b56abc4000 	C:\Users\Admin\.openjfx\cache\21.0.2+5\amd64\api-ms-win-crt-string-l1-1-0.dll
0x000002b56abd0000 - 0x000002b56abd3000 	C:\Users\Admin\.openjfx\cache\21.0.2+5\amd64\api-ms-win-crt-time-l1-1-0.dll
0x000002b56abe0000 - 0x000002b56abe3000 	C:\Users\Admin\.openjfx\cache\21.0.2+5\amd64\api-ms-win-crt-utility-l1-1-0.dll
0x00007fffbcf40000 - 0x00007fffbd03c000 	C:\Users\Admin\.openjfx\cache\21.0.2+5\amd64\ucrtbase.dll
0x00007ff8169b0000 - 0x00007ff8169cb000 	C:\Users\Admin\.openjfx\cache\21.0.2+5\amd64\vcruntime140.dll
0x00007ff8167d0000 - 0x00007ff8167dc000 	C:\Users\Admin\.openjfx\cache\21.0.2+5\amd64\vcruntime140_1.dll
0x00007fffbceb0000 - 0x00007fffbcf3e000 	C:\Users\Admin\.openjfx\cache\21.0.2+5\amd64\msvcp140.dll
0x00007ff815af0000 - 0x00007ff815af9000 	C:\Users\Admin\.openjfx\cache\21.0.2+5\amd64\msvcp140_1.dll
0x00007ffff4550000 - 0x00007ffff4591000 	C:\Users\Admin\.openjfx\cache\21.0.2+5\amd64\msvcp140_2.dll
0x00007ff814330000 - 0x00007ff814360000 	C:\Users\Admin\.openjfx\cache\21.0.2+5\amd64\prism_d3d.dll
0x00007fff94a20000 - 0x00007fff94bd2000 	C:\WINDOWS\system32\d3d9.dll
0x00007ff837ca0000 - 0x00007ff837ccf000 	C:\WINDOWS\SYSTEM32\dwmapi.dll
0x00007ff837ac0000 - 0x00007ff837b03000 	C:\WINDOWS\SYSTEM32\dxcore.dll
0x00007ff8379e0000 - 0x00007ff837a89000 	C:\WINDOWS\system32\uxtheme.dll
0x00007fffa0550000 - 0x00007fffa07ef000 	C:\WINDOWS\System32\DriverStore\FileRepository\iigd_dch.inf_amd64_c9b9aa9621425518\igdumdim64.dll
0x00007ff83c160000 - 0x00007ff83c2f7000 	C:\WINDOWS\System32\ole32.dll
0x00007fff74750000 - 0x00007fff763ea000 	C:\WINDOWS\System32\DriverStore\FileRepository\iigd_dch.inf_amd64_c9b9aa9621425518\igd9trinity64.dll
0x00007ff837b10000 - 0x00007ff837c51000 	C:\WINDOWS\system32\dxgi.dll
0x00007ff82eea0000 - 0x00007ff82f44b000 	C:\WINDOWS\System32\DriverStore\FileRepository\iigd_dch.inf_amd64_c9b9aa9621425518\igdgmm64.dll
0x00007ff829980000 - 0x00007ff82ec34000 	C:\WINDOWS\System32\DriverStore\FileRepository\iigd_dch.inf_amd64_c9b9aa9621425518\igc64.dll
0x00007ffff3950000 - 0x00007ffff399e000 	C:\WINDOWS\SYSTEM32\ControlLib.dll
0x00007ff839f80000 - 0x00007ff839fd1000 	C:\WINDOWS\SYSTEM32\CFGMGR32.dll
0x00007ffffd720000 - 0x00007ffffd7cf000 	C:\WINDOWS\System32\DriverStore\FileRepository\iigd_dch.inf_amd64_c9b9aa9621425518\IntelControlLib.dll
0x00007ff836ad0000 - 0x00007ff836d33000 	C:\WINDOWS\SYSTEM32\d3d11.dll
0x00007ff834db0000 - 0x00007ff834e11000 	C:\WINDOWS\SYSTEM32\directxdatabasehelper.dll
0x00007fff72fe0000 - 0x00007fff7474b000 	C:\WINDOWS\System32\DriverStore\FileRepository\iigd_dch.inf_amd64_c9b9aa9621425518\igd9dxva64.dll
0x00007ff83c340000 - 0x00007ff83c7c7000 	C:\WINDOWS\System32\SETUPAPI.dll
0x00007ff819ba0000 - 0x00007ff81bc73000 	C:\WINDOWS\System32\DriverStore\FileRepository\iigd_dch.inf_amd64_c9b9aa9621425518\media_bin_64.dll
0x00007fffed360000 - 0x00007fffed3a2000 	C:\Users\Admin\.openjfx\cache\21.0.2+5\amd64\glass.dll
0x00007ff83cbe0000 - 0x00007ff83cccf000 	C:\WINDOWS\System32\COMDLG32.dll
0x00007ff83cd70000 - 0x00007ff83cecc000 	C:\WINDOWS\System32\MSCTF.dll
0x00007fff9eea0000 - 0x00007fff9f041000 	C:\WINDOWS\System32\DriverStore\FileRepository\iigd_dch.inf_amd64_c9b9aa9621425518\igdml64.dll
0x00007ff8200b0000 - 0x00007ff8200d8000 	C:\WINDOWS\System32\DriverStore\FileRepository\iigd_dch.inf_amd64_c9b9aa9621425518\igdinfo64.dll
0x00007ff838bc0000 - 0x00007ff838cf2000 	C:\WINDOWS\SYSTEM32\DNSAPI.dll
0x00007ff838b80000 - 0x00007ff838bb2000 	C:\WINDOWS\SYSTEM32\IPHLPAPI.DLL
0x00007ff83c300000 - 0x00007ff83c30a000 	C:\WINDOWS\System32\NSI.dll
0x00007ff831580000 - 0x00007ff83158b000 	C:\Windows\System32\rasadhlp.dll
0x00007ff834b80000 - 0x00007ff834c06000 	C:\WINDOWS\System32\fwpuclnt.dll
0x00007ff803bb0000 - 0x00007ff803bb9000 	C:\Users\Admin\.jdks\jbr-17.0.14\bin\extnet.dll
0x00007fffce7a0000 - 0x00007fffce7b4000 	C:\Users\Admin\.openjfx\cache\21.0.2+5\amd64\javafx_font.dll
0x00007ff8361e0000 - 0x00007ff836447000 	C:\WINDOWS\SYSTEM32\dwrite.dll
0x00007ff83cb20000 - 0x00007ff83cbce000 	C:\WINDOWS\System32\clbcatq.dll
0x00007ff835a50000 - 0x00007ff835c7e000 	C:\WINDOWS\SYSTEM32\WindowsCodecs.dll
0x00007ffffded0000 - 0x00007ffffdf2a000 	C:\WINDOWS\system32\dataexchange.dll

dbghelp: loaded successfully - version: 4.0.5 - missing functions: none
symbol engine: initialized successfully - sym options: 0x614 - pdb path: .;C:\Users\Admin\.jdks\jbr-17.0.14\bin;C:\WINDOWS\SYSTEM32;C:\WINDOWS\WinSxS\amd64_microsoft.windows.common-controls_6595b64144ccf1df_6.0.26100.8115_none_3e075c82e3354f9c;C:\Users\Admin\.jdks\jbr-17.0.14\bin\server;C:\Users\Admin\.openjfx\cache\21.0.2+5\amd64;C:\WINDOWS\System32\DriverStore\FileRepository\iigd_dch.inf_amd64_c9b9aa9621425518;C:\Program Files\Common Files\Microsoft Shared\Ink

VM Arguments:
jvm_args: --module-path=C:\Users\Admin\.m2\repository\org\openjfx\javafx-base\21.0.2\javafx-base-21.0.2-win.jar;C:\Users\Admin\.m2\repository\org\openjfx\javafx-base\21.0.2\javafx-base-21.0.2.jar;C:\Users\Admin\.m2\repository\org\openjfx\javafx-controls\21.0.2\javafx-controls-21.0.2-win.jar;C:\Users\Admin\.m2\repository\org\openjfx\javafx-controls\21.0.2\javafx-controls-21.0.2.jar;C:\Users\Admin\.m2\repository\org\openjfx\javafx-fxml\21.0.2\javafx-fxml-21.0.2-win.jar;C:\Users\Admin\.m2\repository\org\openjfx\javafx-fxml\21.0.2\javafx-fxml-21.0.2.jar;C:\Users\Admin\.m2\repository\org\openjfx\javafx-graphics\21.0.2\javafx-graphics-21.0.2-win.jar;C:\Users\Admin\.m2\repository\org\openjfx\javafx-graphics\21.0.2\javafx-graphics-21.0.2.jar --add-modules=javafx.base,javafx.controls,javafx.fxml,javafx.graphics 
java_command: tests.Mainfx
java_class_path (initial): C:\Users\Admin\Desktop\projet11\projet11\target\classes;C:\Users\Admin\.m2\repository\ch\qos\logback\logback-classic\1.4.11\logback-classic-1.4.11.jar;C:\Users\Admin\.m2\repository\ch\qos\logback\logback-core\1.4.11\logback-core-1.4.11.jar;C:\Users\Admin\.m2\repository\com\google\protobuf\protobuf-java\3.21.9\protobuf-java-3.21.9.jar;C:\Users\Admin\.m2\repository\com\mysql\mysql-connector-j\8.0.33\mysql-connector-j-8.0.33.jar;C:\Users\Admin\.m2\repository\org\slf4j\slf4j-api\2.0.9\slf4j-api-2.0.9.jar
Launcher Type: SUN_STANDARD

[Global flags]
     intx CICompilerCount                          = 4                                         {product} {ergonomic}
     uint ConcGCThreads                            = 3                                         {product} {ergonomic}
     uint G1ConcRefinementThreads                  = 10                                        {product} {ergonomic}
   size_t G1HeapRegionSize                         = 1048576                                   {product} {ergonomic}
    uintx GCDrainStackTargetSize                   = 64                                        {product} {ergonomic}
   size_t InitialHeapSize                          = 130023424                                 {product} {ergonomic}
   size_t MarkStackSize                            = 4194304                                   {product} {ergonomic}
   size_t MaxHeapSize                              = 2055208960                                {product} {ergonomic}
   size_t MaxNewSize                               = 1233125376                                {product} {ergonomic}
   size_t MinHeapDeltaBytes                        = 1048576                                   {product} {ergonomic}
   size_t MinHeapSize                              = 8388608                                   {product} {ergonomic}
    uintx NonNMethodCodeHeapSize                   = 5839372                                {pd product} {ergonomic}
    uintx NonProfiledCodeHeapSize                  = 122909434                              {pd product} {ergonomic}
    uintx ProfiledCodeHeapSize                     = 122909434                              {pd product} {ergonomic}
    uintx ReservedCodeCacheSize                    = 251658240                              {pd product} {ergonomic}
     bool SegmentedCodeCache                       = true                                      {product} {ergonomic}
   size_t SoftMaxHeapSize                          = 2055208960                             {manageable} {ergonomic}
     bool UseCompressedClassPointers               = true                           {product lp64_product} {ergonomic}
     bool UseCompressedOops                        = true                           {product lp64_product} {ergonomic}
     bool UseG1GC                                  = true                                      {product} {ergonomic}
     bool UseLargePagesIndividualAllocation        = false                                  {pd product} {ergonomic}

Logging:
Log output configuration:
 #0: stdout all=warning uptime,level,tags
 #1: stderr all=off uptime,level,tags

Environment Variables:
JAVA_HOME=C:\Users\Admin\.jdks\jbr-17.0.14
PATH=C:\oraclexe\app\oracle\product\11.2.0\server\bin;C:\WINDOWS\system32;C:\WINDOWS;C:\WINDOWS\System32\Wbem;C:\WINDOWS\System32\WindowsPowerShell\v1.0\;C:\WINDOWS\System32\OpenSSH\;C:\ProgramData\chocolatey\bin;C:\Users\Admin\.jdks\jbr-17.0.14\bin;C:\Program Files\Git\cmd;C:\Users\Admin\AppData\Local\Microsoft\WindowsApps;;C:\Users\Admin\AppData\Local\Programs\Microsoft VS Code\bin;C:\Users\Admin\Desktop\IntelliJ IDEA 2026.1\bin
USERNAME=Admin
OS=Windows_NT
PROCESSOR_IDENTIFIER=Intel64 Family 6 Model 186 Stepping 3, GenuineIntel
TMP=C:\Users\Admin\AppData\Local\Temp
TEMP=C:\Users\Admin\AppData\Local\Temp



Periodic native trim disabled

JNI global refs:
JNI global refs: 33, weak refs: 1

JNI global refs memory usage: 843, weak refs: 841

Process memory usage:
Resident Set Size: 253524K (3% of 8023820K total physical memory with 467728K free physical memory)

OOME stack traces (most recent first):
Classloader memory used:
Loader jdk.internal.loader.ClassLoaders$AppClassLoader                                 : 2119K
Loader bootstrap                                                                       : 756K
Loader jdk.internal.loader.ClassLoaders$PlatformClassLoader                            : 48998B
Loader jdk.internal.reflect.DelegatingClassLoader                                      : 8520B
Loader com.sun.javafx.reflect.MethodUtil                                               : 510B


---------------  S Y S T E M  ---------------

OS:
 Windows 11 , 64 bit Build 26100 (10.0.26100.8246)
OS uptime: 0 days 5:53 hours

CPU: total 12 (initial active 12) (6 cores per cpu, 2 threads per core) family 6 model 186 stepping 3 microcode 0x4121, cx8, cmov, fxsr, ht, mmx, 3dnowpref, sse, sse2, sse3, ssse3, sse4.1, sse4.2, popcnt, lzcnt, tsc, tscinvbit, avx, avx2, aes, erms, clmul, bmi1, bmi2, adx, sha, fma, vzeroupper, clflush, clflushopt, clwb
Processor Information for processor 0
  Max Mhz: 1700, Current Mhz: 1700, Mhz Limit: 1700
Processor Information for processor 1
  Max Mhz: 1700, Current Mhz: 1457, Mhz Limit: 1700
Processor Information for processor 2
  Max Mhz: 1700, Current Mhz: 1700, Mhz Limit: 1700
Processor Information for processor 3
  Max Mhz: 1700, Current Mhz: 1457, Mhz Limit: 1700
Processor Information for processor 4
  Max Mhz: 1700, Current Mhz: 1200, Mhz Limit: 1190
Processor Information for processor 5
  Max Mhz: 1700, Current Mhz: 1200, Mhz Limit: 1190
Processor Information for processor 6
  Max Mhz: 1700, Current Mhz: 1200, Mhz Limit: 1190
Processor Information for processor 7
  Max Mhz: 1700, Current Mhz: 1200, Mhz Limit: 1190
Processor Information for processor 8
  Max Mhz: 1700, Current Mhz: 1200, Mhz Limit: 1190
Processor Information for processor 9
  Max Mhz: 1700, Current Mhz: 1200, Mhz Limit: 1190
Processor Information for processor 10
  Max Mhz: 1700, Current Mhz: 1200, Mhz Limit: 1190
Processor Information for processor 11
  Max Mhz: 1700, Current Mhz: 1200, Mhz Limit: 1190

Memory: 4k page, system-wide physical 7835M (444M free)
TotalPageFile size 16027M (AvailPageFile size 1M)
current process WorkingSet (physical memory assigned to process): 248M, peak: 271M
current process commit charge ("private bytes"): 332M, peak: 338M

vm_info: OpenJDK 64-Bit Server VM (17.0.14+1-b1367.22) for windows-amd64 JRE (17.0.14+1-b1367.22), built on 2025-01-30 by "builduser" with MS VC++ 16.10 / 16.11 (VS2019)

END.
