#
# There is insufficient memory for the Java Runtime Environment to continue.
# Native memory allocation (malloc) failed to allocate 422336 bytes. Error detail: Chunk::new
# Possible reasons:
#   The system is out of physical RAM or swap space
#   This process is running with CompressedOops enabled, and the Java Heap may be blocking the growth of the native heap
# Possible solutions:
#   Reduce memory load on the system
#   Increase physical memory or swap space
#   Check if swap backing store is full
#   Decrease Java heap size (-Xmx/-Xms)
#   Decrease number of Java threads
#   Decrease Java thread stack sizes (-Xss)
#   Set larger code cache with -XX:ReservedCodeCacheSize=
#   JVM is running with Unscaled Compressed Oops mode in which the Java heap is
#     placed in the first 4GB address space. The Java Heap base address is the
#     maximum limit for the native heap growth. Please use -XX:HeapBaseMinAddress
#     to set the Java Heap base and to place the Java Heap above 4GB virtual address.
# This output file may be truncated or incomplete.
#
#  Out of Memory Error (arena.cpp:191), pid=13236, tid=14340
#
# JRE version: OpenJDK Runtime Environment JBR-17.0.14+1-1367.22-nomod (17.0.14+1) (build 17.0.14+1-b1367.22)
# Java VM: OpenJDK 64-Bit Server VM JBR-17.0.14+1-1367.22-nomod (17.0.14+1-b1367.22, mixed mode, sharing, tiered, compressed oops, compressed class ptrs, g1 gc, windows-amd64)
# No core dump will be written. Minidumps are not enabled by default on client versions of Windows
#

---------------  S U M M A R Y ------------

Command Line: --enable-native-access=ALL-UNNAMED -Dclassworlds.conf=C:\Users\Admin\Desktop\IntelliJ IDEA 2026.1\plugins\maven\lib\maven3\bin\m2.conf -Dmaven.home=C:\Users\Admin\Desktop\IntelliJ IDEA 2026.1\plugins\maven\lib\maven3 -Dlibrary.jansi.path=C:\Users\Admin\Desktop\IntelliJ IDEA 2026.1\plugins\maven\lib\maven3\lib\jansi-native -Dmaven.multiModuleProjectDirectory=C:\Users\Admin\Desktop\projet11\projet11 org.codehaus.plexus.classworlds.launcher.Launcher clean compile javafx:run

Host: 13th Gen Intel(R) Core(TM) i7-1355U, 12 cores, 7G,  Windows 11 , 64 bit Build 26100 (10.0.26100.8246)
Time: Tue May 12 00:27:44 2026 Afr. centrale Ouest elapsed time: 15.202129 seconds (0d 0h 0m 15s)

---------------  T H R E A D  ---------------

Current thread (0x000001b66073b910):  JavaThread "C2 CompilerThread0" daemon [_thread_in_native, id=14340, stack(0x00000080d7700000,0x00000080d7800000)]


Current CompileTask:
C2:  15202 4868   !   4       org.apache.maven.model.Plugin::clone (204 bytes)

Stack: [0x00000080d7700000,0x00000080d7800000]
Native frames: (J=compiled Java code, j=interpreted, Vv=VM code, C=native code)
V  [jvm.dll+0x68b969]  os::platform_print_native_stack+0xd9  (os_windows_x86.cpp:235)
V  [jvm.dll+0x84572a]  VMError::report+0xc6a  (vmError.cpp:868)
V  [jvm.dll+0x8473ae]  VMError::report_and_die+0x78e  (vmError.cpp:1766)
V  [jvm.dll+0x847a13]  VMError::report_and_die+0x43  (vmError.cpp:1552)
V  [jvm.dll+0x24a83f]  report_vm_out_of_memory+0x8f  (debug.cpp:321)
V  [jvm.dll+0xaca04]  Chunk::operator new+0xb4  (arena.cpp:191)
V  [jvm.dll+0xad04c]  Arena::grow+0x3c  (arena.cpp:352)
V  [jvm.dll+0x2b1f9f]  PhaseIdealLoop::Dominators+0x8f  (domgraph.cpp:397)
V  [jvm.dll+0x591957]  PhaseIdealLoop::build_and_optimize+0x417  (loopnode.cpp:4073)
V  [jvm.dll+0x224b52]  PhaseIdealLoop::optimize+0x132  (loopnode.hpp:1155)
V  [jvm.dll+0x21da3d]  Compile::Optimize+0x9ed  (compile.cpp:2173)
V  [jvm.dll+0x21b561]  Compile::Compile+0xd51  (compile.cpp:791)
V  [jvm.dll+0x1a6acd]  C2Compiler::compile_method+0xad  (c2compiler.cpp:112)
V  [jvm.dll+0x22b58e]  CompileBroker::invoke_compiler_on_method+0x82e  (compileBroker.cpp:2366)
V  [jvm.dll+0x2296d5]  CompileBroker::compiler_thread_loop+0x405  (compileBroker.cpp:2027)
V  [jvm.dll+0x7f9637]  JavaThread::run+0x147  (thread.cpp:1299)
V  [jvm.dll+0x7f3a1c]  Thread::call_run+0x8c  (thread.cpp:405)
V  [jvm.dll+0x68a7c7]  thread_native_entry+0x77  (os_windows.cpp:551)
C  [ucrtbase.dll+0x37b0]
C  [KERNEL32.DLL+0x2e8d7]
C  [ntdll.dll+0x8c3fc]


---------------  P R O C E S S  ---------------

Threads class SMR info:
_java_thread_list=0x000001b660c82db0, length=14, elements={
0x000001b6464a9b30, 0x000001b660716fd0, 0x000001b6607178a0, 0x000001b6607340c0,
0x000001b6607369a0, 0x000001b660737270, 0x000001b6607386b0, 0x000001b66073b910,
0x000001b66073cd90, 0x000001b66073f120, 0x000001b660aee420, 0x000001b660b03a50,
0x000001b665d37f90, 0x000001b665903b00
}

Java Threads: ( => current thread )
  0x000001b6464a9b30 JavaThread "main" [_thread_blocked, id=13580, stack(0x00000080d6a00000,0x00000080d6b00000)]
  0x000001b660716fd0 JavaThread "Reference Handler" daemon [_thread_blocked, id=2044, stack(0x00000080d7100000,0x00000080d7200000)]
  0x000001b6607178a0 JavaThread "Finalizer" daemon [_thread_blocked, id=18584, stack(0x00000080d7200000,0x00000080d7300000)]
  0x000001b6607340c0 JavaThread "Signal Dispatcher" daemon [_thread_blocked, id=11068, stack(0x00000080d7300000,0x00000080d7400000)]
  0x000001b6607369a0 JavaThread "Attach Listener" daemon [_thread_blocked, id=11472, stack(0x00000080d7400000,0x00000080d7500000)]
  0x000001b660737270 JavaThread "Service Thread" daemon [_thread_blocked, id=9928, stack(0x00000080d7500000,0x00000080d7600000)]
  0x000001b6607386b0 JavaThread "Monitor Deflation Thread" daemon [_thread_blocked, id=16720, stack(0x00000080d7600000,0x00000080d7700000)]
=>0x000001b66073b910 JavaThread "C2 CompilerThread0" daemon [_thread_in_native, id=14340, stack(0x00000080d7700000,0x00000080d7800000)]
  0x000001b66073cd90 JavaThread "C1 CompilerThread0" daemon [_thread_blocked, id=10348, stack(0x00000080d7800000,0x00000080d7900000)]
  0x000001b66073f120 JavaThread "Sweeper thread" daemon [_thread_blocked, id=21412, stack(0x00000080d7900000,0x00000080d7a00000)]
  0x000001b660aee420 JavaThread "Notification Thread" daemon [_thread_blocked, id=7304, stack(0x00000080d7a00000,0x00000080d7b00000)]
  0x000001b660b03a50 JavaThread "Common-Cleaner" daemon [_thread_blocked, id=12568, stack(0x00000080d7c00000,0x00000080d7d00000)]
  0x000001b665d37f90 JavaThread "Thread-1" daemon [_thread_blocked, id=12588, stack(0x00000080d8700000,0x00000080d8800000)]
  0x000001b665903b00 JavaThread "C2 CompilerThread1" daemon [_thread_blocked, id=17716, stack(0x00000080d8a00000,0x00000080d8b00000)]

Other Threads:
  0x000001b660710100 VMThread "VM Thread" [stack: 0x00000080d7000000,0x00000080d7100000] [id=8728]
  0x000001b660aef520 WatcherThread [stack: 0x00000080d7b00000,0x00000080d7c00000] [id=7888]
  0x000001b646505c00 GCTaskThread "GC Thread#0" [stack: 0x00000080d6b00000,0x00000080d6c00000] [id=9940]
  0x000001b665b81340 GCTaskThread "GC Thread#1" [stack: 0x00000080d7f00000,0x00000080d8000000] [id=18928]
  0x000001b665b82100 GCTaskThread "GC Thread#2" [stack: 0x00000080d8000000,0x00000080d8100000] [id=20272]
  0x000001b665b81e40 GCTaskThread "GC Thread#3" [stack: 0x00000080d8100000,0x00000080d8200000] [id=20100]
  0x000001b665b823c0 GCTaskThread "GC Thread#4" [stack: 0x00000080d8200000,0x00000080d8300000] [id=12052]
  0x000001b665b81080 GCTaskThread "GC Thread#5" [stack: 0x00000080d8300000,0x00000080d8400000] [id=19776]
  0x000001b665b81600 GCTaskThread "GC Thread#6" [stack: 0x00000080d8400000,0x00000080d8500000] [id=1884]
  0x000001b665b82680 GCTaskThread "GC Thread#7" [stack: 0x00000080d8500000,0x00000080d8600000] [id=21136]
  0x000001b665b818c0 GCTaskThread "GC Thread#8" [stack: 0x00000080d8600000,0x00000080d8700000] [id=17972]
  0x000001b666752e40 GCTaskThread "GC Thread#9" [stack: 0x00000080d7d00000,0x00000080d7e00000] [id=20124]
  0x000001b646517e70 ConcurrentGCThread "G1 Main Marker" [stack: 0x00000080d6c00000,0x00000080d6d00000] [id=19484]
  0x000001b6465186a0 ConcurrentGCThread "G1 Conc#0" [stack: 0x00000080d6d00000,0x00000080d6e00000] [id=8776]
  0x000001b666754700 ConcurrentGCThread "G1 Conc#1" [stack: 0x00000080d7e00000,0x00000080d7f00000] [id=18896]
  0x000001b666753ec0 ConcurrentGCThread "G1 Conc#2" [stack: 0x00000080d8900000,0x00000080d8a00000] [id=7640]
  0x000001b64655e7a0 ConcurrentGCThread "G1 Refine#0" [stack: 0x00000080d6e00000,0x00000080d6f00000] [id=5028]
  0x000001b6605ca270 ConcurrentGCThread "G1 Service" [stack: 0x00000080d6f00000,0x00000080d7000000] [id=9332]

Threads with active compile tasks:
C2 CompilerThread0    20626 4868   !   4       org.apache.maven.model.Plugin::clone (204 bytes)
C1 CompilerThread0    20626 4924       3       org.eclipse.sisu.wire.DependencyAnalyzer::analyzeDependencies (76 bytes)
C2 CompilerThread1    20626 4888       4       java.util.Properties$LineReader::readLine (584 bytes)

VM state: at safepoint (normal execution)

VM Mutex/Monitor currently owned by a thread:  ([mutex/lock_event])
[0x000001b6441dd440] Threads_lock - owner thread: 0x000001b660710100
[0x000001b6464a6220] Heap_lock - owner thread: 0x000001b6464a9b30

Heap address: 0x0000000085800000, size: 1960 MB, Compressed Oops mode: 32-bit

CDS archive(s) mapped at: [0x000001b600000000-0x000001b600c00000-0x000001b600c00000), size 12582912, SharedBaseAddress: 0x000001b600000000, ArchiveRelocationMode: 1.
Compressed class space mapped at: 0x000001b601000000-0x000001b641000000, reserved size: 1073741824
Narrow klass base: 0x000001b600000000, Narrow klass shift: 0, Narrow klass range: 0x100000000

GC Precious Log:
 CPUs: 12 total, 12 available
 Memory: 7835M
 Large Page Support: Disabled
 NUMA Support: Disabled
 Compressed Oops: Enabled (32-bit)
 Heap Region Size: 1M
 Heap Min Capacity: 8M
 Heap Initial Capacity: 124M
 Heap Max Capacity: 1960M
 Pre-touch: Disabled
 Parallel Workers: 10
 Concurrent Workers: 3
 Concurrent Refinement Workers: 10
 Periodic GC: Disabled

Heap:
 garbage-first heap   total 45056K, used 15010K [0x0000000085800000, 0x0000000100000000)
  region size 1024K, 2 young (2048K), 2 survivors (2048K)
 Metaspace       used 25925K, committed 26304K, reserved 1114112K
  class space    used 3171K, committed 3328K, reserved 1048576K

Heap Regions: E=young(eden), S=young(survivor), O=old, HS=humongous(starts), HC=humongous(continues), CS=collection set, F=free, OA=open archive, CA=closed archive, TAMS=top-at-mark-start (previous, next)
|   0|0x0000000085800000, 0x0000000085900000, 0x0000000085900000|100%| O|  |TAMS 0x0000000085900000, 0x0000000085800000| Untracked 
|   1|0x0000000085900000, 0x0000000085a00000, 0x0000000085a00000|100%| O|  |TAMS 0x0000000085a00000, 0x0000000085900000| Untracked 
|   2|0x0000000085a00000, 0x0000000085b00000, 0x0000000085b00000|100%| O|  |TAMS 0x0000000085b00000, 0x0000000085a00000| Untracked 
|   3|0x0000000085b00000, 0x0000000085b00000, 0x0000000085c00000|  0%| F|  |TAMS 0x0000000085b00000, 0x0000000085b00000| Untracked 
|   4|0x0000000085c00000, 0x0000000085d00000, 0x0000000085d00000|100%| O|  |TAMS 0x0000000085c00000, 0x0000000085c00000| Untracked 
|   5|0x0000000085d00000, 0x0000000085e00000, 0x0000000085e00000|100%| O|  |TAMS 0x0000000085d00000, 0x0000000085d00000| Untracked 
|   6|0x0000000085e00000, 0x0000000085f00000, 0x0000000085f00000|100%| O|  |TAMS 0x0000000085e00000, 0x0000000085e00000| Untracked 
|   7|0x0000000085f00000, 0x0000000086000000, 0x0000000086000000|100%| O|  |TAMS 0x0000000085f00000, 0x0000000085f00000| Untracked 
|   8|0x0000000086000000, 0x0000000086100000, 0x0000000086100000|100%| O|  |TAMS 0x0000000086000000, 0x0000000086000000| Untracked 
|   9|0x0000000086100000, 0x0000000086200000, 0x0000000086200000|100%| O|  |TAMS 0x0000000086100000, 0x0000000086100000| Untracked 
|  10|0x0000000086200000, 0x0000000086300000, 0x0000000086300000|100%| O|  |TAMS 0x0000000086200000, 0x0000000086200000| Untracked 
|  11|0x0000000086300000, 0x0000000086400000, 0x0000000086400000|100%| O|  |TAMS 0x0000000086300000, 0x0000000086300000| Untracked 
|  12|0x0000000086400000, 0x0000000086500000, 0x0000000086500000|100%| O|  |TAMS 0x0000000086400000, 0x0000000086400000| Untracked 
|  13|0x0000000086500000, 0x0000000086600000, 0x0000000086600000|100%| O|  |TAMS 0x0000000086500000, 0x0000000086500000| Untracked 
|  14|0x0000000086600000, 0x0000000086680000, 0x0000000086700000| 50%| O|  |TAMS 0x0000000086600000, 0x0000000086600000| Untracked 
|  15|0x0000000086700000, 0x0000000086700000, 0x0000000086800000|  0%| F|  |TAMS 0x0000000086700000, 0x0000000086700000| Untracked 
|  16|0x0000000086800000, 0x0000000086800000, 0x0000000086900000|  0%| F|  |TAMS 0x0000000086800000, 0x0000000086800000| Untracked 
|  17|0x0000000086900000, 0x0000000086900000, 0x0000000086a00000|  0%| F|  |TAMS 0x0000000086900000, 0x0000000086900000| Untracked 
|  18|0x0000000086a00000, 0x0000000086a00000, 0x0000000086b00000|  0%| F|  |TAMS 0x0000000086a00000, 0x0000000086a00000| Untracked 
|  19|0x0000000086b00000, 0x0000000086b00000, 0x0000000086c00000|  0%| F|  |TAMS 0x0000000086b00000, 0x0000000086b00000| Untracked 
|  20|0x0000000086c00000, 0x0000000086c00000, 0x0000000086d00000|  0%| F|  |TAMS 0x0000000086c00000, 0x0000000086c00000| Untracked 
|  21|0x0000000086d00000, 0x0000000086d00000, 0x0000000086e00000|  0%| F|  |TAMS 0x0000000086d00000, 0x0000000086d00000| Untracked 
|  22|0x0000000086e00000, 0x0000000086e00000, 0x0000000086f00000|  0%| F|  |TAMS 0x0000000086e00000, 0x0000000086e00000| Untracked 
|  23|0x0000000086f00000, 0x0000000086f00000, 0x0000000087000000|  0%| F|  |TAMS 0x0000000086f00000, 0x0000000086f00000| Untracked 
|  24|0x0000000087000000, 0x0000000087028ac0, 0x0000000087100000| 15%| S|CS|TAMS 0x0000000087000000, 0x0000000087000000| Complete 
|  25|0x0000000087100000, 0x0000000087200000, 0x0000000087200000|100%| S|CS|TAMS 0x0000000087100000, 0x0000000087100000| Complete 
|  26|0x0000000087200000, 0x0000000087200000, 0x0000000087300000|  0%| F|  |TAMS 0x0000000087200000, 0x0000000087200000| Untracked 
|  27|0x0000000087300000, 0x0000000087300000, 0x0000000087400000|  0%| F|  |TAMS 0x0000000087300000, 0x0000000087300000| Untracked 
|  28|0x0000000087400000, 0x0000000087400000, 0x0000000087500000|  0%| F|  |TAMS 0x0000000087400000, 0x0000000087400000| Untracked 
|  29|0x0000000087500000, 0x0000000087500000, 0x0000000087600000|  0%| F|  |TAMS 0x0000000087500000, 0x0000000087500000| Untracked 
|  30|0x0000000087600000, 0x0000000087600000, 0x0000000087700000|  0%| F|  |TAMS 0x0000000087600000, 0x0000000087600000| Untracked 
|  31|0x0000000087700000, 0x0000000087700000, 0x0000000087800000|  0%| F|  |TAMS 0x0000000087700000, 0x0000000087700000| Untracked 
|  32|0x0000000087800000, 0x0000000087800000, 0x0000000087900000|  0%| F|  |TAMS 0x0000000087800000, 0x0000000087800000| Untracked 
|  33|0x0000000087900000, 0x0000000087900000, 0x0000000087a00000|  0%| F|  |TAMS 0x0000000087900000, 0x0000000087900000| Untracked 
|  34|0x0000000087a00000, 0x0000000087a00000, 0x0000000087b00000|  0%| F|  |TAMS 0x0000000087a00000, 0x0000000087a00000| Untracked 
|  51|0x0000000088b00000, 0x0000000088b00000, 0x0000000088c00000|  0%| F|  |TAMS 0x0000000088b00000, 0x0000000088b00000| Untracked 
|  52|0x0000000088c00000, 0x0000000088c00000, 0x0000000088d00000|  0%| F|  |TAMS 0x0000000088c00000, 0x0000000088c00000| Untracked 
|  53|0x0000000088d00000, 0x0000000088d00000, 0x0000000088e00000|  0%| F|  |TAMS 0x0000000088d00000, 0x0000000088d00000| Untracked 
|  54|0x0000000088e00000, 0x0000000088e00000, 0x0000000088f00000|  0%| F|  |TAMS 0x0000000088e00000, 0x0000000088e00000| Untracked 
|  55|0x0000000088f00000, 0x0000000088f00000, 0x0000000089000000|  0%| F|  |TAMS 0x0000000088f00000, 0x0000000088f00000| Untracked 
|  56|0x0000000089000000, 0x0000000089000000, 0x0000000089100000|  0%| F|  |TAMS 0x0000000089000000, 0x0000000089000000| Untracked 
|  57|0x0000000089100000, 0x0000000089100000, 0x0000000089200000|  0%| F|  |TAMS 0x0000000089100000, 0x0000000089100000| Untracked 
|  58|0x0000000089200000, 0x0000000089200000, 0x0000000089300000|  0%| F|  |TAMS 0x0000000089200000, 0x0000000089200000| Untracked 
| 123|0x000000008d300000, 0x000000008d300000, 0x000000008d400000|  0%| F|  |TAMS 0x000000008d300000, 0x000000008d300000| Untracked 

Card table byte_map: [0x000001b6595d0000,0x000001b6599b0000] _byte_map_base: 0x000001b6591a4000

Marking Bits (Prev, Next): (CMBitMap*) 0x000001b646508080, (CMBitMap*) 0x000001b646508040
 Prev Bits: [0x000001b65bc30000, 0x000001b65dad0000)
 Next Bits: [0x000001b659d90000, 0x000001b65bc30000)

Polling page: 0x000001b644140000

Metaspace:

Usage:
  Non-class:     22.22 MB used.
      Class:      3.10 MB used.
       Both:     25.32 MB used.

Virtual space:
  Non-class space:       64.00 MB reserved,      22.44 MB ( 35%) committed,  1 nodes.
      Class space:        1.00 GB reserved,       3.25 MB ( <1%) committed,  1 nodes.
             Both:        1.06 GB reserved,      25.69 MB (  2%) committed. 

Chunk freelists:
   Non-Class:  9.61 MB
       Class:  12.60 MB
        Both:  22.21 MB

MaxMetaspaceSize: unlimited
CompressedClassSpaceSize: 1.00 GB
Initial GC threshold: 21.00 MB
Current GC threshold: 35.25 MB
CDS: on
MetaspaceReclaimPolicy: balanced
 - commit_granule_bytes: 65536.
 - commit_granule_words: 8192.
 - virtual_space_node_default_size: 8388608.
 - enlarge_chunks_in_place: 1.
 - new_chunks_are_fully_committed: 0.
 - uncommit_free_chunks: 1.
 - use_allocation_guard: 0.
 - handle_deallocations: 1.


Internal statistics:

num_allocs_failed_limit: 3.
num_arena_births: 152.
num_arena_deaths: 0.
num_vsnodes_births: 2.
num_vsnodes_deaths: 0.
num_space_committed: 411.
num_space_uncommitted: 0.
num_chunks_returned_to_freelist: 3.
num_chunks_taken_from_freelist: 891.
num_chunk_merges: 0.
num_chunk_splits: 600.
num_chunks_enlarged: 462.
num_inconsistent_stats: 0.

CodeHeap 'non-profiled nmethods': size=120000Kb used=2305Kb max_used=2305Kb free=117694Kb
 bounds [0x000001b651760000, 0x000001b6519d0000, 0x000001b658c90000]
CodeHeap 'profiled nmethods': size=120000Kb used=10130Kb max_used=10130Kb free=109869Kb
 bounds [0x000001b649c90000, 0x000001b64a680000, 0x000001b6511c0000]
CodeHeap 'non-nmethods': size=5760Kb used=1242Kb max_used=1266Kb free=4518Kb
 bounds [0x000001b6511c0000, 0x000001b651430000, 0x000001b651760000]
 total_blobs=5464 nmethods=4920 adapters=456
 compilation: enabled
              stopped_count=0, restarted_count=0
 full_count=0

Compilation events (20 events):
Event: 13.144 Thread 0x000001b66073cd90 4891       1       org.apache.maven.artifact.handler.DefaultArtifactHandler::isAddedToClasspath (5 bytes)
Event: 13.144 Thread 0x000001b66073cd90 nmethod 4891 0x000001b65199f390 code [0x000001b65199f520, 0x000001b65199f5f8]
Event: 13.144 Thread 0x000001b66073cd90 4892       1       org.apache.maven.artifact.handler.DefaultArtifactHandler::isIncludesDependencies (5 bytes)
Event: 13.144 Thread 0x000001b66073cd90 nmethod 4892 0x000001b65199f690 code [0x000001b65199f820, 0x000001b65199f8f8]
Event: 13.145 Thread 0x000001b66073cd90 4893       3       java.net.URLStreamHandler::sameFile (136 bytes)
Event: 13.146 Thread 0x000001b66073cd90 nmethod 4893 0x000001b64a64ee10 code [0x000001b64a64f040, 0x000001b64a64f888]
Event: 13.146 Thread 0x000001b66073cd90 4894       3       java.net.URL::toExternalForm (9 bytes)
Event: 13.146 Thread 0x000001b66073cd90 nmethod 4894 0x000001b64a64fa90 code [0x000001b64a64fc40, 0x000001b64a64fe08]
Event: 13.146 Thread 0x000001b66073cd90 4895   !   3       jdk.proxy1.$Proxy0::value (29 bytes)
Event: 13.146 Thread 0x000001b66073cd90 nmethod 4895 0x000001b64a64ff10 code [0x000001b64a6500e0, 0x000001b64a6504d8]
Event: 13.147 Thread 0x000001b66073cd90 4896       3       java.util.jar.JarFile::<init> (95 bytes)
Event: 13.148 Thread 0x000001b66073cd90 nmethod 4896 0x000001b64a650690 code [0x000001b64a650960, 0x000001b64a651a08]
Event: 13.148 Thread 0x000001b66073cd90 4897       3       java.util.zip.ZipFile::<init> (10 bytes)
Event: 13.148 Thread 0x000001b66073cd90 nmethod 4897 0x000001b64a651f10 code [0x000001b64a6520c0, 0x000001b64a652208]
Event: 13.148 Thread 0x000001b66073cd90 4898       3       java.util.zip.ZipFile$Source$Key::<init> (23 bytes)
Event: 13.148 Thread 0x000001b66073cd90 nmethod 4898 0x000001b64a652290 code [0x000001b64a652440, 0x000001b64a652748]
Event: 13.148 Thread 0x000001b66073cd90 4899       3       jdk.internal.perf.PerfCounter::getZipFileOpenTime (4 bytes)
Event: 13.149 Thread 0x000001b66073cd90 nmethod 4899 0x000001b64a652890 code [0x000001b64a652a20, 0x000001b64a652b18]
Event: 13.149 Thread 0x000001b66073cd90 4900       3       jdk.internal.perf.PerfCounter::getZipFileCount (4 bytes)
Event: 13.149 Thread 0x000001b66073cd90 nmethod 4900 0x000001b64a652b90 code [0x000001b64a652d20, 0x000001b64a652e18]

GC Heap History (10 events):
Event: 0.316 GC heap before
{Heap before GC invocations=0 (full 0):
 garbage-first heap   total 126976K, used 23552K [0x0000000085800000, 0x0000000100000000)
  region size 1024K, 23 young (23552K), 0 survivors (0K)
 Metaspace       used 5589K, committed 5760K, reserved 1114112K
  class space    used 707K, committed 768K, reserved 1048576K
}
Event: 0.320 GC heap after
{Heap after GC invocations=1 (full 0):
 garbage-first heap   total 126976K, used 3680K [0x0000000085800000, 0x0000000100000000)
  region size 1024K, 3 young (3072K), 3 survivors (3072K)
 Metaspace       used 5589K, committed 5760K, reserved 1114112K
  class space    used 707K, committed 768K, reserved 1048576K
}
Event: 0.555 GC heap before
{Heap before GC invocations=1 (full 0):
 garbage-first heap   total 126976K, used 35424K [0x0000000085800000, 0x0000000100000000)
  region size 1024K, 34 young (34816K), 3 survivors (3072K)
 Metaspace       used 9749K, committed 9856K, reserved 1114112K
  class space    used 1237K, committed 1280K, reserved 1048576K
}
Event: 0.559 GC heap after
{Heap after GC invocations=2 (full 0):
 garbage-first heap   total 126976K, used 5519K [0x0000000085800000, 0x0000000100000000)
  region size 1024K, 2 young (2048K), 2 survivors (2048K)
 Metaspace       used 9749K, committed 9856K, reserved 1114112K
  class space    used 1237K, committed 1280K, reserved 1048576K
}
Event: 1.588 GC heap before
{Heap before GC invocations=2 (full 0):
 garbage-first heap   total 126976K, used 69007K [0x0000000085800000, 0x0000000100000000)
  region size 1024K, 65 young (66560K), 2 survivors (2048K)
 Metaspace       used 21274K, committed 21504K, reserved 1114112K
  class space    used 2655K, committed 2752K, reserved 1048576K
}
Event: 1.601 GC heap after
{Heap after GC invocations=3 (full 0):
 garbage-first heap   total 126976K, used 11872K [0x0000000085800000, 0x0000000100000000)
  region size 1024K, 8 young (8192K), 8 survivors (8192K)
 Metaspace       used 21274K, committed 21504K, reserved 1114112K
  class space    used 2655K, committed 2752K, reserved 1048576K
}
Event: 10.694 GC heap before
{Heap before GC invocations=4 (full 0):
 garbage-first heap   total 45056K, used 29280K [0x0000000085800000, 0x0000000100000000)
  region size 1024K, 26 young (26624K), 8 survivors (8192K)
 Metaspace       used 24998K, committed 25280K, reserved 1114112K
  class space    used 3099K, committed 3264K, reserved 1048576K
}
Event: 10.709 GC heap after
{Heap after GC invocations=5 (full 0):
 garbage-first heap   total 45056K, used 14176K [0x0000000085800000, 0x0000000100000000)
  region size 1024K, 3 young (3072K), 3 survivors (3072K)
 Metaspace       used 24998K, committed 25280K, reserved 1114112K
  class space    used 3099K, committed 3264K, reserved 1048576K
}
Event: 10.723 GC heap before
{Heap before GC invocations=5 (full 0):
 garbage-first heap   total 45056K, used 15200K [0x0000000085800000, 0x0000000100000000)
  region size 1024K, 4 young (4096K), 3 survivors (3072K)
 Metaspace       used 25013K, committed 25280K, reserved 1114112K
  class space    used 3099K, committed 3264K, reserved 1048576K
}
Event: 10.726 GC heap after
{Heap after GC invocations=6 (full 0):
 garbage-first heap   total 45056K, used 14408K [0x0000000085800000, 0x0000000100000000)
  region size 1024K, 1 young (1024K), 1 survivors (1024K)
 Metaspace       used 25013K, committed 25280K, reserved 1114112K
  class space    used 3099K, committed 3264K, reserved 1048576K
}

Dll operation events (3 events):
Event: 0.010 Loaded shared library C:\Users\Admin\.jdks\jbr-17.0.14\bin\java.dll
Event: 0.031 Loaded shared library C:\Users\Admin\.jdks\jbr-17.0.14\bin\jsvml.dll
Event: 0.116 Loaded shared library C:\Users\Admin\.jdks\jbr-17.0.14\bin\verify.dll

Deoptimization events (20 events):
Event: 10.715 Thread 0x000001b6464a9b30 Uncommon trap: trap_request=0xffffff45 fr.pc=0x000001b65181ac38 relative=0x0000000000000198
Event: 10.715 Thread 0x000001b6464a9b30 Uncommon trap: reason=unstable_if action=reinterpret pc=0x000001b65181ac38 method=java.util.WeakHashMap.expungeStaleEntries()V @ 9 c2
Event: 10.715 Thread 0x000001b6464a9b30 DEOPT PACKING pc=0x000001b65181ac38 sp=0x00000080d6afcf50
Event: 10.715 Thread 0x000001b6464a9b30 DEOPT UNPACKING pc=0x000001b6512169a3 sp=0x00000080d6afcee8 mode 2
Event: 10.722 Thread 0x000001b6464a9b30 DEOPT PACKING pc=0x000001b64a3d976a sp=0x00000080d6afcb80
Event: 10.722 Thread 0x000001b6464a9b30 DEOPT UNPACKING pc=0x000001b651217143 sp=0x00000080d6afc090 mode 0
Event: 10.734 Thread 0x000001b6464a9b30 DEOPT PACKING pc=0x000001b64a3d976a sp=0x00000080d6afc6e0
Event: 10.734 Thread 0x000001b6464a9b30 DEOPT UNPACKING pc=0x000001b651217143 sp=0x00000080d6afbbf0 mode 0
Event: 10.742 Thread 0x000001b6464a9b30 DEOPT PACKING pc=0x000001b64a3d976a sp=0x00000080d6afcbf0
Event: 10.742 Thread 0x000001b6464a9b30 DEOPT UNPACKING pc=0x000001b651217143 sp=0x00000080d6afc100 mode 0
Event: 10.754 Thread 0x000001b6464a9b30 Uncommon trap: trap_request=0xffffff6e fr.pc=0x000001b651896e4c relative=0x00000000000001ac
Event: 10.754 Thread 0x000001b6464a9b30 Uncommon trap: reason=loop_limit_check action=maybe_recompile pc=0x000001b651896e4c method=java.lang.StringLatin1.lastIndexOf([BII)I @ 19 c2
Event: 10.754 Thread 0x000001b6464a9b30 DEOPT PACKING pc=0x000001b651896e4c sp=0x00000080d6afd5a0
Event: 10.754 Thread 0x000001b6464a9b30 DEOPT UNPACKING pc=0x000001b6512169a3 sp=0x00000080d6afd458 mode 2
Event: 10.758 Thread 0x000001b6464a9b30 Uncommon trap: trap_request=0xffffff45 fr.pc=0x000001b6517a5f80 relative=0x0000000000000060
Event: 10.758 Thread 0x000001b6464a9b30 Uncommon trap: reason=unstable_if action=reinterpret pc=0x000001b6517a5f80 method=sun.net.www.ParseUtil.firstEncodeIndex(Ljava/lang/String;)I @ 51 c2
Event: 10.758 Thread 0x000001b6464a9b30 DEOPT PACKING pc=0x000001b6517a5f80 sp=0x00000080d6afd290
Event: 10.758 Thread 0x000001b6464a9b30 DEOPT UNPACKING pc=0x000001b6512169a3 sp=0x00000080d6afd218 mode 2
Event: 13.129 Thread 0x000001b6464a9b30 DEOPT PACKING pc=0x000001b64a1b5d35 sp=0x00000080d6afd390
Event: 13.129 Thread 0x000001b6464a9b30 DEOPT UNPACKING pc=0x000001b651217143 sp=0x00000080d6afc870 mode 0

Classes loaded (20 events):
Event: 10.596 Loading class org/w3c/dom/Document
Event: 10.597 Loading class org/w3c/dom/Document done
Event: 10.597 Loading class org/w3c/dom/Element
Event: 10.597 Loading class org/w3c/dom/Element done
Event: 10.627 Loading class java/time/format/DateTimeParseException
Event: 10.627 Loading class java/time/DateTimeException
Event: 10.628 Loading class java/time/DateTimeException done
Event: 10.628 Loading class java/time/format/DateTimeParseException done
Event: 10.639 Loading class jdk/internal/reflect/UnsafeBooleanFieldAccessorImpl
Event: 10.639 Loading class jdk/internal/reflect/UnsafeBooleanFieldAccessorImpl done
Event: 10.825 Loading class java/lang/Character$UnicodeBlock
Event: 10.826 Loading class java/lang/Character$Subset
Event: 10.826 Loading class java/lang/Character$Subset done
Event: 10.826 Loading class java/lang/Character$UnicodeBlock done
Event: 10.849 Loading class java/nio/file/StandardCopyOption
Event: 10.849 Loading class java/nio/file/StandardCopyOption done
Event: 10.849 Loading class sun/nio/fs/WindowsFileCopy
Event: 10.849 Loading class sun/nio/fs/WindowsFileCopy done
Event: 10.855 Loading class java/nio/file/attribute/PosixFileAttributes
Event: 10.855 Loading class java/nio/file/attribute/PosixFileAttributes done

Classes unloaded (0 events):
No events

Classes redefined (0 events):
No events

Internal exceptions (20 events):
Event: 8.462 Thread 0x000001b6464a9b30 Exception <a 'sun/nio/fs/WindowsException'{0x000000008720b670}> (0x000000008720b670) 
thrown [s\src\hotspot\share\prims\jni.cpp, line 531]
Event: 8.467 Thread 0x000001b6464a9b30 Exception <a 'sun/nio/fs/WindowsException'{0x00000000872172b0}> (0x00000000872172b0) 
thrown [s\src\hotspot\share\prims\jni.cpp, line 531]
Event: 8.473 Thread 0x000001b6464a9b30 Exception <a 'sun/nio/fs/WindowsException'{0x000000008721fd18}> (0x000000008721fd18) 
thrown [s\src\hotspot\share\prims\jni.cpp, line 531]
Event: 8.478 Thread 0x000001b6464a9b30 Exception <a 'sun/nio/fs/WindowsException'{0x000000008722b8a8}> (0x000000008722b8a8) 
thrown [s\src\hotspot\share\prims\jni.cpp, line 531]
Event: 8.483 Thread 0x000001b6464a9b30 Exception <a 'sun/nio/fs/WindowsException'{0x0000000087234540}> (0x0000000087234540) 
thrown [s\src\hotspot\share\prims\jni.cpp, line 531]
Event: 8.487 Thread 0x000001b6464a9b30 Exception <a 'sun/nio/fs/WindowsException'{0x0000000087240498}> (0x0000000087240498) 
thrown [s\src\hotspot\share\prims\jni.cpp, line 531]
Event: 9.486 Thread 0x000001b6464a9b30 Exception <a 'java/lang/NoSuchMethodError'{0x000000008726a230}: 'java.lang.Object java.lang.invoke.DirectMethodHandle$Holder.newInvokeSpecial(java.lang.Object, java.lang.Object, java.lang.Object, java.lang.Object, java.lang.Object, java.lang.Object, java.lang.Object)'> (0x000000008726a230) 
thrown [s\src\hotspot\share\interpreter\linkResolver.cpp, line 771]
Event: 9.487 Thread 0x000001b6464a9b30 Exception <a 'java/lang/NoSuchMethodError'{0x000000008726eb40}: 'java.lang.Object java.lang.invoke.Invokers$Holder.linkToTargetMethod(java.lang.Object, java.lang.Object, java.lang.Object, java.lang.Object, java.lang.Object, java.lang.Object, java.lang.Object)'> (0x000000008726eb40) 
thrown [s\src\hotspot\share\interpreter\linkResolver.cpp, line 771]
Event: 10.614 Thread 0x000001b6464a9b30 Exception <a 'java/lang/NoSuchMethodError'{0x0000000086e71e08}: 'int java.lang.invoke.DirectMethodHandle$Holder.invokeVirtual(java.lang.Object, java.lang.Object)'> (0x0000000086e71e08) 
thrown [s\src\hotspot\share\interpreter\linkResolver.cpp, line 771]
Event: 10.643 Thread 0x000001b6464a9b30 Exception <a 'java/lang/NoSuchMethodError'{0x0000000086dd6a28}: 'void java.lang.invoke.DirectMethodHandle$Holder.invokeInterface(java.lang.Object, java.lang.Object, java.lang.Object)'> (0x0000000086dd6a28) 
thrown [s\src\hotspot\share\interpreter\linkResolver.cpp, line 771]
Event: 10.830 Thread 0x000001b6464a9b30 Exception <a 'java/lang/NoSuchMethodError'{0x0000000088de0490}: 'int java.lang.invoke.DirectMethodHandle$Holder.invokeStatic(java.lang.Object, java.lang.Object, int)'> (0x0000000088de0490) 
thrown [s\src\hotspot\share\interpreter\linkResolver.cpp, line 771]
Event: 10.850 Thread 0x000001b6464a9b30 Exception <a 'sun/nio/fs/WindowsException'{0x0000000088c65430}> (0x0000000088c65430) 
thrown [s\src\hotspot\share\prims\jni.cpp, line 531]
Event: 10.856 Thread 0x000001b6464a9b30 Exception <a 'sun/nio/fs/WindowsException'{0x0000000088c668f0}> (0x0000000088c668f0) 
thrown [s\src\hotspot\share\prims\jni.cpp, line 531]
Event: 10.861 Thread 0x000001b6464a9b30 Exception <a 'sun/nio/fs/WindowsException'{0x0000000088c67bc0}> (0x0000000088c67bc0) 
thrown [s\src\hotspot\share\prims\jni.cpp, line 531]
Event: 10.865 Thread 0x000001b6464a9b30 Exception <a 'sun/nio/fs/WindowsException'{0x0000000088c68e38}> (0x0000000088c68e38) 
thrown [s\src\hotspot\share\prims\jni.cpp, line 531]
Event: 10.868 Thread 0x000001b6464a9b30 Exception <a 'sun/nio/fs/WindowsException'{0x0000000088c6a050}> (0x0000000088c6a050) 
thrown [s\src\hotspot\share\prims\jni.cpp, line 531]
Event: 10.870 Thread 0x000001b6464a9b30 Exception <a 'sun/nio/fs/WindowsException'{0x0000000088c6b210}> (0x0000000088c6b210) 
thrown [s\src\hotspot\share\prims\jni.cpp, line 531]
Event: 10.873 Thread 0x000001b6464a9b30 Exception <a 'sun/nio/fs/WindowsException'{0x0000000088c6c3c0}> (0x0000000088c6c3c0) 
thrown [s\src\hotspot\share\prims\jni.cpp, line 531]
Event: 10.875 Thread 0x000001b6464a9b30 Exception <a 'sun/nio/fs/WindowsException'{0x0000000088c6d608}> (0x0000000088c6d608) 
thrown [s\src\hotspot\share\prims\jni.cpp, line 531]
Event: 10.876 Thread 0x000001b6464a9b30 Exception <a 'sun/nio/fs/WindowsException'{0x0000000088c6e8b8}> (0x0000000088c6e8b8) 
thrown [s\src\hotspot\share\prims\jni.cpp, line 531]

VM Operations (20 events):
Event: 3.635 Executing VM operation: Cleanup
Event: 3.636 Executing VM operation: Cleanup done
Event: 5.654 Executing VM operation: Cleanup
Event: 5.654 Executing VM operation: Cleanup done
Event: 6.663 Executing VM operation: Cleanup
Event: 6.663 Executing VM operation: Cleanup done
Event: 7.672 Executing VM operation: Cleanup
Event: 7.672 Executing VM operation: Cleanup done
Event: 8.680 Executing VM operation: Cleanup
Event: 8.680 Executing VM operation: Cleanup done
Event: 9.685 Executing VM operation: Cleanup
Event: 10.526 Executing VM operation: Cleanup done
Event: 10.694 Executing VM operation: G1CollectForAllocation
Event: 10.709 Executing VM operation: G1CollectForAllocation done
Event: 10.723 Executing VM operation: G1CollectForAllocation
Event: 10.726 Executing VM operation: G1CollectForAllocation done
Event: 11.736 Executing VM operation: Cleanup
Event: 11.737 Executing VM operation: Cleanup done
Event: 13.749 Executing VM operation: Cleanup
Event: 13.749 Executing VM operation: Cleanup done

Memory protections (0 events):
No events

Nmethod flushes (0 events):
No events

Events (20 events):
Event: 1.562 Thread 0x000001b665677550 Thread exited: 0x000001b665677550
Event: 1.576 Thread 0x000001b6653354a0 Thread exited: 0x000001b6653354a0
Event: 1.618 Thread 0x000001b66073cd90 Thread added: 0x000001b665906030
Event: 1.773 Thread 0x000001b665906030 Thread exited: 0x000001b665906030
Event: 1.805 Thread 0x000001b66073cd90 Thread added: 0x000001b6659045a0
Event: 1.972 Thread 0x000001b6659045a0 Thread exited: 0x000001b6659045a0
Event: 1.992 Thread 0x000001b66073cd90 Thread added: 0x000001b665903060
Event: 1.992 Thread 0x000001b66073cd90 Thread added: 0x000001b6659035b0
Event: 2.052 Thread 0x000001b6464a9b30 Thread added: 0x000001b665d3a810
Event: 2.053 Thread 0x000001b6464a9b30 Thread added: 0x000001b665d384a0
Event: 2.053 Thread 0x000001b6464a9b30 Thread added: 0x000001b665d398e0
Event: 2.379 Thread 0x000001b6659035b0 Thread exited: 0x000001b6659035b0
Event: 2.379 Thread 0x000001b665903060 Thread exited: 0x000001b665903060
Event: 3.438 Thread 0x000001b66073cd90 Thread added: 0x000001b665905590
Event: 3.610 Thread 0x000001b665905590 Thread exited: 0x000001b665905590
Event: 8.420 Thread 0x000001b665d3a810 Thread exited: 0x000001b665d3a810
Event: 8.420 Thread 0x000001b665d398e0 Thread exited: 0x000001b665d398e0
Event: 8.421 Thread 0x000001b665d384a0 Thread exited: 0x000001b665d384a0
Event: 10.670 Thread 0x000001b66073cd90 Thread added: 0x000001b665903060
Event: 12.063 Thread 0x000001b665903060 Thread exited: 0x000001b665903060


Dynamic libraries:
0x00007ff64ef20000 - 0x00007ff64ef2a000 	C:\Users\Admin\.jdks\jbr-17.0.14\bin\java.exe
0x00007ff8fba20000 - 0x00007ff8fbc87000 	C:\WINDOWS\SYSTEM32\ntdll.dll
0x00007ff8fb740000 - 0x00007ff8fb809000 	C:\WINDOWS\System32\KERNEL32.DLL
0x00007ff8f8e20000 - 0x00007ff8f9214000 	C:\WINDOWS\System32\KERNELBASE.dll
0x00007ff8f8cd0000 - 0x00007ff8f8e1b000 	C:\WINDOWS\System32\ucrtbase.dll
0x00007ff8e5ad0000 - 0x00007ff8e5ae7000 	C:\Users\Admin\.jdks\jbr-17.0.14\bin\jli.dll
0x00007ff8e5ab0000 - 0x00007ff8e5acb000 	C:\Users\Admin\.jdks\jbr-17.0.14\bin\VCRUNTIME140.dll
0x00007ff8fa3c0000 - 0x00007ff8fa585000 	C:\WINDOWS\System32\USER32.dll
0x00007ff8f8ca0000 - 0x00007ff8f8cc7000 	C:\WINDOWS\System32\win32u.dll
0x00007ff8fabd0000 - 0x00007ff8fabfb000 	C:\WINDOWS\System32\GDI32.dll
0x00007ff8d57a0000 - 0x00007ff8d5a33000 	C:\WINDOWS\WinSxS\amd64_microsoft.windows.common-controls_6595b64144ccf1df_6.0.26100.8115_none_3e075c82e3354f9c\COMCTL32.dll
0x00007ff8f9390000 - 0x00007ff8f94bb000 	C:\WINDOWS\System32\gdi32full.dll
0x00007ff8f82f0000 - 0x00007ff8f8393000 	C:\WINDOWS\System32\msvcp_win.dll
0x00007ff8fac60000 - 0x00007ff8fad09000 	C:\WINDOWS\System32\msvcrt.dll
0x00007ff8fa590000 - 0x00007ff8fa5c2000 	C:\WINDOWS\System32\IMM32.DLL
0x00007ff8e7ae0000 - 0x00007ff8e7aec000 	C:\Users\Admin\.jdks\jbr-17.0.14\bin\vcruntime140_1.dll
0x00007ff8b3aa0000 - 0x00007ff8b3b2d000 	C:\Users\Admin\.jdks\jbr-17.0.14\bin\msvcp140.dll
0x00007ff856100000 - 0x00007ff856d8e000 	C:\Users\Admin\.jdks\jbr-17.0.14\bin\server\jvm.dll
0x00007ff8f9b80000 - 0x00007ff8f9c36000 	C:\WINDOWS\System32\ADVAPI32.dll
0x00007ff8fb170000 - 0x00007ff8fb217000 	C:\WINDOWS\System32\sechost.dll
0x00007ff8f97c0000 - 0x00007ff8f98d8000 	C:\WINDOWS\System32\RPCRT4.dll
0x00007ff8fad10000 - 0x00007ff8fad90000 	C:\WINDOWS\System32\WS2_32.dll
0x00007ff8f8150000 - 0x00007ff8f81ae000 	C:\WINDOWS\SYSTEM32\POWRPROF.dll
0x00007ff8e52d0000 - 0x00007ff8e52db000 	C:\WINDOWS\SYSTEM32\VERSION.dll
0x00007ff8f32d0000 - 0x00007ff8f3306000 	C:\WINDOWS\SYSTEM32\WINMM.dll
0x00007ff8f8130000 - 0x00007ff8f8144000 	C:\WINDOWS\SYSTEM32\UMPDC.dll
0x00007ff8f7080000 - 0x00007ff8f709b000 	C:\WINDOWS\SYSTEM32\kernel.appcore.dll
0x00007ff8e6470000 - 0x00007ff8e647a000 	C:\Users\Admin\.jdks\jbr-17.0.14\bin\jimage.dll
0x00007ff8f6160000 - 0x00007ff8f63a2000 	C:\WINDOWS\SYSTEM32\DBGHELP.DLL
0x00007ff8fa840000 - 0x00007ff8fabc2000 	C:\WINDOWS\System32\combase.dll
0x00007ff8fa720000 - 0x00007ff8fa7f8000 	C:\WINDOWS\System32\OLEAUT32.dll
0x00007ff8d23d0000 - 0x00007ff8d240b000 	C:\WINDOWS\SYSTEM32\dbgcore.DLL
0x00007ff8f92e0000 - 0x00007ff8f9385000 	C:\WINDOWS\System32\bcryptPrimitives.dll
0x00007ff8e5a80000 - 0x00007ff8e5aa5000 	C:\Users\Admin\.jdks\jbr-17.0.14\bin\java.dll
0x00007ff8b12b0000 - 0x00007ff8b1387000 	C:\Users\Admin\.jdks\jbr-17.0.14\bin\jsvml.dll
0x00007ff8f9c40000 - 0x00007ff8fa3a7000 	C:\WINDOWS\System32\SHELL32.dll
0x00007ff8f94c0000 - 0x00007ff8f962a000 	C:\WINDOWS\System32\wintypes.dll
0x00007ff8f8430000 - 0x00007ff8f8c98000 	C:\WINDOWS\System32\windows.storage.dll
0x00007ff8fa5d0000 - 0x00007ff8fa6c8000 	C:\WINDOWS\System32\SHCORE.dll
0x00007ff8fb810000 - 0x00007ff8fb876000 	C:\WINDOWS\System32\shlwapi.dll
0x00007ff8f8210000 - 0x00007ff8f8239000 	C:\WINDOWS\SYSTEM32\profapi.dll
0x00007ff8e5460000 - 0x00007ff8e5478000 	C:\Users\Admin\.jdks\jbr-17.0.14\bin\zip.dll
0x00007ff8dd810000 - 0x00007ff8dd829000 	C:\Users\Admin\.jdks\jbr-17.0.14\bin\net.dll
0x00007ff8f21b0000 - 0x00007ff8f22dd000 	C:\WINDOWS\SYSTEM32\WINHTTP.dll
0x00007ff8f75f0000 - 0x00007ff8f765c000 	C:\WINDOWS\system32\mswsock.dll
0x00007ff8dd7f0000 - 0x00007ff8dd806000 	C:\Users\Admin\.jdks\jbr-17.0.14\bin\nio.dll
0x00007ff8dd4c0000 - 0x00007ff8dd4e4000 	C:\Users\Admin\Desktop\IntelliJ IDEA 2026.1\plugins\maven\lib\maven3\lib\jansi-native\Windows\x86_64\jansi.dll
0x00007ff8e5a70000 - 0x00007ff8e5a80000 	C:\Users\Admin\.jdks\jbr-17.0.14\bin\verify.dll
0x00007ff8f55b0000 - 0x00007ff8f55be000 	C:\Users\Admin\.jdks\jbr-17.0.14\bin\sunmscapi.dll
0x00007ff8f9630000 - 0x00007ff8f97a7000 	C:\WINDOWS\System32\CRYPT32.dll
0x00007ff8f7af0000 - 0x00007ff8f7b20000 	C:\WINDOWS\SYSTEM32\ncrypt.dll
0x00007ff8f7aa0000 - 0x00007ff8f7adf000 	C:\WINDOWS\SYSTEM32\NTASN1.dll
0x00007ff8f78e0000 - 0x00007ff8f78fb000 	C:\WINDOWS\SYSTEM32\CRYPTSP.dll
0x00007ff8f6fe0000 - 0x00007ff8f7019000 	C:\WINDOWS\system32\rsaenh.dll
0x00007ff8f76a0000 - 0x00007ff8f76d3000 	C:\WINDOWS\SYSTEM32\USERENV.dll
0x00007ff8f81e0000 - 0x00007ff8f820a000 	C:\WINDOWS\SYSTEM32\bcrypt.dll
0x00007ff8f78d0000 - 0x00007ff8f78dc000 	C:\WINDOWS\SYSTEM32\CRYPTBASE.dll
0x00007ff8f6b30000 - 0x00007ff8f6b62000 	C:\WINDOWS\SYSTEM32\IPHLPAPI.DLL
0x00007ff8fb2a0000 - 0x00007ff8fb2aa000 	C:\WINDOWS\System32\NSI.dll
0x00007ff8f2330000 - 0x00007ff8f234d000 	C:\WINDOWS\SYSTEM32\dhcpcsvc6.DLL
0x00007ff8f2300000 - 0x00007ff8f2325000 	C:\WINDOWS\SYSTEM32\dhcpcsvc.DLL
0x00007ff8f6b70000 - 0x00007ff8f6ca2000 	C:\WINDOWS\SYSTEM32\DNSAPI.dll
0x00007ff8f0320000 - 0x00007ff8f032b000 	C:\Windows\System32\rasadhlp.dll
0x00007ff8f2600000 - 0x00007ff8f2686000 	C:\WINDOWS\System32\fwpuclnt.dll
0x00007ff8dd920000 - 0x00007ff8dd929000 	C:\Users\Admin\.jdks\jbr-17.0.14\bin\extnet.dll
0x00007ff8f71a0000 - 0x00007ff8f71d6000 	C:\WINDOWS\SYSTEM32\ntmarta.dll

dbghelp: loaded successfully - version: 4.0.5 - missing functions: none
symbol engine: initialized successfully - sym options: 0x614 - pdb path: .;C:\Users\Admin\.jdks\jbr-17.0.14\bin;C:\WINDOWS\SYSTEM32;C:\WINDOWS\WinSxS\amd64_microsoft.windows.common-controls_6595b64144ccf1df_6.0.26100.8115_none_3e075c82e3354f9c;C:\Users\Admin\.jdks\jbr-17.0.14\bin\server;C:\Users\Admin\Desktop\IntelliJ IDEA 2026.1\plugins\maven\lib\maven3\lib\jansi-native\Windows\x86_64

VM Arguments:
jvm_args: --enable-native-access=ALL-UNNAMED -Dclassworlds.conf=C:\Users\Admin\Desktop\IntelliJ IDEA 2026.1\plugins\maven\lib\maven3\bin\m2.conf -Dmaven.home=C:\Users\Admin\Desktop\IntelliJ IDEA 2026.1\plugins\maven\lib\maven3 -Dlibrary.jansi.path=C:\Users\Admin\Desktop\IntelliJ IDEA 2026.1\plugins\maven\lib\maven3\lib\jansi-native -Dmaven.multiModuleProjectDirectory=C:\Users\Admin\Desktop\projet11\projet11 
java_command: org.codehaus.plexus.classworlds.launcher.Launcher clean compile javafx:run
java_class_path (initial): C:\Users\Admin\Desktop\IntelliJ IDEA 2026.1\plugins\maven\lib\maven3\boot\plexus-classworlds-2.9.0.jar
Launcher Type: SUN_STANDARD

[Global flags]
     intx CICompilerCount                          = 4                                         {product} {ergonomic}
     uint ConcGCThreads                            = 3                                         {product} {ergonomic}
     uint G1ConcRefinementThreads                  = 10                                        {product} {ergonomic}
   size_t G1HeapRegionSize                         = 1048576                                   {product} {ergonomic}
    uintx GCDrainStackTargetSize                   = 64                                        {product} {ergonomic}
   size_t InitialHeapSize                          = 130023424                                 {product} {ergonomic}
   size_t MarkStackSize                            = 4194304                                   {product} {ergonomic}
   size_t MaxHeapSize                              = 2055208960                                {product} {ergonomic}
   size_t MaxNewSize                               = 1233125376                                {product} {ergonomic}
   size_t MinHeapDeltaBytes                        = 1048576                                   {product} {ergonomic}
   size_t MinHeapSize                              = 8388608                                   {product} {ergonomic}
    uintx NonNMethodCodeHeapSize                   = 5839372                                {pd product} {ergonomic}
    uintx NonProfiledCodeHeapSize                  = 122909434                              {pd product} {ergonomic}
    uintx ProfiledCodeHeapSize                     = 122909434                              {pd product} {ergonomic}
    uintx ReservedCodeCacheSize                    = 251658240                              {pd product} {ergonomic}
     bool SegmentedCodeCache                       = true                                      {product} {ergonomic}
   size_t SoftMaxHeapSize                          = 2055208960                             {manageable} {ergonomic}
     bool UseCompressedClassPointers               = true                           {product lp64_product} {ergonomic}
     bool UseCompressedOops                        = true                           {product lp64_product} {ergonomic}
     bool UseG1GC                                  = true                                      {product} {ergonomic}
     bool UseLargePagesIndividualAllocation        = false                                  {pd product} {ergonomic}

Logging:
Log output configuration:
 #0: stdout all=warning uptime,level,tags
 #1: stderr all=off uptime,level,tags

Environment Variables:
PATH=C:\oraclexe\app\oracle\product\11.2.0\server\bin;C:\WINDOWS\system32;C:\WINDOWS;C:\WINDOWS\System32\Wbem;C:\WINDOWS\System32\WindowsPowerShell\v1.0\;C:\WINDOWS\System32\OpenSSH\;C:\ProgramData\chocolatey\bin;C:\Users\Admin\.jdks\jbr-17.0.14\bin;C:\Program Files\Git\cmd;C:\Users\Admin\AppData\Local\Microsoft\WindowsApps;;C:\Users\Admin\AppData\Local\Programs\Microsoft VS Code\bin;C:\Users\Admin\Desktop\IntelliJ IDEA 2026.1\bin
USERNAME=Admin
OS=Windows_NT
PROCESSOR_IDENTIFIER=Intel64 Family 6 Model 186 Stepping 3, GenuineIntel
TMP=C:\Users\Admin\AppData\Local\Temp
TEMP=C:\Users\Admin\AppData\Local\Temp



Periodic native trim disabled

JNI global refs:
JNI global refs: 22, weak refs: 1

JNI global refs memory usage: 843, weak refs: 841

Process memory usage:
Resident Set Size: 199928K (2% of 8023820K total physical memory with 813852K free physical memory)

OOME stack traces (most recent first):
Classloader memory used:
Loader org.codehaus.plexus.classworlds.realm.ClassRealm                                : 1829K
Loader bootstrap                                                                       : 1327K
Loader jdk.internal.loader.ClassLoaders$PlatformClassLoader                            : 57447B
Loader jdk.internal.loader.ClassLoaders$AppClassLoader                                 : 13846B
Loader jdk.internal.reflect.DelegatingClassLoader                                      : 8797B
Loader org.eclipse.sisu.space.CloningClassSpace$CloningClassLoader                     : 4940B

Classes loaded by more than one classloader:
Class org.codehaus.plexus.interpolation.ValueSource                                   : loaded 2 times (x 68B)
Class org.codehaus.plexus.interpolation.RecursionInterceptor                          : loaded 2 times (x 68B)
Class org.apache.maven.shared.utils.logging.MessageBuilder                            : loaded 2 times (x 68B)
Class org.codehaus.plexus.interpolation.PropertiesBasedValueSource                    : loaded 2 times (x 80B)
Class org.codehaus.plexus.interpolation.AbstractValueSource                           : loaded 2 times (x 80B)
Class org.codehaus.plexus.interpolation.Interpolator                                  : loaded 2 times (x 68B)
Class org.codehaus.plexus.interpolation.BasicInterpolator                             : loaded 2 times (x 68B)


---------------  S Y S T E M  ---------------

OS:
 Windows 11 , 64 bit Build 26100 (10.0.26100.8246)
OS uptime: 0 days 2:50 hours

CPU: total 12 (initial active 12) (6 cores per cpu, 2 threads per core) family 6 model 186 stepping 3 microcode 0x4121, cx8, cmov, fxsr, ht, mmx, 3dnowpref, sse, sse2, sse3, ssse3, sse4.1, sse4.2, popcnt, lzcnt, tsc, tscinvbit, avx, avx2, aes, erms, clmul, bmi1, bmi2, adx, sha, fma, vzeroupper, clflush, clflushopt, clwb
Processor Information for processor 0
  Max Mhz: 1700, Current Mhz: 1700, Mhz Limit: 1700
Processor Information for processor 1
  Max Mhz: 1700, Current Mhz: 1700, Mhz Limit: 1700
Processor Information for processor 2
  Max Mhz: 1700, Current Mhz: 1700, Mhz Limit: 1700
Processor Information for processor 3
  Max Mhz: 1700, Current Mhz: 1700, Mhz Limit: 1700
Processor Information for processor 4
  Max Mhz: 1700, Current Mhz: 1200, Mhz Limit: 1190
Processor Information for processor 5
  Max Mhz: 1700, Current Mhz: 1200, Mhz Limit: 1190
Processor Information for processor 6
  Max Mhz: 1700, Current Mhz: 1200, Mhz Limit: 1190
Processor Information for processor 7
  Max Mhz: 1700, Current Mhz: 1200, Mhz Limit: 1190
Processor Information for processor 8
  Max Mhz: 1700, Current Mhz: 1200, Mhz Limit: 1190
Processor Information for processor 9
  Max Mhz: 1700, Current Mhz: 1200, Mhz Limit: 1190
Processor Information for processor 10
  Max Mhz: 1700, Current Mhz: 1200, Mhz Limit: 1190
Processor Information for processor 11
  Max Mhz: 1700, Current Mhz: 1200, Mhz Limit: 1190

Memory: 4k page, system-wide physical 7835M (794M free)
TotalPageFile size 16027M (AvailPageFile size 18M)
current process WorkingSet (physical memory assigned to process): 195M, peak: 195M
current process commit charge ("private bytes"): 231M, peak: 266M

vm_info: OpenJDK 64-Bit Server VM (17.0.14+1-b1367.22) for windows-amd64 JRE (17.0.14+1-b1367.22), built on 2025-01-30 by "builduser" with MS VC++ 16.10 / 16.11 (VS2019)

END.
