#
# There is insufficient memory for the Java Runtime Environment to continue.
# Native memory allocation (malloc) failed to allocate 1564976 bytes. Error detail: Chunk::new
# Possible reasons:
#   The system is out of physical RAM or swap space
#   This process is running with CompressedOops enabled, and the Java Heap may be blocking the growth of the native heap
# Possible solutions:
#   Reduce memory load on the system
#   Increase physical memory or swap space
#   Check if swap backing store is full
#   Decrease Java heap size (-Xmx/-Xms)
#   Decrease number of Java threads
#   Decrease Java thread stack sizes (-Xss)
#   Set larger code cache with -XX:ReservedCodeCacheSize=
#   JVM is running with Unscaled Compressed Oops mode in which the Java heap is
#     placed in the first 4GB address space. The Java Heap base address is the
#     maximum limit for the native heap growth. Please use -XX:HeapBaseMinAddress
#     to set the Java Heap base and to place the Java Heap above 4GB virtual address.
# This output file may be truncated or incomplete.
#
#  Out of Memory Error (arena.cpp:191), pid=22072, tid=2528
#
# JRE version: OpenJDK Runtime Environment JBR-17.0.14+1-1367.22-nomod (17.0.14+1) (build 17.0.14+1-b1367.22)
# Java VM: OpenJDK 64-Bit Server VM JBR-17.0.14+1-1367.22-nomod (17.0.14+1-b1367.22, mixed mode, sharing, tiered, compressed oops, compressed class ptrs, g1 gc, windows-amd64)
# No core dump will be written. Minidumps are not enabled by default on client versions of Windows
#

---------------  S U M M A R Y ------------

Command Line: --module-path=C:\Users\Admin\.m2\repository\org\openjfx\javafx-base\21.0.2\javafx-base-21.0.2-win.jar;C:\Users\Admin\.m2\repository\org\openjfx\javafx-base\21.0.2\javafx-base-21.0.2.jar;C:\Users\Admin\.m2\repository\org\openjfx\javafx-controls\21.0.2\javafx-controls-21.0.2-win.jar;C:\Users\Admin\.m2\repository\org\openjfx\javafx-controls\21.0.2\javafx-controls-21.0.2.jar;C:\Users\Admin\.m2\repository\org\openjfx\javafx-fxml\21.0.2\javafx-fxml-21.0.2-win.jar;C:\Users\Admin\.m2\repository\org\openjfx\javafx-fxml\21.0.2\javafx-fxml-21.0.2.jar;C:\Users\Admin\.m2\repository\org\openjfx\javafx-graphics\21.0.2\javafx-graphics-21.0.2-win.jar;C:\Users\Admin\.m2\repository\org\openjfx\javafx-graphics\21.0.2\javafx-graphics-21.0.2.jar --add-modules=javafx.base,javafx.controls,javafx.fxml,javafx.graphics tests.Mainfx

Host: 13th Gen Intel(R) Core(TM) i7-1355U, 12 cores, 7G,  Windows 11 , 64 bit Build 26100 (10.0.26100.8246)
Time: Mon May 11 18:01:45 2026 Afr. centrale Ouest elapsed time: 6.462005 seconds (0d 0h 0m 6s)

---------------  T H R E A D  ---------------

Current thread (0x000001c26c9f45e0):  JavaThread "C2 CompilerThread0" daemon [_thread_in_native, id=2528, stack(0x000000035af00000,0x000000035b000000)]


Current CompileTask:
C2:   6462 1441   !   4       com.sun.javafx.css.ParsedValueImpl::readBinary (691 bytes)

Stack: [0x000000035af00000,0x000000035b000000]
Native frames: (J=compiled Java code, j=interpreted, Vv=VM code, C=native code)
V  [jvm.dll+0x68b969]  os::platform_print_native_stack+0xd9  (os_windows_x86.cpp:235)
V  [jvm.dll+0x84572a]  VMError::report+0xc6a  (vmError.cpp:868)
V  [jvm.dll+0x8473ae]  VMError::report_and_die+0x78e  (vmError.cpp:1766)
V  [jvm.dll+0x847a13]  VMError::report_and_die+0x43  (vmError.cpp:1552)
V  [jvm.dll+0x24a83f]  report_vm_out_of_memory+0x8f  (debug.cpp:321)
V  [jvm.dll+0xaca04]  Chunk::operator new+0xb4  (arena.cpp:191)
V  [jvm.dll+0xad04c]  Arena::grow+0x3c  (arena.cpp:352)
V  [jvm.dll+0x36af12]  PhaseIFG::init+0xa2  (ifg.cpp:50)
V  [jvm.dll+0x3352ca]  PhaseCFG::global_code_motion+0x44a  (gcm.cpp:1591)
V  [jvm.dll+0x33476a]  PhaseCFG::do_global_code_motion+0x3a  (gcm.cpp:1658)
V  [jvm.dll+0x21c231]  Compile::Code_Gen+0x261  (compile.cpp:2738)
V  [jvm.dll+0x21b671]  Compile::Compile+0xe61  (compile.cpp:836)
V  [jvm.dll+0x1a6acd]  C2Compiler::compile_method+0xad  (c2compiler.cpp:112)
V  [jvm.dll+0x22b58e]  CompileBroker::invoke_compiler_on_method+0x82e  (compileBroker.cpp:2366)
V  [jvm.dll+0x2296d5]  CompileBroker::compiler_thread_loop+0x405  (compileBroker.cpp:2027)
V  [jvm.dll+0x7f9637]  JavaThread::run+0x147  (thread.cpp:1299)
V  [jvm.dll+0x7f3a1c]  Thread::call_run+0x8c  (thread.cpp:405)
V  [jvm.dll+0x68a7c7]  thread_native_entry+0x77  (os_windows.cpp:551)
C  [ucrtbase.dll+0x37b0]
C  [KERNEL32.DLL+0x2e8d7]
C  [ntdll.dll+0x8c3fc]


---------------  P R O C E S S  ---------------

Threads class SMR info:
_java_thread_list=0x000001c2735885b0, length=20, elements={
0x000001c252fd8360, 0x000001c26c9d65c0, 0x000001c26c9d6f80, 0x000001c26c9f0af0,
0x000001c26c9f14b0, 0x000001c26c9f2e80, 0x000001c26c9f3840, 0x000001c26c9f45e0,
0x000001c26c9f5090, 0x000001c26c9fe0b0, 0x000001c26c9c0ee0, 0x000001c272271290,
0x000001c27249b040, 0x000001c273043780, 0x000001c2726a16d0, 0x000001c2731c55f0,
0x000001c2726a44e0, 0x000001c2730b0700, 0x000001c2799baca0, 0x000001c275868090
}

Java Threads: ( => current thread )
  0x000001c252fd8360 JavaThread "main" [_thread_blocked, id=16912, stack(0x000000035a200000,0x000000035a300000)]
  0x000001c26c9d65c0 JavaThread "Reference Handler" daemon [_thread_blocked, id=14492, stack(0x000000035a900000,0x000000035aa00000)]
  0x000001c26c9d6f80 JavaThread "Finalizer" daemon [_thread_blocked, id=22144, stack(0x000000035aa00000,0x000000035ab00000)]
  0x000001c26c9f0af0 JavaThread "Signal Dispatcher" daemon [_thread_blocked, id=23388, stack(0x000000035ab00000,0x000000035ac00000)]
  0x000001c26c9f14b0 JavaThread "Attach Listener" daemon [_thread_blocked, id=5904, stack(0x000000035ac00000,0x000000035ad00000)]
  0x000001c26c9f2e80 JavaThread "Service Thread" daemon [_thread_blocked, id=21816, stack(0x000000035ad00000,0x000000035ae00000)]
  0x000001c26c9f3840 JavaThread "Monitor Deflation Thread" daemon [_thread_blocked, id=14540, stack(0x000000035ae00000,0x000000035af00000)]
=>0x000001c26c9f45e0 JavaThread "C2 CompilerThread0" daemon [_thread_in_native, id=2528, stack(0x000000035af00000,0x000000035b000000)]
  0x000001c26c9f5090 JavaThread "C1 CompilerThread0" daemon [_thread_blocked, id=14460, stack(0x000000035b000000,0x000000035b100000)]
  0x000001c26c9fe0b0 JavaThread "Sweeper thread" daemon [_thread_blocked, id=22780, stack(0x000000035b100000,0x000000035b200000)]
  0x000001c26c9c0ee0 JavaThread "Common-Cleaner" daemon [_thread_blocked, id=14956, stack(0x000000035b200000,0x000000035b300000)]
  0x000001c272271290 JavaThread "Notification Thread" daemon [_thread_blocked, id=5128, stack(0x000000035b500000,0x000000035b600000)]
  0x000001c27249b040 JavaThread "QuantumRenderer-0" daemon [_thread_blocked, id=21056, stack(0x000000035b700000,0x000000035b800000)]
  0x000001c273043780 JavaThread "InvokeLaterDispatcher" daemon [_thread_blocked, id=18808, stack(0x000000035b300000,0x000000035b400000)]
  0x000001c2726a16d0 JavaThread "JavaFX Application Thread" [_thread_in_vm, id=3972, stack(0x000000035b400000,0x000000035b500000)]
  0x000001c2731c55f0 JavaThread "JavaFX-Launcher" [_thread_blocked, id=22204, stack(0x000000035b900000,0x000000035ba00000)]
  0x000001c2726a44e0 JavaThread "Thread-2" daemon [_thread_in_native, id=5656, stack(0x000000035b800000,0x000000035b900000)]
  0x000001c2730b0700 JavaThread "mysql-cj-abandoned-connection-cleanup" daemon [_thread_blocked, id=20180, stack(0x000000035ba00000,0x000000035bb00000)]
  0x000001c2799baca0 JavaThread "C2 CompilerThread1" daemon [_thread_blocked, id=19896, stack(0x000000035bb00000,0x000000035bc00000)]
  0x000001c275868090 JavaThread "C2 CompilerThread2" daemon [_thread_blocked, id=784, stack(0x000000035c500000,0x000000035c600000)]

Other Threads:
  0x000001c26c9cf170 VMThread "VM Thread" [stack: 0x000000035a800000,0x000000035a900000] [id=4108]
  0x000001c272057370 WatcherThread [stack: 0x000000035b600000,0x000000035b700000] [id=13828]
  0x000001c253036710 GCTaskThread "GC Thread#0" [stack: 0x000000035a300000,0x000000035a400000] [id=19600]
  0x000001c2733a2b60 GCTaskThread "GC Thread#1" [stack: 0x000000035bc00000,0x000000035bd00000] [id=15356]
  0x000001c2732fb520 GCTaskThread "GC Thread#2" [stack: 0x000000035bd00000,0x000000035be00000] [id=22764]
  0x000001c2732fa1e0 GCTaskThread "GC Thread#3" [stack: 0x000000035be00000,0x000000035bf00000] [id=23180]
  0x000001c2732fa760 GCTaskThread "GC Thread#4" [stack: 0x000000035bf00000,0x000000035c000000] [id=12880]
  0x000001c2732fafa0 GCTaskThread "GC Thread#5" [stack: 0x000000035c000000,0x000000035c100000] [id=19044]
  0x000001c2732fbaa0 GCTaskThread "GC Thread#6" [stack: 0x000000035c100000,0x000000035c200000] [id=18096]
  0x000001c2785dd870 GCTaskThread "GC Thread#7" [stack: 0x000000035c200000,0x000000035c300000] [id=20148]
  0x000001c2785de630 GCTaskThread "GC Thread#8" [stack: 0x000000035c300000,0x000000035c400000] [id=22544]
  0x000001c2785e09f0 GCTaskThread "GC Thread#9" [stack: 0x000000035c400000,0x000000035c500000] [id=7464]
  0x000001c253046a60 ConcurrentGCThread "G1 Main Marker" [stack: 0x000000035a400000,0x000000035a500000] [id=23356]
  0x000001c253047380 ConcurrentGCThread "G1 Conc#0" [stack: 0x000000035a500000,0x000000035a600000] [id=6048]
  0x000001c253085c90 ConcurrentGCThread "G1 Refine#0" [stack: 0x000000035a600000,0x000000035a700000] [id=16532]
  0x000001c253087470 ConcurrentGCThread "G1 Service" [stack: 0x000000035a700000,0x000000035a800000] [id=9724]

Threads with active compile tasks:
C2 CompilerThread0    24236 1441   !   4       com.sun.javafx.css.ParsedValueImpl::readBinary (691 bytes)

VM state: not at safepoint (normal execution)

VM Mutex/Monitor currently owned by a thread: None

Heap address: 0x0000000085800000, size: 1960 MB, Compressed Oops mode: 32-bit

CDS archive(s) mapped at: [0x000001c200000000-0x000001c200c00000-0x000001c200c00000), size 12582912, SharedBaseAddress: 0x000001c200000000, ArchiveRelocationMode: 1.
Compressed class space mapped at: 0x000001c201000000-0x000001c241000000, reserved size: 1073741824
Narrow klass base: 0x000001c200000000, Narrow klass shift: 0, Narrow klass range: 0x100000000

GC Precious Log:
 CPUs: 12 total, 12 available
 Memory: 7835M
 Large Page Support: Disabled
 NUMA Support: Disabled
 Compressed Oops: Enabled (32-bit)
 Heap Region Size: 1M
 Heap Min Capacity: 8M
 Heap Initial Capacity: 124M
 Heap Max Capacity: 1960M
 Pre-touch: Disabled
 Parallel Workers: 10
 Concurrent Workers: 3
 Concurrent Refinement Workers: 10
 Periodic GC: Disabled

Heap:
 garbage-first heap   total 126976K, used 11295K [0x0000000085800000, 0x0000000100000000)
  region size 1024K, 9 young (9216K), 5 survivors (5120K)
 Metaspace       used 15802K, committed 16064K, reserved 1114112K
  class space    used 2178K, committed 2304K, reserved 1048576K

Heap Regions: E=young(eden), S=young(survivor), O=old, HS=humongous(starts), HC=humongous(continues), CS=collection set, F=free, OA=open archive, CA=closed archive, TAMS=top-at-mark-start (previous, next)
|   0|0x0000000085800000, 0x0000000085900000, 0x0000000085900000|100%| O|  |TAMS 0x0000000085800000, 0x0000000085800000| Untracked 
|   1|0x0000000085900000, 0x0000000085a00000, 0x0000000085a00000|100%| O|  |TAMS 0x0000000085900000, 0x0000000085900000| Untracked 
|   2|0x0000000085a00000, 0x0000000085b00000, 0x0000000085b00000|100%| O|  |TAMS 0x0000000085a00000, 0x0000000085a00000| Untracked 
|   3|0x0000000085b00000, 0x0000000085b07c00, 0x0000000085c00000|  3%| O|  |TAMS 0x0000000085b00000, 0x0000000085b00000| Untracked 
|   4|0x0000000085c00000, 0x0000000085c00000, 0x0000000085d00000|  0%| F|  |TAMS 0x0000000085c00000, 0x0000000085c00000| Untracked 
|   5|0x0000000085d00000, 0x0000000085d00000, 0x0000000085e00000|  0%| F|  |TAMS 0x0000000085d00000, 0x0000000085d00000| Untracked 
|   6|0x0000000085e00000, 0x0000000085e00000, 0x0000000085f00000|  0%| F|  |TAMS 0x0000000085e00000, 0x0000000085e00000| Untracked 
|   7|0x0000000085f00000, 0x0000000085f00000, 0x0000000086000000|  0%| F|  |TAMS 0x0000000085f00000, 0x0000000085f00000| Untracked 
|   8|0x0000000086000000, 0x0000000086000000, 0x0000000086100000|  0%| F|  |TAMS 0x0000000086000000, 0x0000000086000000| Untracked 
|   9|0x0000000086100000, 0x0000000086100000, 0x0000000086200000|  0%| F|  |TAMS 0x0000000086100000, 0x0000000086100000| Untracked 
|  10|0x0000000086200000, 0x0000000086200000, 0x0000000086300000|  0%| F|  |TAMS 0x0000000086200000, 0x0000000086200000| Untracked 
|  11|0x0000000086300000, 0x0000000086300000, 0x0000000086400000|  0%| F|  |TAMS 0x0000000086300000, 0x0000000086300000| Untracked 
|  12|0x0000000086400000, 0x0000000086400000, 0x0000000086500000|  0%| F|  |TAMS 0x0000000086400000, 0x0000000086400000| Untracked 
|  13|0x0000000086500000, 0x0000000086500000, 0x0000000086600000|  0%| F|  |TAMS 0x0000000086500000, 0x0000000086500000| Untracked 
|  14|0x0000000086600000, 0x0000000086600000, 0x0000000086700000|  0%| F|  |TAMS 0x0000000086600000, 0x0000000086600000| Untracked 
|  15|0x0000000086700000, 0x0000000086700000, 0x0000000086800000|  0%| F|  |TAMS 0x0000000086700000, 0x0000000086700000| Untracked 
|  16|0x0000000086800000, 0x0000000086800000, 0x0000000086900000|  0%| F|  |TAMS 0x0000000086800000, 0x0000000086800000| Untracked 
|  17|0x0000000086900000, 0x0000000086900000, 0x0000000086a00000|  0%| F|  |TAMS 0x0000000086900000, 0x0000000086900000| Untracked 
|  18|0x0000000086a00000, 0x0000000086a00000, 0x0000000086b00000|  0%| F|  |TAMS 0x0000000086a00000, 0x0000000086a00000| Untracked 
|  19|0x0000000086b00000, 0x0000000086b00000, 0x0000000086c00000|  0%| F|  |TAMS 0x0000000086b00000, 0x0000000086b00000| Untracked 
|  20|0x0000000086c00000, 0x0000000086c00000, 0x0000000086d00000|  0%| F|  |TAMS 0x0000000086c00000, 0x0000000086c00000| Untracked 
|  21|0x0000000086d00000, 0x0000000086d00000, 0x0000000086e00000|  0%| F|  |TAMS 0x0000000086d00000, 0x0000000086d00000| Untracked 
|  22|0x0000000086e00000, 0x0000000086e00000, 0x0000000086f00000|  0%| F|  |TAMS 0x0000000086e00000, 0x0000000086e00000| Untracked 
|  23|0x0000000086f00000, 0x0000000086f00000, 0x0000000087000000|  0%| F|  |TAMS 0x0000000086f00000, 0x0000000086f00000| Untracked 
|  24|0x0000000087000000, 0x0000000087000000, 0x0000000087100000|  0%| F|  |TAMS 0x0000000087000000, 0x0000000087000000| Untracked 
|  25|0x0000000087100000, 0x0000000087100000, 0x0000000087200000|  0%| F|  |TAMS 0x0000000087100000, 0x0000000087100000| Untracked 
|  26|0x0000000087200000, 0x0000000087200000, 0x0000000087300000|  0%| F|  |TAMS 0x0000000087200000, 0x0000000087200000| Untracked 
|  27|0x0000000087300000, 0x0000000087300000, 0x0000000087400000|  0%| F|  |TAMS 0x0000000087300000, 0x0000000087300000| Untracked 
|  28|0x0000000087400000, 0x0000000087400000, 0x0000000087500000|  0%| F|  |TAMS 0x0000000087400000, 0x0000000087400000| Untracked 
|  29|0x0000000087500000, 0x0000000087500000, 0x0000000087600000|  0%| F|  |TAMS 0x0000000087500000, 0x0000000087500000| Untracked 
|  30|0x0000000087600000, 0x0000000087600000, 0x0000000087700000|  0%| F|  |TAMS 0x0000000087600000, 0x0000000087600000| Untracked 
|  31|0x0000000087700000, 0x0000000087700000, 0x0000000087800000|  0%| F|  |TAMS 0x0000000087700000, 0x0000000087700000| Untracked 
|  32|0x0000000087800000, 0x0000000087800000, 0x0000000087900000|  0%| F|  |TAMS 0x0000000087800000, 0x0000000087800000| Untracked 
|  33|0x0000000087900000, 0x0000000087900000, 0x0000000087a00000|  0%| F|  |TAMS 0x0000000087900000, 0x0000000087900000| Untracked 
|  34|0x0000000087a00000, 0x0000000087a00000, 0x0000000087b00000|  0%| F|  |TAMS 0x0000000087a00000, 0x0000000087a00000| Untracked 
|  35|0x0000000087b00000, 0x0000000087b00000, 0x0000000087c00000|  0%| F|  |TAMS 0x0000000087b00000, 0x0000000087b00000| Untracked 
|  36|0x0000000087c00000, 0x0000000087c00000, 0x0000000087d00000|  0%| F|  |TAMS 0x0000000087c00000, 0x0000000087c00000| Untracked 
|  37|0x0000000087d00000, 0x0000000087d00000, 0x0000000087e00000|  0%| F|  |TAMS 0x0000000087d00000, 0x0000000087d00000| Untracked 
|  38|0x0000000087e00000, 0x0000000087e00000, 0x0000000087f00000|  0%| F|  |TAMS 0x0000000087e00000, 0x0000000087e00000| Untracked 
|  39|0x0000000087f00000, 0x0000000087f00000, 0x0000000088000000|  0%| F|  |TAMS 0x0000000087f00000, 0x0000000087f00000| Untracked 
|  40|0x0000000088000000, 0x0000000088000000, 0x0000000088100000|  0%| F|  |TAMS 0x0000000088000000, 0x0000000088000000| Untracked 
|  41|0x0000000088100000, 0x0000000088100000, 0x0000000088200000|  0%| F|  |TAMS 0x0000000088100000, 0x0000000088100000| Untracked 
|  42|0x0000000088200000, 0x0000000088200000, 0x0000000088300000|  0%| F|  |TAMS 0x0000000088200000, 0x0000000088200000| Untracked 
|  43|0x0000000088300000, 0x0000000088300000, 0x0000000088400000|  0%| F|  |TAMS 0x0000000088300000, 0x0000000088300000| Untracked 
|  44|0x0000000088400000, 0x0000000088400000, 0x0000000088500000|  0%| F|  |TAMS 0x0000000088400000, 0x0000000088400000| Untracked 
|  45|0x0000000088500000, 0x0000000088500000, 0x0000000088600000|  0%| F|  |TAMS 0x0000000088500000, 0x0000000088500000| Untracked 
|  46|0x0000000088600000, 0x0000000088600000, 0x0000000088700000|  0%| F|  |TAMS 0x0000000088600000, 0x0000000088600000| Untracked 
|  47|0x0000000088700000, 0x0000000088700000, 0x0000000088800000|  0%| F|  |TAMS 0x0000000088700000, 0x0000000088700000| Untracked 
|  48|0x0000000088800000, 0x0000000088800000, 0x0000000088900000|  0%| F|  |TAMS 0x0000000088800000, 0x0000000088800000| Untracked 
|  49|0x0000000088900000, 0x0000000088900000, 0x0000000088a00000|  0%| F|  |TAMS 0x0000000088900000, 0x0000000088900000| Untracked 
|  50|0x0000000088a00000, 0x0000000088a00000, 0x0000000088b00000|  0%| F|  |TAMS 0x0000000088a00000, 0x0000000088a00000| Untracked 
|  51|0x0000000088b00000, 0x0000000088b00000, 0x0000000088c00000|  0%| F|  |TAMS 0x0000000088b00000, 0x0000000088b00000| Untracked 
|  52|0x0000000088c00000, 0x0000000088c00000, 0x0000000088d00000|  0%| F|  |TAMS 0x0000000088c00000, 0x0000000088c00000| Untracked 
|  53|0x0000000088d00000, 0x0000000088d00000, 0x0000000088e00000|  0%| F|  |TAMS 0x0000000088d00000, 0x0000000088d00000| Untracked 
|  54|0x0000000088e00000, 0x0000000088e00000, 0x0000000088f00000|  0%| F|  |TAMS 0x0000000088e00000, 0x0000000088e00000| Untracked 
|  55|0x0000000088f00000, 0x0000000088f00000, 0x0000000089000000|  0%| F|  |TAMS 0x0000000088f00000, 0x0000000088f00000| Untracked 
|  56|0x0000000089000000, 0x0000000089000000, 0x0000000089100000|  0%| F|  |TAMS 0x0000000089000000, 0x0000000089000000| Untracked 
|  57|0x0000000089100000, 0x0000000089100000, 0x0000000089200000|  0%| F|  |TAMS 0x0000000089100000, 0x0000000089100000| Untracked 
|  58|0x0000000089200000, 0x0000000089200000, 0x0000000089300000|  0%| F|  |TAMS 0x0000000089200000, 0x0000000089200000| Untracked 
|  59|0x0000000089300000, 0x0000000089300000, 0x0000000089400000|  0%| F|  |TAMS 0x0000000089300000, 0x0000000089300000| Untracked 
|  60|0x0000000089400000, 0x0000000089400000, 0x0000000089500000|  0%| F|  |TAMS 0x0000000089400000, 0x0000000089400000| Untracked 
|  61|0x0000000089500000, 0x0000000089500000, 0x0000000089600000|  0%| F|  |TAMS 0x0000000089500000, 0x0000000089500000| Untracked 
|  62|0x0000000089600000, 0x0000000089600000, 0x0000000089700000|  0%| F|  |TAMS 0x0000000089600000, 0x0000000089600000| Untracked 
|  63|0x0000000089700000, 0x0000000089700000, 0x0000000089800000|  0%| F|  |TAMS 0x0000000089700000, 0x0000000089700000| Untracked 
|  64|0x0000000089800000, 0x0000000089800000, 0x0000000089900000|  0%| F|  |TAMS 0x0000000089800000, 0x0000000089800000| Untracked 
|  65|0x0000000089900000, 0x0000000089900000, 0x0000000089a00000|  0%| F|  |TAMS 0x0000000089900000, 0x0000000089900000| Untracked 
|  66|0x0000000089a00000, 0x0000000089a00000, 0x0000000089b00000|  0%| F|  |TAMS 0x0000000089a00000, 0x0000000089a00000| Untracked 
|  67|0x0000000089b00000, 0x0000000089b00000, 0x0000000089c00000|  0%| F|  |TAMS 0x0000000089b00000, 0x0000000089b00000| Untracked 
|  68|0x0000000089c00000, 0x0000000089c00000, 0x0000000089d00000|  0%| F|  |TAMS 0x0000000089c00000, 0x0000000089c00000| Untracked 
|  69|0x0000000089d00000, 0x0000000089d00000, 0x0000000089e00000|  0%| F|  |TAMS 0x0000000089d00000, 0x0000000089d00000| Untracked 
|  70|0x0000000089e00000, 0x0000000089e00000, 0x0000000089f00000|  0%| F|  |TAMS 0x0000000089e00000, 0x0000000089e00000| Untracked 
|  71|0x0000000089f00000, 0x0000000089f00000, 0x000000008a000000|  0%| F|  |TAMS 0x0000000089f00000, 0x0000000089f00000| Untracked 
|  72|0x000000008a000000, 0x000000008a000000, 0x000000008a100000|  0%| F|  |TAMS 0x000000008a000000, 0x000000008a000000| Untracked 
|  73|0x000000008a100000, 0x000000008a100000, 0x000000008a200000|  0%| F|  |TAMS 0x000000008a100000, 0x000000008a100000| Untracked 
|  74|0x000000008a200000, 0x000000008a200000, 0x000000008a300000|  0%| F|  |TAMS 0x000000008a200000, 0x000000008a200000| Untracked 
|  75|0x000000008a300000, 0x000000008a300000, 0x000000008a400000|  0%| F|  |TAMS 0x000000008a300000, 0x000000008a300000| Untracked 
|  76|0x000000008a400000, 0x000000008a400000, 0x000000008a500000|  0%| F|  |TAMS 0x000000008a400000, 0x000000008a400000| Untracked 
|  77|0x000000008a500000, 0x000000008a500000, 0x000000008a600000|  0%| F|  |TAMS 0x000000008a500000, 0x000000008a500000| Untracked 
|  78|0x000000008a600000, 0x000000008a600000, 0x000000008a700000|  0%| F|  |TAMS 0x000000008a600000, 0x000000008a600000| Untracked 
|  79|0x000000008a700000, 0x000000008a700000, 0x000000008a800000|  0%| F|  |TAMS 0x000000008a700000, 0x000000008a700000| Untracked 
|  80|0x000000008a800000, 0x000000008a800000, 0x000000008a900000|  0%| F|  |TAMS 0x000000008a800000, 0x000000008a800000| Untracked 
|  81|0x000000008a900000, 0x000000008a900000, 0x000000008aa00000|  0%| F|  |TAMS 0x000000008a900000, 0x000000008a900000| Untracked 
|  82|0x000000008aa00000, 0x000000008aa00000, 0x000000008ab00000|  0%| F|  |TAMS 0x000000008aa00000, 0x000000008aa00000| Untracked 
|  83|0x000000008ab00000, 0x000000008ab00000, 0x000000008ac00000|  0%| F|  |TAMS 0x000000008ab00000, 0x000000008ab00000| Untracked 
|  84|0x000000008ac00000, 0x000000008ad00000, 0x000000008ad00000|100%| S|CS|TAMS 0x000000008ac00000, 0x000000008ac00000| Complete 
|  85|0x000000008ad00000, 0x000000008ae00000, 0x000000008ae00000|100%| S|CS|TAMS 0x000000008ad00000, 0x000000008ad00000| Complete 
|  86|0x000000008ae00000, 0x000000008af00000, 0x000000008af00000|100%| S|CS|TAMS 0x000000008ae00000, 0x000000008ae00000| Complete 
|  87|0x000000008af00000, 0x000000008b000000, 0x000000008b000000|100%| S|CS|TAMS 0x000000008af00000, 0x000000008af00000| Complete 
|  88|0x000000008b000000, 0x000000008b100000, 0x000000008b100000|100%| S|CS|TAMS 0x000000008b000000, 0x000000008b000000| Complete 
|  89|0x000000008b100000, 0x000000008b100000, 0x000000008b200000|  0%| F|  |TAMS 0x000000008b100000, 0x000000008b100000| Untracked 
|  90|0x000000008b200000, 0x000000008b200000, 0x000000008b300000|  0%| F|  |TAMS 0x000000008b200000, 0x000000008b200000| Untracked 
|  91|0x000000008b300000, 0x000000008b300000, 0x000000008b400000|  0%| F|  |TAMS 0x000000008b300000, 0x000000008b300000| Untracked 
|  92|0x000000008b400000, 0x000000008b400000, 0x000000008b500000|  0%| F|  |TAMS 0x000000008b400000, 0x000000008b400000| Untracked 
|  93|0x000000008b500000, 0x000000008b500000, 0x000000008b600000|  0%| F|  |TAMS 0x000000008b500000, 0x000000008b500000| Untracked 
|  94|0x000000008b600000, 0x000000008b600000, 0x000000008b700000|  0%| F|  |TAMS 0x000000008b600000, 0x000000008b600000| Untracked 
|  95|0x000000008b700000, 0x000000008b700000, 0x000000008b800000|  0%| F|  |TAMS 0x000000008b700000, 0x000000008b700000| Untracked 
|  96|0x000000008b800000, 0x000000008b800000, 0x000000008b900000|  0%| F|  |TAMS 0x000000008b800000, 0x000000008b800000| Untracked 
|  97|0x000000008b900000, 0x000000008b900000, 0x000000008ba00000|  0%| F|  |TAMS 0x000000008b900000, 0x000000008b900000| Untracked 
|  98|0x000000008ba00000, 0x000000008ba00000, 0x000000008bb00000|  0%| F|  |TAMS 0x000000008ba00000, 0x000000008ba00000| Untracked 
|  99|0x000000008bb00000, 0x000000008bb00000, 0x000000008bc00000|  0%| F|  |TAMS 0x000000008bb00000, 0x000000008bb00000| Untracked 
| 100|0x000000008bc00000, 0x000000008bc00000, 0x000000008bd00000|  0%| F|  |TAMS 0x000000008bc00000, 0x000000008bc00000| Untracked 
| 101|0x000000008bd00000, 0x000000008bd00000, 0x000000008be00000|  0%| F|  |TAMS 0x000000008bd00000, 0x000000008bd00000| Untracked 
| 102|0x000000008be00000, 0x000000008be00000, 0x000000008bf00000|  0%| F|  |TAMS 0x000000008be00000, 0x000000008be00000| Untracked 
| 103|0x000000008bf00000, 0x000000008bf00000, 0x000000008c000000|  0%| F|  |TAMS 0x000000008bf00000, 0x000000008bf00000| Untracked 
| 104|0x000000008c000000, 0x000000008c000000, 0x000000008c100000|  0%| F|  |TAMS 0x000000008c000000, 0x000000008c000000| Untracked 
| 105|0x000000008c100000, 0x000000008c100000, 0x000000008c200000|  0%| F|  |TAMS 0x000000008c100000, 0x000000008c100000| Untracked 
| 106|0x000000008c200000, 0x000000008c200000, 0x000000008c300000|  0%| F|  |TAMS 0x000000008c200000, 0x000000008c200000| Untracked 
| 107|0x000000008c300000, 0x000000008c300000, 0x000000008c400000|  0%| F|  |TAMS 0x000000008c300000, 0x000000008c300000| Untracked 
| 108|0x000000008c400000, 0x000000008c400000, 0x000000008c500000|  0%| F|  |TAMS 0x000000008c400000, 0x000000008c400000| Untracked 
| 109|0x000000008c500000, 0x000000008c500000, 0x000000008c600000|  0%| F|  |TAMS 0x000000008c500000, 0x000000008c500000| Untracked 
| 110|0x000000008c600000, 0x000000008c600000, 0x000000008c700000|  0%| F|  |TAMS 0x000000008c600000, 0x000000008c600000| Untracked 
| 111|0x000000008c700000, 0x000000008c700000, 0x000000008c800000|  0%| F|  |TAMS 0x000000008c700000, 0x000000008c700000| Untracked 
| 112|0x000000008c800000, 0x000000008c800000, 0x000000008c900000|  0%| F|  |TAMS 0x000000008c800000, 0x000000008c800000| Untracked 
| 113|0x000000008c900000, 0x000000008c900000, 0x000000008ca00000|  0%| F|  |TAMS 0x000000008c900000, 0x000000008c900000| Untracked 
| 114|0x000000008ca00000, 0x000000008ca00000, 0x000000008cb00000|  0%| F|  |TAMS 0x000000008ca00000, 0x000000008ca00000| Untracked 
| 115|0x000000008cb00000, 0x000000008cb00000, 0x000000008cc00000|  0%| F|  |TAMS 0x000000008cb00000, 0x000000008cb00000| Untracked 
| 116|0x000000008cc00000, 0x000000008cc00000, 0x000000008cd00000|  0%| F|  |TAMS 0x000000008cc00000, 0x000000008cc00000| Untracked 
| 117|0x000000008cd00000, 0x000000008cd00000, 0x000000008ce00000|  0%| F|  |TAMS 0x000000008cd00000, 0x000000008cd00000| Untracked 
| 118|0x000000008ce00000, 0x000000008ce00000, 0x000000008cf00000|  0%| F|  |TAMS 0x000000008ce00000, 0x000000008ce00000| Untracked 
| 119|0x000000008cf00000, 0x000000008cf00000, 0x000000008d000000|  0%| F|  |TAMS 0x000000008cf00000, 0x000000008cf00000| Untracked 
| 120|0x000000008d000000, 0x000000008d0f2d68, 0x000000008d100000| 94%| E|  |TAMS 0x000000008d000000, 0x000000008d000000| Complete 
| 121|0x000000008d100000, 0x000000008d200000, 0x000000008d200000|100%| E|CS|TAMS 0x000000008d100000, 0x000000008d100000| Complete 
| 122|0x000000008d200000, 0x000000008d300000, 0x000000008d300000|100%| E|CS|TAMS 0x000000008d200000, 0x000000008d200000| Complete 
| 123|0x000000008d300000, 0x000000008d400000, 0x000000008d400000|100%| E|CS|TAMS 0x000000008d300000, 0x000000008d300000| Complete 

Card table byte_map: [0x000001c2660f0000,0x000001c2664d0000] _byte_map_base: 0x000001c265cc4000

Marking Bits (Prev, Next): (CMBitMap*) 0x000001c253036c30, (CMBitMap*) 0x000001c253036c70
 Prev Bits: [0x000001c2668b0000, 0x000001c268750000)
 Next Bits: [0x000001c268750000, 0x000001c26a5f0000)

Polling page: 0x000001c251150000

Metaspace:

Usage:
  Non-class:     13.32 MB used.
      Class:      2.13 MB used.
       Both:     15.45 MB used.

Virtual space:
  Non-class space:       64.00 MB reserved,      13.44 MB ( 21%) committed,  1 nodes.
      Class space:        1.00 GB reserved,       2.25 MB ( <1%) committed,  1 nodes.
             Both:        1.06 GB reserved,      15.69 MB (  1%) committed. 

Chunk freelists:
   Non-Class:  2.13 MB
       Class:  13.79 MB
        Both:  15.92 MB

MaxMetaspaceSize: unlimited
CompressedClassSpaceSize: 1.00 GB
Initial GC threshold: 21.00 MB
Current GC threshold: 21.00 MB
CDS: on
MetaspaceReclaimPolicy: balanced
 - commit_granule_bytes: 65536.
 - commit_granule_words: 8192.
 - virtual_space_node_default_size: 8388608.
 - enlarge_chunks_in_place: 1.
 - new_chunks_are_fully_committed: 0.
 - uncommit_free_chunks: 1.
 - use_allocation_guard: 0.
 - handle_deallocations: 1.


Internal statistics:

num_allocs_failed_limit: 0.
num_arena_births: 226.
num_arena_deaths: 0.
num_vsnodes_births: 2.
num_vsnodes_deaths: 0.
num_space_committed: 252.
num_space_uncommitted: 0.
num_chunks_returned_to_freelist: 0.
num_chunks_taken_from_freelist: 725.
num_chunk_merges: 0.
num_chunk_splits: 495.
num_chunks_enlarged: 356.
num_inconsistent_stats: 0.

CodeHeap 'non-profiled nmethods': size=120000Kb used=769Kb max_used=769Kb free=119230Kb
 bounds [0x000001c25e290000, 0x000001c25e500000, 0x000001c2657c0000]
CodeHeap 'profiled nmethods': size=120000Kb used=4146Kb max_used=4146Kb free=115853Kb
 bounds [0x000001c2567c0000, 0x000001c256bd0000, 0x000001c25dcf0000]
CodeHeap 'non-nmethods': size=5760Kb used=1337Kb max_used=1338Kb free=4422Kb
 bounds [0x000001c25dcf0000, 0x000001c25df60000, 0x000001c25e290000]
 total_blobs=2842 nmethods=2165 adapters=589
 compilation: enabled
              stopped_count=0, restarted_count=0
 full_count=0

Compilation events (20 events):
Event: 5.437 Thread 0x000001c26c9f5090 1627       3       java.lang.Class::getMethodsRecursive (99 bytes)
Event: 5.438 Thread 0x000001c26c9f5090 nmethod 1627 0x000001c256a86a90 code [0x000001c256a86cc0, 0x000001c256a87248]
Event: 5.438 Thread 0x000001c26c9f5090 1630       3       com.sun.org.apache.xerces.internal.utils.XMLSecurityManager::isOverLimit (111 bytes)
Event: 5.438 Thread 0x000001c26c9f5090 nmethod 1630 0x000001c256a87590 code [0x000001c256a877a0, 0x000001c256a87d98]
Event: 5.438 Thread 0x000001c26c9f5090 1631       3       com.sun.org.apache.xerces.internal.utils.XMLSecurityManager::isOverLimit (10 bytes)
Event: 5.438 Thread 0x000001c26c9f5090 nmethod 1631 0x000001c256a88010 code [0x000001c256a881c0, 0x000001c256a88328]
Event: 5.438 Thread 0x000001c26c9f5090 1629       3       java.lang.StringConcatHelper::mix (22 bytes)
Event: 5.438 Thread 0x000001c26c9f5090 nmethod 1629 0x000001c256a88410 code [0x000001c256a885e0, 0x000001c256a88948]
Event: 5.751 Thread 0x000001c26c9f5090 1632       3       java.util.concurrent.atomic.AtomicBoolean::get (13 bytes)
Event: 6.446 Thread 0x000001c26c9f5090 nmethod 1632 0x000001c256a88a90 code [0x000001c256a88c20, 0x000001c256a88d78]
Event: 6.446 Thread 0x000001c26c9f5090 1633       3       com.sun.javafx.geom.BaseBounds::<init> (5 bytes)
Event: 6.446 Thread 0x000001c26c9f5090 nmethod 1633 0x000001c256a88e10 code [0x000001c256a88fa0, 0x000001c256a890f8]
Event: 6.452 Thread 0x000001c2733a2640 nmethod 1601 0x000001c25e327c10 code [0x000001c25e327e20, 0x000001c25e3294b8]
Event: 6.452 Thread 0x000001c2733a2640 1634       4       java.util.zip.ZipEntry::<init> (84 bytes)
Event: 6.455 Thread 0x000001c2733a2640 nmethod 1634 0x000001c25e329c90 code [0x000001c25e329e00, 0x000001c25e329fb8]
Event: 6.457 Thread 0x000001c26c9f5090 1635       3       sun.reflect.generics.parser.SignatureParser::skipIdentifier (67 bytes)
Event: 6.458 Thread 0x000001c26c9f5090 nmethod 1635 0x000001c256a89190 code [0x000001c256a893a0, 0x000001c256a89908]
Event: 6.458 Thread 0x000001c26c9f5090 1636       1       java.lang.Class::getAnnotationType (5 bytes)
Event: 6.458 Thread 0x000001c26c9f5090 nmethod 1636 0x000001c25e32a110 code [0x000001c25e32a2a0, 0x000001c25e32a378]
Event: 6.459 Thread 0x000001c26c9f5090 1637       3       java.lang.StringConcatHelper::prepend (22 bytes)

GC Heap History (2 events):
Event: 4.049 GC heap before
{Heap before GC invocations=0 (full 0):
 garbage-first heap   total 126976K, used 23552K [0x0000000085800000, 0x0000000100000000)
  region size 1024K, 23 young (23552K), 0 survivors (0K)
 Metaspace       used 6130K, committed 6336K, reserved 1114112K
  class space    used 754K, committed 832K, reserved 1048576K
}
Event: 4.053 GC heap after
{Heap after GC invocations=1 (full 0):
 garbage-first heap   total 126976K, used 3072K [0x0000000085800000, 0x0000000100000000)
  region size 1024K, 3 young (3072K), 3 survivors (3072K)
 Metaspace       used 6130K, committed 6336K, reserved 1114112K
  class space    used 754K, committed 832K, reserved 1048576K
}

Dll operation events (2 events):
Event: 0.004 Loaded shared library C:\Users\Admin\.jdks\jbr-17.0.14\bin\java.dll
Event: 1.089 Loaded shared library C:\Users\Admin\.jdks\jbr-17.0.14\bin\jsvml.dll

Deoptimization events (20 events):
Event: 5.367 Thread 0x000001c2726a16d0 Uncommon trap: trap_request=0xffffff45 fr.pc=0x000001c25e2cdfb8 relative=0x0000000000000038
Event: 5.367 Thread 0x000001c2726a16d0 Uncommon trap: reason=unstable_if action=reinterpret pc=0x000001c25e2cdfb8 method=jdk.internal.misc.Unsafe.convEndian(ZI)I @ 4 c2
Event: 5.367 Thread 0x000001c2726a16d0 DEOPT PACKING pc=0x000001c25e2cdfb8 sp=0x000000035b4fd360
Event: 5.367 Thread 0x000001c2726a16d0 DEOPT UNPACKING pc=0x000001c25dd469a3 sp=0x000000035b4fd2f8 mode 2
Event: 5.376 Thread 0x000001c2726a16d0 Uncommon trap: trap_request=0xffffffde fr.pc=0x000001c25e2cf5f4 relative=0x0000000000000b74
Event: 5.376 Thread 0x000001c2726a16d0 Uncommon trap: reason=class_check action=maybe_recompile pc=0x000001c25e2cf5f4 method=java.util.HashMap.putVal(ILjava/lang/Object;Ljava/lang/Object;ZZ)Ljava/lang/Object; @ 91 c2
Event: 5.376 Thread 0x000001c2726a16d0 DEOPT PACKING pc=0x000001c25e2cf5f4 sp=0x000000035b4fe070
Event: 5.376 Thread 0x000001c2726a16d0 DEOPT UNPACKING pc=0x000001c25dd469a3 sp=0x000000035b4fe010 mode 2
Event: 5.379 Thread 0x000001c2726a16d0 Uncommon trap: trap_request=0xffffff45 fr.pc=0x000001c25e3016d0 relative=0x0000000000000410
Event: 5.379 Thread 0x000001c2726a16d0 Uncommon trap: reason=unstable_if action=reinterpret pc=0x000001c25e3016d0 method=java.util.HashMap.getNode(Ljava/lang/Object;)Ljava/util/HashMap$Node; @ 66 c2
Event: 5.379 Thread 0x000001c2726a16d0 DEOPT PACKING pc=0x000001c25e3016d0 sp=0x000000035b4fe240
Event: 5.379 Thread 0x000001c2726a16d0 DEOPT UNPACKING pc=0x000001c25dd469a3 sp=0x000000035b4fe160 mode 2
Event: 5.379 Thread 0x000001c2726a16d0 Uncommon trap: trap_request=0xffffff45 fr.pc=0x000001c25e2f4c54 relative=0x0000000000000414
Event: 5.379 Thread 0x000001c2726a16d0 Uncommon trap: reason=unstable_if action=reinterpret pc=0x000001c25e2f4c54 method=java.util.HashMap.getNode(Ljava/lang/Object;)Ljava/util/HashMap$Node; @ 66 c2
Event: 5.379 Thread 0x000001c2726a16d0 DEOPT PACKING pc=0x000001c25e2f4c54 sp=0x000000035b4fe110
Event: 5.379 Thread 0x000001c2726a16d0 DEOPT UNPACKING pc=0x000001c25dd469a3 sp=0x000000035b4fe0a0 mode 2
Event: 5.406 Thread 0x000001c2726a16d0 Uncommon trap: trap_request=0xffffffde fr.pc=0x000001c25e2cf5f4 relative=0x0000000000000b74
Event: 5.406 Thread 0x000001c2726a16d0 Uncommon trap: reason=class_check action=maybe_recompile pc=0x000001c25e2cf5f4 method=java.util.HashMap.putVal(ILjava/lang/Object;Ljava/lang/Object;ZZ)Ljava/lang/Object; @ 91 c2
Event: 5.406 Thread 0x000001c2726a16d0 DEOPT PACKING pc=0x000001c25e2cf5f4 sp=0x000000035b4fe070
Event: 5.406 Thread 0x000001c2726a16d0 DEOPT UNPACKING pc=0x000001c25dd469a3 sp=0x000000035b4fe010 mode 2

Classes loaded (20 events):
Event: 5.369 Loading class sun/reflect/generics/tree/Signature done
Event: 5.369 Loading class sun/reflect/generics/tree/MethodTypeSignature done
Event: 5.369 Loading class sun/reflect/generics/reflectiveObjects/ParameterizedTypeImpl
Event: 5.369 Loading class java/lang/reflect/ParameterizedType
Event: 5.369 Loading class java/lang/reflect/ParameterizedType done
Event: 5.369 Loading class sun/reflect/generics/reflectiveObjects/ParameterizedTypeImpl done
Event: 5.369 Loading class sun/reflect/generics/repository/ClassRepository
Event: 5.369 Loading class sun/reflect/generics/repository/ClassRepository done
Event: 5.369 Loading class sun/reflect/generics/tree/ClassSignature
Event: 5.369 Loading class sun/reflect/generics/tree/ClassSignature done
Event: 5.369 Loading class sun/reflect/generics/tree/TypeVariableSignature
Event: 5.369 Loading class sun/reflect/generics/tree/TypeVariableSignature done
Event: 5.369 Loading class sun/reflect/generics/reflectiveObjects/TypeVariableImpl
Event: 5.369 Loading class sun/reflect/generics/reflectiveObjects/LazyReflectiveObjectGenerator
Event: 5.369 Loading class sun/reflect/generics/reflectiveObjects/LazyReflectiveObjectGenerator done
Event: 5.370 Loading class sun/reflect/generics/reflectiveObjects/TypeVariableImpl done
Event: 5.375 Loading class java/lang/Byte$ByteCache
Event: 5.375 Loading class java/lang/Byte$ByteCache done
Event: 5.375 Loading class java/lang/Short$ShortCache
Event: 5.375 Loading class java/lang/Short$ShortCache done

Classes unloaded (0 events):
No events

Classes redefined (0 events):
No events

Internal exceptions (20 events):
Event: 2.550 Thread 0x000001c252fd8360 Exception <a 'java/lang/NoSuchMethodError'{0x000000008c60b0f0}: 'void java.lang.invoke.DirectMethodHandle$Holder.invokeSpecial(java.lang.Object, java.lang.Object, java.lang.Object)'> (0x000000008c60b0f0) 
thrown [s\src\hotspot\share\interpreter\linkResolver.cpp, line 771]
Event: 2.558 Thread 0x000001c252fd8360 Exception <a 'java/lang/NoSuchMethodError'{0x000000008c643e78}: 'void java.lang.invoke.DirectMethodHandle$Holder.invokeStatic(java.lang.Object, java.lang.Object, java.lang.Object)'> (0x000000008c643e78) 
thrown [s\src\hotspot\share\interpreter\linkResolver.cpp, line 771]
Event: 2.682 Thread 0x000001c252fd8360 Exception <a 'java/lang/NoSuchMethodError'{0x000000008c660a40}: 'int java.lang.invoke.DirectMethodHandle$Holder.invokeStaticInit(java.lang.Object, java.lang.Object, java.lang.Object)'> (0x000000008c660a40) 
thrown [s\src\hotspot\share\interpreter\linkResolver.cpp, line 771]
Event: 2.711 Thread 0x000001c252fd8360 Exception <a 'java/lang/NoSuchMethodError'{0x000000008c596528}: 'java.lang.Object java.lang.invoke.DirectMethodHandle$Holder.newInvokeSpecial(java.lang.Object, java.lang.Object, int, java.lang.Object)'> (0x000000008c596528) 
thrown [s\src\hotspot\share\interpreter\linkResolver.cpp, line 771]
Event: 2.711 Thread 0x000001c252fd8360 Exception <a 'java/lang/NoSuchMethodError'{0x000000008c59a908}: 'java.lang.Object java.lang.invoke.DirectMethodHandle$Holder.invokeSpecial(java.lang.Object, java.lang.Object, java.lang.Object, int, java.lang.Object)'> (0x000000008c59a908) 
thrown [s\src\hotspot\share\interpreter\linkResolver.cpp, line 771]
Event: 3.870 Thread 0x000001c2726a16d0 Exception <a 'java/lang/NoSuchMethodError'{0x000000008c3093e8}: 'void java.lang.invoke.DirectMethodHandle$Holder.invokeStaticInit(java.lang.Object)'> (0x000000008c3093e8) 
thrown [s\src\hotspot\share\interpreter\linkResolver.cpp, line 771]
Event: 3.876 Thread 0x000001c252fd8360 Exception <a 'java/lang/NoSuchMethodError'{0x000000008c5af998}: 'java.lang.Object java.lang.invoke.DirectMethodHandle$Holder.newInvokeSpecial(java.lang.Object, java.lang.Object, java.lang.Object, java.lang.Object, java.lang.Object, java.lang.Object)'> (0x000000008c5af998) 
thrown [s\src\hotspot\share\interpreter\linkResolver.cpp, line 771]
Event: 3.885 Thread 0x000001c252fd8360 Exception <a 'java/lang/NoSuchMethodError'{0x000000008c5e03e8}: 'java.lang.Object java.lang.invoke.DirectMethodHandle$Holder.newInvokeSpecial(java.lang.Object, java.lang.Object, java.lang.Object, java.lang.Object, java.lang.Object)'> (0x000000008c5e03e8) 
thrown [s\src\hotspot\share\interpreter\linkResolver.cpp, line 771]
Event: 3.887 Thread 0x000001c2731c55f0 Exception <a 'java/lang/NoSuchMethodError'{0x000000008c37a3f0}: 'void java.lang.invoke.DirectMethodHandle$Holder.invokeStatic(java.lang.Object, java.lang.Object, java.lang.Object, java.lang.Object)'> (0x000000008c37a3f0) 
thrown [s\src\hotspot\share\interpreter\linkResolver.cpp, line 771]
Event: 4.003 Thread 0x000001c2726a16d0 Implicit null exception at 0x000001c25e2d17d8 to 0x000001c25e2d186e
Event: 4.003 Thread 0x000001c2726a16d0 Implicit null exception at 0x000001c25e2abe0f to 0x000001c25e2abe89
Event: 4.036 Thread 0x000001c2726a16d0 Exception <a 'java/lang/NoSuchMethodError'{0x000000008bd90458}: 'java.lang.Object java.lang.invoke.DirectMethodHandle$Holder.invokeInterface(java.lang.Object, java.lang.Object)'> (0x000000008bd90458) 
thrown [s\src\hotspot\share\interpreter\linkResolver.cpp, line 771]
Event: 4.057 Thread 0x000001c2726a16d0 Exception <a 'java/lang/NoSuchMethodError'{0x000000008d319608}: 'java.lang.Object java.lang.invoke.DirectMethodHandle$Holder.invokeVirtual(java.lang.Object, java.lang.Object, java.lang.Object)'> (0x000000008d319608) 
thrown [s\src\hotspot\share\interpreter\linkResolver.cpp, line 771]
Event: 5.260 Thread 0x000001c2726a16d0 Exception <a 'java/lang/NoSuchMethodError'{0x000000008c991af8}: 'java.lang.Object java.lang.invoke.DirectMethodHandle$Holder.invokeStaticInit(java.lang.Object, java.lang.Object, java.lang.Object, java.lang.Object)'> (0x000000008c991af8) 
thrown [s\src\hotspot\share\interpreter\linkResolver.cpp, line 771]
Event: 5.261 Thread 0x000001c2726a16d0 Exception <a 'java/lang/NullPointerException'{0x000000008c99d7b0}> (0x000000008c99d7b0) 
thrown [s\src\hotspot\share\interpreter\linkResolver.cpp, line 1364]
Event: 5.279 Thread 0x000001c2726a16d0 Exception <a 'java/lang/ClassNotFoundException'{0x000000008c8a0680}: com/sun/glass/ui/win/themes> (0x000000008c8a0680) 
thrown [s\src\hotspot\share\prims\jni.cpp, line 550]
Event: 5.280 Thread 0x000001c2726a16d0 Exception <a 'java/lang/ClassNotFoundException'{0x000000008c8ac2f8}: com/sun/glass/ui/win/themes_fr> (0x000000008c8ac2f8) 
thrown [s\src\hotspot\share\prims\jni.cpp, line 550]
Event: 5.280 Thread 0x000001c2726a16d0 Exception <a 'java/lang/ClassNotFoundException'{0x000000008c8b43c0}: com/sun/glass/ui/win/themes_fr_FR> (0x000000008c8b43c0) 
thrown [s\src\hotspot\share\prims\jni.cpp, line 550]
Event: 5.340 Thread 0x000001c2726a16d0 Exception <a 'java/lang/NoSuchMethodError'{0x000000008c3fe380}: 'void java.lang.invoke.DirectMethodHandle$Holder.invokeStaticInit(java.lang.Object, java.lang.Object)'> (0x000000008c3fe380) 
thrown [s\src\hotspot\share\interpreter\linkResolver.cpp, line 771]
Event: 5.343 Thread 0x000001c2726a16d0 Exception <a 'java/lang/NoSuchMethodError'{0x000000008c2461b8}: 'void java.lang.invoke.DirectMethodHandle$Holder.invokeSpecial(java.lang.Object, java.lang.Object, java.lang.Object, java.lang.Object, java.lang.Object)'> (0x000000008c2461b8) 
thrown [s\src\hotspot\share\interpreter\linkResolver.cpp, line 771]

VM Operations (20 events):
Event: 3.703 Executing VM operation: Cleanup
Event: 3.703 Executing VM operation: Cleanup done
Event: 4.006 Executing VM operation: HandshakeAllThreads
Event: 4.006 Executing VM operation: HandshakeAllThreads done
Event: 4.013 Executing VM operation: HandshakeAllThreads
Event: 4.013 Executing VM operation: HandshakeAllThreads done
Event: 4.018 Executing VM operation: HandshakeAllThreads
Event: 4.018 Executing VM operation: HandshakeAllThreads done
Event: 4.037 Executing VM operation: HandshakeAllThreads
Event: 4.037 Executing VM operation: HandshakeAllThreads done
Event: 4.049 Executing VM operation: G1CollectForAllocation
Event: 4.053 Executing VM operation: G1CollectForAllocation done
Event: 4.101 Executing VM operation: HandshakeAllThreads
Event: 4.101 Executing VM operation: HandshakeAllThreads done
Event: 5.101 Executing VM operation: Cleanup
Event: 5.130 Executing VM operation: Cleanup done
Event: 5.379 Executing VM operation: HandshakeAllThreads
Event: 5.379 Executing VM operation: HandshakeAllThreads done
Event: 6.379 Executing VM operation: Cleanup
Event: 6.380 Executing VM operation: Cleanup done

Memory protections (0 events):
No events

Nmethod flushes (0 events):
No events

Events (20 events):
Event: 2.506 Loaded shared library C:\Users\Admin\.openjfx\cache\21.0.2+5\amd64\ucrtbase.dll
Event: 2.508 Loaded shared library C:\Users\Admin\.openjfx\cache\21.0.2+5\amd64\vcruntime140.dll
Event: 2.510 Loaded shared library C:\Users\Admin\.openjfx\cache\21.0.2+5\amd64\vcruntime140_1.dll
Event: 2.516 Loaded shared library C:\Users\Admin\.openjfx\cache\21.0.2+5\amd64\msvcp140.dll
Event: 2.518 Loaded shared library C:\Users\Admin\.openjfx\cache\21.0.2+5\amd64\msvcp140_1.dll
Event: 2.522 Loaded shared library C:\Users\Admin\.openjfx\cache\21.0.2+5\amd64\msvcp140_2.dll
Event: 2.559 Thread 0x000001c252fd8360 Thread added: 0x000001c27249b040
Event: 2.565 Thread 0x000001c26d66e530 Thread exited: 0x000001c26d66e530
Event: 2.572 Loaded shared library C:\Users\Admin\.openjfx\cache\21.0.2+5\amd64\prism_d3d.dll
Event: 2.672 Thread 0x000001c26d6398d0 Thread exited: 0x000001c26d6398d0
Event: 2.706 Loaded shared library C:\Users\Admin\.openjfx\cache\21.0.2+5\amd64\glass.dll
Event: 2.709 Thread 0x000001c252fd8360 Thread added: 0x000001c273043780
Event: 2.713 Thread 0x000001c252fd8360 Thread added: 0x000001c2726a16d0
Event: 3.886 Thread 0x000001c252fd8360 Thread added: 0x000001c2731c55f0
Event: 3.895 Thread 0x000001c2726a44e0 Thread added: 0x000001c2726a44e0
Event: 3.926 Loaded shared library C:\Users\Admin\.jdks\jbr-17.0.14\bin\jimage.dll
Event: 4.013 Thread 0x000001c2726a16d0 Thread added: 0x000001c2730b0700
Event: 4.046 Thread 0x000001c26c9f45e0 Thread added: 0x000001c2733a2640
Event: 4.112 Loaded shared library C:\Users\Admin\.jdks\jbr-17.0.14\bin\extnet.dll
Event: 5.303 Loaded shared library C:\Users\Admin\.openjfx\cache\21.0.2+5\amd64\javafx_font.dll


Dynamic libraries:
0x00007ff784450000 - 0x00007ff78445a000 	C:\Users\Admin\.jdks\jbr-17.0.14\bin\java.exe
0x00007ff83db20000 - 0x00007ff83dd87000 	C:\WINDOWS\SYSTEM32\ntdll.dll
0x00007ff83ced0000 - 0x00007ff83cf99000 	C:\WINDOWS\System32\KERNEL32.DLL
0x00007ff83a8e0000 - 0x00007ff83acd4000 	C:\WINDOWS\System32\KERNELBASE.dll
0x00007ff83a420000 - 0x00007ff83a56b000 	C:\WINDOWS\System32\ucrtbase.dll
0x00007ff818780000 - 0x00007ff818797000 	C:\Users\Admin\.jdks\jbr-17.0.14\bin\jli.dll
0x00007ff8182a0000 - 0x00007ff8182bb000 	C:\Users\Admin\.jdks\jbr-17.0.14\bin\VCRUNTIME140.dll
0x00007ff83c950000 - 0x00007ff83cb15000 	C:\WINDOWS\System32\USER32.dll
0x00007ff83a3f0000 - 0x00007ff83a417000 	C:\WINDOWS\System32\win32u.dll
0x00007ff83d910000 - 0x00007ff83d93b000 	C:\WINDOWS\System32\GDI32.dll
0x00007ff817c40000 - 0x00007ff817ed3000 	C:\WINDOWS\WinSxS\amd64_microsoft.windows.common-controls_6595b64144ccf1df_6.0.26100.8115_none_3e075c82e3354f9c\COMCTL32.dll
0x00007ff83a7b0000 - 0x00007ff83a8db000 	C:\WINDOWS\System32\gdi32full.dll
0x00007ff83ace0000 - 0x00007ff83ad83000 	C:\WINDOWS\System32\msvcp_win.dll
0x00007ff83c0b0000 - 0x00007ff83c159000 	C:\WINDOWS\System32\msvcrt.dll
0x00007ff83d250000 - 0x00007ff83d282000 	C:\WINDOWS\System32\IMM32.DLL
0x00007ff828720000 - 0x00007ff82872c000 	C:\Users\Admin\.jdks\jbr-17.0.14\bin\vcruntime140_1.dll
0x00007ff818210000 - 0x00007ff81829d000 	C:\Users\Admin\.jdks\jbr-17.0.14\bin\msvcp140.dll
0x00007fff9f050000 - 0x00007fff9fcde000 	C:\Users\Admin\.jdks\jbr-17.0.14\bin\server\jvm.dll
0x00007ff83da10000 - 0x00007ff83dac6000 	C:\WINDOWS\System32\ADVAPI32.dll
0x00007ff83d680000 - 0x00007ff83d727000 	C:\WINDOWS\System32\sechost.dll
0x00007ff83cfa0000 - 0x00007ff83d0b8000 	C:\WINDOWS\System32\RPCRT4.dll
0x00007ff83cce0000 - 0x00007ff83cd60000 	C:\WINDOWS\System32\WS2_32.dll
0x00007ff83a250000 - 0x00007ff83a2ae000 	C:\WINDOWS\SYSTEM32\POWRPROF.dll
0x00007ff835510000 - 0x00007ff835546000 	C:\WINDOWS\SYSTEM32\WINMM.dll
0x00007ff827760000 - 0x00007ff82776b000 	C:\WINDOWS\SYSTEM32\VERSION.dll
0x00007ff83a230000 - 0x00007ff83a244000 	C:\WINDOWS\SYSTEM32\UMPDC.dll
0x00007ff839180000 - 0x00007ff83919b000 	C:\WINDOWS\SYSTEM32\kernel.appcore.dll
0x00007ff818770000 - 0x00007ff81877a000 	C:\Users\Admin\.jdks\jbr-17.0.14\bin\jimage.dll
0x00007ff838260000 - 0x00007ff8384a2000 	C:\WINDOWS\SYSTEM32\DBGHELP.DLL
0x00007ff83d290000 - 0x00007ff83d612000 	C:\WINDOWS\System32\combase.dll
0x00007ff83c870000 - 0x00007ff83c948000 	C:\WINDOWS\System32\OLEAUT32.dll
0x00007ff815b60000 - 0x00007ff815b9b000 	C:\WINDOWS\SYSTEM32\dbgcore.DLL
0x00007ff83af00000 - 0x00007ff83afa5000 	C:\WINDOWS\System32\bcryptPrimitives.dll
0x00007ff8181e0000 - 0x00007ff818205000 	C:\Users\Admin\.jdks\jbr-17.0.14\bin\java.dll
0x00007ffff39a0000 - 0x00007ffff3a77000 	C:\Users\Admin\.jdks\jbr-17.0.14\bin\jsvml.dll
0x00007ff83b940000 - 0x00007ff83c0a7000 	C:\WINDOWS\System32\SHELL32.dll
0x00007ff83ad90000 - 0x00007ff83aefa000 	C:\WINDOWS\System32\wintypes.dll
0x00007ff83afb0000 - 0x00007ff83b818000 	C:\WINDOWS\System32\windows.storage.dll
0x00007ff83d0c0000 - 0x00007ff83d1b8000 	C:\WINDOWS\System32\SHCORE.dll
0x00007ff83b8b0000 - 0x00007ff83b916000 	C:\WINDOWS\System32\shlwapi.dll
0x00007ff83a310000 - 0x00007ff83a339000 	C:\WINDOWS\SYSTEM32\profapi.dll
0x00007ff8181a0000 - 0x00007ff8181b9000 	C:\Users\Admin\.jdks\jbr-17.0.14\bin\net.dll
0x00007ff834810000 - 0x00007ff83493d000 	C:\WINDOWS\SYSTEM32\WINHTTP.dll
0x00007ff8396f0000 - 0x00007ff83975c000 	C:\WINDOWS\system32\mswsock.dll
0x00007ff818180000 - 0x00007ff818196000 	C:\Users\Admin\.jdks\jbr-17.0.14\bin\nio.dll
0x00007ff8181c0000 - 0x00007ff8181d8000 	C:\Users\Admin\.jdks\jbr-17.0.14\bin\zip.dll
0x000001c251190000 - 0x000001c251193000 	C:\Users\Admin\.openjfx\cache\21.0.2+5\amd64\api-ms-win-core-console-l1-1-0.dll
0x000001c2511a0000 - 0x000001c2511a3000 	C:\Users\Admin\.openjfx\cache\21.0.2+5\amd64\api-ms-win-core-console-l1-2-0.dll
0x000001c2511b0000 - 0x000001c2511b3000 	C:\Users\Admin\.openjfx\cache\21.0.2+5\amd64\api-ms-win-core-datetime-l1-1-0.dll
0x000001c2511c0000 - 0x000001c2511c3000 	C:\Users\Admin\.openjfx\cache\21.0.2+5\amd64\api-ms-win-core-debug-l1-1-0.dll
0x000001c2511d0000 - 0x000001c2511d3000 	C:\Users\Admin\.openjfx\cache\21.0.2+5\amd64\api-ms-win-core-errorhandling-l1-1-0.dll
0x000001c252f40000 - 0x000001c252f44000 	C:\Users\Admin\.openjfx\cache\21.0.2+5\amd64\api-ms-win-core-file-l1-1-0.dll
0x000001c252f50000 - 0x000001c252f53000 	C:\Users\Admin\.openjfx\cache\21.0.2+5\amd64\api-ms-win-core-file-l1-2-0.dll
0x000001c252f60000 - 0x000001c252f63000 	C:\Users\Admin\.openjfx\cache\21.0.2+5\amd64\api-ms-win-core-file-l2-1-0.dll
0x000001c252f70000 - 0x000001c252f73000 	C:\Users\Admin\.openjfx\cache\21.0.2+5\amd64\api-ms-win-core-handle-l1-1-0.dll
0x000001c252f80000 - 0x000001c252f83000 	C:\Users\Admin\.openjfx\cache\21.0.2+5\amd64\api-ms-win-core-heap-l1-1-0.dll
0x000001c26d8f0000 - 0x000001c26d8f3000 	C:\Users\Admin\.openjfx\cache\21.0.2+5\amd64\api-ms-win-core-interlocked-l1-1-0.dll
0x000001c26d900000 - 0x000001c26d903000 	C:\Users\Admin\.openjfx\cache\21.0.2+5\amd64\api-ms-win-core-libraryloader-l1-1-0.dll
0x000001c26d910000 - 0x000001c26d913000 	C:\Users\Admin\.openjfx\cache\21.0.2+5\amd64\api-ms-win-core-localization-l1-2-0.dll
0x000001c26d920000 - 0x000001c26d923000 	C:\Users\Admin\.openjfx\cache\21.0.2+5\amd64\api-ms-win-core-memory-l1-1-0.dll
0x000001c26d930000 - 0x000001c26d933000 	C:\Users\Admin\.openjfx\cache\21.0.2+5\amd64\api-ms-win-core-namedpipe-l1-1-0.dll
0x000001c26d940000 - 0x000001c26d943000 	C:\Users\Admin\.openjfx\cache\21.0.2+5\amd64\api-ms-win-core-processenvironment-l1-1-0.dll
0x000001c26d950000 - 0x000001c26d953000 	C:\Users\Admin\.openjfx\cache\21.0.2+5\amd64\api-ms-win-core-processthreads-l1-1-0.dll
0x000001c26d960000 - 0x000001c26d963000 	C:\Users\Admin\.openjfx\cache\21.0.2+5\amd64\api-ms-win-core-processthreads-l1-1-1.dll
0x000001c26d970000 - 0x000001c26d973000 	C:\Users\Admin\.openjfx\cache\21.0.2+5\amd64\api-ms-win-core-profile-l1-1-0.dll
0x000001c26d980000 - 0x000001c26d983000 	C:\Users\Admin\.openjfx\cache\21.0.2+5\amd64\api-ms-win-core-rtlsupport-l1-1-0.dll
0x000001c26d990000 - 0x000001c26d993000 	C:\Users\Admin\.openjfx\cache\21.0.2+5\amd64\api-ms-win-core-string-l1-1-0.dll
0x000001c26d9a0000 - 0x000001c26d9a3000 	C:\Users\Admin\.openjfx\cache\21.0.2+5\amd64\api-ms-win-core-synch-l1-1-0.dll
0x000001c26d9b0000 - 0x000001c26d9b3000 	C:\Users\Admin\.openjfx\cache\21.0.2+5\amd64\api-ms-win-core-synch-l1-2-0.dll
0x000001c26d9c0000 - 0x000001c26d9c3000 	C:\Users\Admin\.openjfx\cache\21.0.2+5\amd64\api-ms-win-core-sysinfo-l1-1-0.dll
0x000001c26d9d0000 - 0x000001c26d9d3000 	C:\Users\Admin\.openjfx\cache\21.0.2+5\amd64\api-ms-win-core-timezone-l1-1-0.dll
0x000001c26d9e0000 - 0x000001c26d9e3000 	C:\Users\Admin\.openjfx\cache\21.0.2+5\amd64\api-ms-win-core-util-l1-1-0.dll
0x000001c26d9f0000 - 0x000001c26d9f3000 	C:\Users\Admin\.openjfx\cache\21.0.2+5\amd64\api-ms-win-crt-conio-l1-1-0.dll
0x000001c26da00000 - 0x000001c26da04000 	C:\Users\Admin\.openjfx\cache\21.0.2+5\amd64\api-ms-win-crt-convert-l1-1-0.dll
0x000001c26da10000 - 0x000001c26da13000 	C:\Users\Admin\.openjfx\cache\21.0.2+5\amd64\api-ms-win-crt-environment-l1-1-0.dll
0x000001c26da20000 - 0x000001c26da23000 	C:\Users\Admin\.openjfx\cache\21.0.2+5\amd64\api-ms-win-crt-filesystem-l1-1-0.dll
0x000001c26da30000 - 0x000001c26da33000 	C:\Users\Admin\.openjfx\cache\21.0.2+5\amd64\api-ms-win-crt-heap-l1-1-0.dll
0x000001c26da40000 - 0x000001c26da43000 	C:\Users\Admin\.openjfx\cache\21.0.2+5\amd64\api-ms-win-crt-locale-l1-1-0.dll
0x000001c26da50000 - 0x000001c26da55000 	C:\Users\Admin\.openjfx\cache\21.0.2+5\amd64\api-ms-win-crt-math-l1-1-0.dll
0x000001c26da60000 - 0x000001c26da65000 	C:\Users\Admin\.openjfx\cache\21.0.2+5\amd64\api-ms-win-crt-multibyte-l1-1-0.dll
0x000001c26da70000 - 0x000001c26da80000 	C:\Users\Admin\.openjfx\cache\21.0.2+5\amd64\api-ms-win-crt-private-l1-1-0.dll
0x000001c26da80000 - 0x000001c26da83000 	C:\Users\Admin\.openjfx\cache\21.0.2+5\amd64\api-ms-win-crt-process-l1-1-0.dll
0x000001c26da90000 - 0x000001c26da94000 	C:\Users\Admin\.openjfx\cache\21.0.2+5\amd64\api-ms-win-crt-runtime-l1-1-0.dll
0x000001c26daa0000 - 0x000001c26daa4000 	C:\Users\Admin\.openjfx\cache\21.0.2+5\amd64\api-ms-win-crt-stdio-l1-1-0.dll
0x000001c26dab0000 - 0x000001c26dab4000 	C:\Users\Admin\.openjfx\cache\21.0.2+5\amd64\api-ms-win-crt-string-l1-1-0.dll
0x000001c26dac0000 - 0x000001c26dac3000 	C:\Users\Admin\.openjfx\cache\21.0.2+5\amd64\api-ms-win-crt-time-l1-1-0.dll
0x000001c26dad0000 - 0x000001c26dad3000 	C:\Users\Admin\.openjfx\cache\21.0.2+5\amd64\api-ms-win-crt-utility-l1-1-0.dll
0x00007fffbcf40000 - 0x00007fffbd03c000 	C:\Users\Admin\.openjfx\cache\21.0.2+5\amd64\ucrtbase.dll
0x00007ff8169b0000 - 0x00007ff8169cb000 	C:\Users\Admin\.openjfx\cache\21.0.2+5\amd64\vcruntime140.dll
0x00007ff8167d0000 - 0x00007ff8167dc000 	C:\Users\Admin\.openjfx\cache\21.0.2+5\amd64\vcruntime140_1.dll
0x00007fffbceb0000 - 0x00007fffbcf3e000 	C:\Users\Admin\.openjfx\cache\21.0.2+5\amd64\msvcp140.dll
0x00007ff815af0000 - 0x00007ff815af9000 	C:\Users\Admin\.openjfx\cache\21.0.2+5\amd64\msvcp140_1.dll
0x00007ffff4550000 - 0x00007ffff4591000 	C:\Users\Admin\.openjfx\cache\21.0.2+5\amd64\msvcp140_2.dll
0x00007ff814330000 - 0x00007ff814360000 	C:\Users\Admin\.openjfx\cache\21.0.2+5\amd64\prism_d3d.dll
0x00007fff94a20000 - 0x00007fff94bd2000 	C:\WINDOWS\system32\d3d9.dll
0x00007ff837ca0000 - 0x00007ff837ccf000 	C:\WINDOWS\SYSTEM32\dwmapi.dll
0x00007ff837ac0000 - 0x00007ff837b03000 	C:\WINDOWS\SYSTEM32\dxcore.dll
0x00007ff8379e0000 - 0x00007ff837a89000 	C:\WINDOWS\system32\uxtheme.dll
0x00007fffa0550000 - 0x00007fffa07ef000 	C:\WINDOWS\System32\DriverStore\FileRepository\iigd_dch.inf_amd64_c9b9aa9621425518\igdumdim64.dll
0x00007ff83c160000 - 0x00007ff83c2f7000 	C:\WINDOWS\System32\ole32.dll
0x00007fff74750000 - 0x00007fff763ea000 	C:\WINDOWS\System32\DriverStore\FileRepository\iigd_dch.inf_amd64_c9b9aa9621425518\igd9trinity64.dll
0x00007ff837b10000 - 0x00007ff837c51000 	C:\WINDOWS\system32\dxgi.dll
0x00007ff82eea0000 - 0x00007ff82f44b000 	C:\WINDOWS\System32\DriverStore\FileRepository\iigd_dch.inf_amd64_c9b9aa9621425518\igdgmm64.dll
0x00007ff829980000 - 0x00007ff82ec34000 	C:\WINDOWS\System32\DriverStore\FileRepository\iigd_dch.inf_amd64_c9b9aa9621425518\igc64.dll
0x00007ffff3950000 - 0x00007ffff399e000 	C:\WINDOWS\SYSTEM32\ControlLib.dll
0x00007ff839f80000 - 0x00007ff839fd1000 	C:\WINDOWS\SYSTEM32\CFGMGR32.dll
0x00007ffffd720000 - 0x00007ffffd7cf000 	C:\WINDOWS\System32\DriverStore\FileRepository\iigd_dch.inf_amd64_c9b9aa9621425518\IntelControlLib.dll
0x00007ff836ad0000 - 0x00007ff836d33000 	C:\WINDOWS\SYSTEM32\d3d11.dll
0x00007ff834db0000 - 0x00007ff834e11000 	C:\WINDOWS\SYSTEM32\directxdatabasehelper.dll
0x00007fff72fe0000 - 0x00007fff7474b000 	C:\WINDOWS\System32\DriverStore\FileRepository\iigd_dch.inf_amd64_c9b9aa9621425518\igd9dxva64.dll
0x00007ff83c340000 - 0x00007ff83c7c7000 	C:\WINDOWS\System32\SETUPAPI.dll
0x00007ff819ba0000 - 0x00007ff81bc73000 	C:\WINDOWS\System32\DriverStore\FileRepository\iigd_dch.inf_amd64_c9b9aa9621425518\media_bin_64.dll
0x00007fffed360000 - 0x00007fffed3a2000 	C:\Users\Admin\.openjfx\cache\21.0.2+5\amd64\glass.dll
0x00007ff83cbe0000 - 0x00007ff83cccf000 	C:\WINDOWS\System32\COMDLG32.dll
0x00007ff83cd70000 - 0x00007ff83cecc000 	C:\WINDOWS\System32\MSCTF.dll
0x00007ff838bc0000 - 0x00007ff838cf2000 	C:\WINDOWS\SYSTEM32\DNSAPI.dll
0x00007ff838b80000 - 0x00007ff838bb2000 	C:\WINDOWS\SYSTEM32\IPHLPAPI.DLL
0x00007ff83c300000 - 0x00007ff83c30a000 	C:\WINDOWS\System32\NSI.dll
0x00007ff831580000 - 0x00007ff83158b000 	C:\Windows\System32\rasadhlp.dll
0x00007ff834b80000 - 0x00007ff834c06000 	C:\WINDOWS\System32\fwpuclnt.dll
0x00007ff803bb0000 - 0x00007ff803bb9000 	C:\Users\Admin\.jdks\jbr-17.0.14\bin\extnet.dll
0x00007fffce7a0000 - 0x00007fffce7b4000 	C:\Users\Admin\.openjfx\cache\21.0.2+5\amd64\javafx_font.dll
0x00007ff8361e0000 - 0x00007ff836447000 	C:\WINDOWS\SYSTEM32\dwrite.dll
0x00007ff83cb20000 - 0x00007ff83cbce000 	C:\WINDOWS\System32\clbcatq.dll
0x00007ff835a50000 - 0x00007ff835c7e000 	C:\WINDOWS\SYSTEM32\WindowsCodecs.dll
0x00007ffffded0000 - 0x00007ffffdf2a000 	C:\WINDOWS\system32\dataexchange.dll
0x00007ff827f30000 - 0x00007ff82817d000 	C:\WINDOWS\system32\twinapi.appcore.dll
0x00007ff828b60000 - 0x00007ff828b8c000 	C:\Program Files\Common Files\Microsoft Shared\Ink\rtscom.dll

dbghelp: loaded successfully - version: 4.0.5 - missing functions: none
symbol engine: initialized successfully - sym options: 0x614 - pdb path: .;C:\Users\Admin\.jdks\jbr-17.0.14\bin;C:\WINDOWS\SYSTEM32;C:\WINDOWS\WinSxS\amd64_microsoft.windows.common-controls_6595b64144ccf1df_6.0.26100.8115_none_3e075c82e3354f9c;C:\Users\Admin\.jdks\jbr-17.0.14\bin\server;C:\Users\Admin\.openjfx\cache\21.0.2+5\amd64;C:\WINDOWS\System32\DriverStore\FileRepository\iigd_dch.inf_amd64_c9b9aa9621425518;C:\Program Files\Common Files\Microsoft Shared\Ink

VM Arguments:
jvm_args: --module-path=C:\Users\Admin\.m2\repository\org\openjfx\javafx-base\21.0.2\javafx-base-21.0.2-win.jar;C:\Users\Admin\.m2\repository\org\openjfx\javafx-base\21.0.2\javafx-base-21.0.2.jar;C:\Users\Admin\.m2\repository\org\openjfx\javafx-controls\21.0.2\javafx-controls-21.0.2-win.jar;C:\Users\Admin\.m2\repository\org\openjfx\javafx-controls\21.0.2\javafx-controls-21.0.2.jar;C:\Users\Admin\.m2\repository\org\openjfx\javafx-fxml\21.0.2\javafx-fxml-21.0.2-win.jar;C:\Users\Admin\.m2\repository\org\openjfx\javafx-fxml\21.0.2\javafx-fxml-21.0.2.jar;C:\Users\Admin\.m2\repository\org\openjfx\javafx-graphics\21.0.2\javafx-graphics-21.0.2-win.jar;C:\Users\Admin\.m2\repository\org\openjfx\javafx-graphics\21.0.2\javafx-graphics-21.0.2.jar --add-modules=javafx.base,javafx.controls,javafx.fxml,javafx.graphics 
java_command: tests.Mainfx
java_class_path (initial): C:\Users\Admin\Desktop\projet11\projet11\target\classes;C:\Users\Admin\.m2\repository\ch\qos\logback\logback-classic\1.4.11\logback-classic-1.4.11.jar;C:\Users\Admin\.m2\repository\ch\qos\logback\logback-core\1.4.11\logback-core-1.4.11.jar;C:\Users\Admin\.m2\repository\com\google\protobuf\protobuf-java\3.21.9\protobuf-java-3.21.9.jar;C:\Users\Admin\.m2\repository\com\mysql\mysql-connector-j\8.0.33\mysql-connector-j-8.0.33.jar;C:\Users\Admin\.m2\repository\org\slf4j\slf4j-api\2.0.9\slf4j-api-2.0.9.jar
Launcher Type: SUN_STANDARD

[Global flags]
     intx CICompilerCount                          = 4                                         {product} {ergonomic}
     uint ConcGCThreads                            = 3                                         {product} {ergonomic}
     uint G1ConcRefinementThreads                  = 10                                        {product} {ergonomic}
   size_t G1HeapRegionSize                         = 1048576                                   {product} {ergonomic}
    uintx GCDrainStackTargetSize                   = 64                                        {product} {ergonomic}
   size_t InitialHeapSize                          = 130023424                                 {product} {ergonomic}
   size_t MarkStackSize                            = 4194304                                   {product} {ergonomic}
   size_t MaxHeapSize                              = 2055208960                                {product} {ergonomic}
   size_t MaxNewSize                               = 1233125376                                {product} {ergonomic}
   size_t MinHeapDeltaBytes                        = 1048576                                   {product} {ergonomic}
   size_t MinHeapSize                              = 8388608                                   {product} {ergonomic}
    uintx NonNMethodCodeHeapSize                   = 5839372                                {pd product} {ergonomic}
    uintx NonProfiledCodeHeapSize                  = 122909434                              {pd product} {ergonomic}
    uintx ProfiledCodeHeapSize                     = 122909434                              {pd product} {ergonomic}
    uintx ReservedCodeCacheSize                    = 251658240                              {pd product} {ergonomic}
     bool SegmentedCodeCache                       = true                                      {product} {ergonomic}
   size_t SoftMaxHeapSize                          = 2055208960                             {manageable} {ergonomic}
     bool UseCompressedClassPointers               = true                           {product lp64_product} {ergonomic}
     bool UseCompressedOops                        = true                           {product lp64_product} {ergonomic}
     bool UseG1GC                                  = true                                      {product} {ergonomic}
     bool UseLargePagesIndividualAllocation        = false                                  {pd product} {ergonomic}

Logging:
Log output configuration:
 #0: stdout all=warning uptime,level,tags
 #1: stderr all=off uptime,level,tags

Environment Variables:
JAVA_HOME=C:\Users\Admin\.jdks\jbr-17.0.14
PATH=C:\oraclexe\app\oracle\product\11.2.0\server\bin;C:\WINDOWS\system32;C:\WINDOWS;C:\WINDOWS\System32\Wbem;C:\WINDOWS\System32\WindowsPowerShell\v1.0\;C:\WINDOWS\System32\OpenSSH\;C:\ProgramData\chocolatey\bin;C:\Users\Admin\.jdks\jbr-17.0.14\bin;C:\Program Files\Git\cmd;C:\Users\Admin\AppData\Local\Microsoft\WindowsApps;;C:\Users\Admin\AppData\Local\Programs\Microsoft VS Code\bin;C:\Users\Admin\Desktop\IntelliJ IDEA 2026.1\bin
USERNAME=Admin
OS=Windows_NT
PROCESSOR_IDENTIFIER=Intel64 Family 6 Model 186 Stepping 3, GenuineIntel
TMP=C:\Users\Admin\AppData\Local\Temp
TEMP=C:\Users\Admin\AppData\Local\Temp



Periodic native trim disabled

JNI global refs:
JNI global refs: 25, weak refs: 0

JNI global refs memory usage: 843, weak refs: 841

Process memory usage:
Resident Set Size: 212788K (2% of 8023820K total physical memory with 628440K free physical memory)

OOME stack traces (most recent first):
Classloader memory used:
Loader jdk.internal.loader.ClassLoaders$AppClassLoader                                 : 1286K
Loader bootstrap                                                                       : 662K
Loader jdk.internal.loader.ClassLoaders$PlatformClassLoader                            : 48954B
Loader jdk.internal.reflect.DelegatingClassLoader                                      : 8065B
Loader com.sun.javafx.reflect.MethodUtil                                               : 510B


---------------  S Y S T E M  ---------------

OS:
 Windows 11 , 64 bit Build 26100 (10.0.26100.8246)
OS uptime: 0 days 5:53 hours

CPU: total 12 (initial active 12) (6 cores per cpu, 2 threads per core) family 6 model 186 stepping 3 microcode 0x4121, cx8, cmov, fxsr, ht, mmx, 3dnowpref, sse, sse2, sse3, ssse3, sse4.1, sse4.2, popcnt, lzcnt, tsc, tscinvbit, avx, avx2, aes, erms, clmul, bmi1, bmi2, adx, sha, fma, vzeroupper, clflush, clflushopt, clwb
Processor Information for processor 0
  Max Mhz: 1700, Current Mhz: 1700, Mhz Limit: 1700
Processor Information for processor 1
  Max Mhz: 1700, Current Mhz: 1700, Mhz Limit: 1700
Processor Information for processor 2
  Max Mhz: 1700, Current Mhz: 1457, Mhz Limit: 1700
Processor Information for processor 3
  Max Mhz: 1700, Current Mhz: 1457, Mhz Limit: 1700
Processor Information for processor 4
  Max Mhz: 1700, Current Mhz: 1200, Mhz Limit: 1190
Processor Information for processor 5
  Max Mhz: 1700, Current Mhz: 1200, Mhz Limit: 1190
Processor Information for processor 6
  Max Mhz: 1700, Current Mhz: 1200, Mhz Limit: 1190
Processor Information for processor 7
  Max Mhz: 1700, Current Mhz: 1200, Mhz Limit: 1190
Processor Information for processor 8
  Max Mhz: 1700, Current Mhz: 1200, Mhz Limit: 1190
Processor Information for processor 9
  Max Mhz: 1700, Current Mhz: 1200, Mhz Limit: 1190
Processor Information for processor 10
  Max Mhz: 1700, Current Mhz: 1200, Mhz Limit: 1190
Processor Information for processor 11
  Max Mhz: 1700, Current Mhz: 1200, Mhz Limit: 1190

Memory: 4k page, system-wide physical 7835M (613M free)
TotalPageFile size 16027M (AvailPageFile size 305M)
current process WorkingSet (physical memory assigned to process): 208M, peak: 208M
current process commit charge ("private bytes"): 335M, peak: 336M

vm_info: OpenJDK 64-Bit Server VM (17.0.14+1-b1367.22) for windows-amd64 JRE (17.0.14+1-b1367.22), built on 2025-01-30 by "builduser" with MS VC++ 16.10 / 16.11 (VS2019)

END.
