#
# There is insufficient memory for the Java Runtime Environment to continue.
# Native memory allocation (malloc) failed to allocate 1102096 bytes. Error detail: Chunk::new
# Possible reasons:
#   The system is out of physical RAM or swap space
#   This process is running with CompressedOops enabled, and the Java Heap may be blocking the growth of the native heap
# Possible solutions:
#   Reduce memory load on the system
#   Increase physical memory or swap space
#   Check if swap backing store is full
#   Decrease Java heap size (-Xmx/-Xms)
#   Decrease number of Java threads
#   Decrease Java thread stack sizes (-Xss)
#   Set larger code cache with -XX:ReservedCodeCacheSize=
#   JVM is running with Unscaled Compressed Oops mode in which the Java heap is
#     placed in the first 4GB address space. The Java Heap base address is the
#     maximum limit for the native heap growth. Please use -XX:HeapBaseMinAddress
#     to set the Java Heap base and to place the Java Heap above 4GB virtual address.
# This output file may be truncated or incomplete.
#
#  Out of Memory Error (arena.cpp:191), pid=20312, tid=21484
#
# JRE version: OpenJDK Runtime Environment JBR-17.0.14+1-1367.22-nomod (17.0.14+1) (build 17.0.14+1-b1367.22)
# Java VM: OpenJDK 64-Bit Server VM JBR-17.0.14+1-1367.22-nomod (17.0.14+1-b1367.22, mixed mode, sharing, tiered, compressed oops, compressed class ptrs, g1 gc, windows-amd64)
# No core dump will be written. Minidumps are not enabled by default on client versions of Windows
#

---------------  S U M M A R Y ------------

Command Line: --enable-native-access=ALL-UNNAMED -Dfile.encoding=UTF-8 -Dclassworlds.conf=C:\Users\Admin\Desktop\IntelliJ IDEA 2026.1\plugins\maven\lib\maven3\bin\m2.conf -Dmaven.home=C:\Users\Admin\Desktop\IntelliJ IDEA 2026.1\plugins\maven\lib\maven3 -Dlibrary.jansi.path=C:\Users\Admin\Desktop\IntelliJ IDEA 2026.1\plugins\maven\lib\maven3\lib\jansi-native -Dmaven.multiModuleProjectDirectory=C:\Users\Admin\Desktop\projet11\projet11 org.codehaus.plexus.classworlds.launcher.Launcher -Didea.version=2026.1 -Dmaven.ext.class.path=C:\Users\Admin\Desktop\IntelliJ IDEA 2026.1\plugins\maven\lib\intellij.maven.rt\maven-event-listener.jar -Djansi.passthrough=true -Dstyle.color=always -Dmaven.repo.local=C:\Users\Admin\.m2\repository org.openjfx:javafx-maven-plugin:0.0.8:run -f pom.xml

Host: 13th Gen Intel(R) Core(TM) i7-1355U, 12 cores, 7G,  Windows 11 , 64 bit Build 26100 (10.0.26100.8246)
Time: Tue May 12 01:22:12 2026 Afr. centrale Ouest elapsed time: 3.570807 seconds (0d 0h 0m 3s)

---------------  T H R E A D  ---------------

Current thread (0x000001cf190f7270):  JavaThread "C2 CompilerThread1" daemon [_thread_in_native, id=21484, stack(0x00000053a2600000,0x00000053a2700000)]


Current CompileTask:
C2:   3570  569       4       java.util.jar.JarFile::getEntry (35 bytes)

Stack: [0x00000053a2600000,0x00000053a2700000]
Native frames: (J=compiled Java code, j=interpreted, Vv=VM code, C=native code)
V  [jvm.dll+0x68b969]
V  [jvm.dll+0x84572a]
V  [jvm.dll+0x8473ae]
V  [jvm.dll+0x847a13]
V  [jvm.dll+0x24a83f]
V  [jvm.dll+0xaca04]
V  [jvm.dll+0xad04c]  (arena.cpp:352)
V  [jvm.dll+0x36af12]  PhaseIFG::init+0xa2  (ifg.cpp:50)
V  [jvm.dll+0x3352ca]  PhaseCFG::global_code_motion+0x44a  (gcm.cpp:1591)
V  [jvm.dll+0x33476a]  PhaseCFG::do_global_code_motion+0x3a  (gcm.cpp:1658)
V  [jvm.dll+0x21c231]  Compile::Code_Gen+0x261  (compile.cpp:2738)
V  [jvm.dll+0x21b671]  Compile::Compile+0xe61  (compile.cpp:836)
V  [jvm.dll+0x1a6acd]  C2Compiler::compile_method+0xad  (c2compiler.cpp:112)
V  [jvm.dll+0x22b58e]  CompileBroker::invoke_compiler_on_method+0x82e  (compileBroker.cpp:2366)
V  [jvm.dll+0x2296d5]  CompileBroker::compiler_thread_loop+0x405  (compileBroker.cpp:2027)
V  [jvm.dll+0x7f9637]  JavaThread::run+0x147  (thread.cpp:1299)
V  [jvm.dll+0x7f3a1c]  Thread::call_run+0x8c  (thread.cpp:405)
V  [jvm.dll+0x68a7c7]  thread_native_entry+0x77  (os_windows.cpp:551)
C  [ucrtbase.dll+0x37b0]
C  [KERNEL32.DLL+0x2e8d7]
C  [ntdll.dll+0x8c3fc]


---------------  P R O C E S S  ---------------

Threads class SMR info:
_java_thread_list=0x000001cf1b375450, length=14, elements={
0x000001ceb6f3e950, 0x000001ced2ef6630, 0x000001ced2ef6f00, 0x000001ced2f095c0,
0x000001ced2f0dea0, 0x000001ced2f0e770, 0x000001ced35cb4a0, 0x000001ced35cced0,
0x000001ced35cddf0, 0x000001ced35d2830, 0x000001ced3715410, 0x000001ced37213e0,
0x000001cf190f7270, 0x000001cf1b79e440
}

Java Threads: ( => current thread )
  0x000001ceb6f3e950 JavaThread "main" [_thread_in_Java, id=8364, stack(0x00000053a1300000,0x00000053a1400000)]
  0x000001ced2ef6630 JavaThread "Reference Handler" daemon [_thread_blocked, id=9952, stack(0x00000053a1a00000,0x00000053a1b00000)]
  0x000001ced2ef6f00 JavaThread "Finalizer" daemon [_thread_blocked, id=21052, stack(0x00000053a1b00000,0x00000053a1c00000)]
  0x000001ced2f095c0 JavaThread "Signal Dispatcher" daemon [_thread_blocked, id=18896, stack(0x00000053a1c00000,0x00000053a1d00000)]
  0x000001ced2f0dea0 JavaThread "Attach Listener" daemon [_thread_blocked, id=19784, stack(0x00000053a1d00000,0x00000053a1e00000)]
  0x000001ced2f0e770 JavaThread "Service Thread" daemon [_thread_blocked, id=11048, stack(0x00000053a1e00000,0x00000053a1f00000)]
  0x000001ced35cb4a0 JavaThread "Monitor Deflation Thread" daemon [_thread_blocked, id=3132, stack(0x00000053a1f00000,0x00000053a2000000)]
  0x000001ced35cced0 JavaThread "C2 CompilerThread0" daemon [_thread_in_native, id=15076, stack(0x00000053a2000000,0x00000053a2100000)]
  0x000001ced35cddf0 JavaThread "C1 CompilerThread0" daemon [_thread_blocked, id=7060, stack(0x00000053a2100000,0x00000053a2200000)]
  0x000001ced35d2830 JavaThread "Sweeper thread" daemon [_thread_blocked, id=15676, stack(0x00000053a2200000,0x00000053a2300000)]
  0x000001ced3715410 JavaThread "Notification Thread" daemon [_thread_blocked, id=4840, stack(0x00000053a2300000,0x00000053a2400000)]
  0x000001ced37213e0 JavaThread "Common-Cleaner" daemon [_thread_blocked, id=5400, stack(0x00000053a2500000,0x00000053a2600000)]
=>0x000001cf190f7270 JavaThread "C2 CompilerThread1" daemon [_thread_in_native, id=21484, stack(0x00000053a2600000,0x00000053a2700000)]
  0x000001cf1b79e440 JavaThread "C2 CompilerThread2" daemon [_thread_in_native, id=20856, stack(0x00000053a1100000,0x00000053a1200000)]

Other Threads:
  0x000001ced2ef0ad0 VMThread "VM Thread" [stack: 0x00000053a1900000,0x00000053a1a00000] [id=13980]
  0x000001ced3718910 WatcherThread [stack: 0x00000053a2400000,0x00000053a2500000] [id=17436]
  0x000001ceb7336d10 GCTaskThread "GC Thread#0" [stack: 0x00000053a1400000,0x00000053a1500000] [id=20100]
  0x000001cf1a281370 GCTaskThread "GC Thread#1" [stack: 0x00000053a2700000,0x00000053a2800000] [id=1748]
  0x000001cf1a284d30 GCTaskThread "GC Thread#2" [stack: 0x00000053a2800000,0x00000053a2900000] [id=5840]
  0x000001cf1a283730 GCTaskThread "GC Thread#3" [stack: 0x00000053a2900000,0x00000053a2a00000] [id=14312]
  0x000001cf1a2847b0 GCTaskThread "GC Thread#4" [stack: 0x00000053a2a00000,0x00000053a2b00000] [id=11240]
  0x000001cf1a282130 GCTaskThread "GC Thread#5" [stack: 0x00000053a2b00000,0x00000053a2c00000] [id=5352]
  0x000001cf1a2839f0 GCTaskThread "GC Thread#6" [stack: 0x00000053a2c00000,0x00000053a2d00000] [id=16140]
  0x000001ceb7365f10 ConcurrentGCThread "G1 Main Marker" [stack: 0x00000053a1500000,0x00000053a1600000] [id=9836]
  0x000001ceb7366ee0 ConcurrentGCThread "G1 Conc#0" [stack: 0x00000053a1600000,0x00000053a1700000] [id=15604]
  0x000001ced2d9cd70 ConcurrentGCThread "G1 Refine#0" [stack: 0x00000053a1700000,0x00000053a1800000] [id=21468]
  0x000001ced2d9d450 ConcurrentGCThread "G1 Service" [stack: 0x00000053a1800000,0x00000053a1900000] [id=20932]

Threads with active compile tasks:
C2 CompilerThread0    41606 1062   !   4       sun.nio.cs.StreamDecoder::read (220 bytes)
C2 CompilerThread1    41606  569       4       java.util.jar.JarFile::getEntry (35 bytes)
C2 CompilerThread2    41606 1078       4       org.codehaus.plexus.util.xml.pull.MXParser::nextImpl (1208 bytes)

VM state: not at safepoint (normal execution)

VM Mutex/Monitor currently owned by a thread: None

Heap address: 0x0000000085800000, size: 1960 MB, Compressed Oops mode: 32-bit

CDS archive(s) mapped at: [0x000001ced4000000-0x000001ced4c00000-0x000001ced4c00000), size 12582912, SharedBaseAddress: 0x000001ced4000000, ArchiveRelocationMode: 1.
Compressed class space mapped at: 0x000001ced5000000-0x000001cf15000000, reserved size: 1073741824
Narrow klass base: 0x000001ced4000000, Narrow klass shift: 0, Narrow klass range: 0x100000000

GC Precious Log:
 CPUs: 12 total, 12 available
 Memory: 7835M
 Large Page Support: Disabled
 NUMA Support: Disabled
 Compressed Oops: Enabled (32-bit)
 Heap Region Size: 1M
 Heap Min Capacity: 8M
 Heap Initial Capacity: 124M
 Heap Max Capacity: 1960M
 Pre-touch: Disabled
 Parallel Workers: 10
 Concurrent Workers: 3
 Concurrent Refinement Workers: 10
 Periodic GC: Disabled

Heap:
 garbage-first heap   total 126976K, used 6720K [0x0000000085800000, 0x0000000100000000)
  region size 1024K, 8 young (8192K), 3 survivors (3072K)
 Metaspace       used 5785K, committed 5952K, reserved 1114112K
  class space    used 732K, committed 832K, reserved 1048576K

Heap Regions: E=young(eden), S=young(survivor), O=old, HS=humongous(starts), HC=humongous(continues), CS=collection set, F=free, OA=open archive, CA=closed archive, TAMS=top-at-mark-start (previous, next)
|   0|0x0000000085800000, 0x0000000085890200, 0x0000000085900000| 56%| O|  |TAMS 0x0000000085800000, 0x0000000085800000| Untracked 
|   1|0x0000000085900000, 0x0000000085900000, 0x0000000085a00000|  0%| F|  |TAMS 0x0000000085900000, 0x0000000085900000| Untracked 
|   2|0x0000000085a00000, 0x0000000085a00000, 0x0000000085b00000|  0%| F|  |TAMS 0x0000000085a00000, 0x0000000085a00000| Untracked 
|   3|0x0000000085b00000, 0x0000000085b00000, 0x0000000085c00000|  0%| F|  |TAMS 0x0000000085b00000, 0x0000000085b00000| Untracked 
|   4|0x0000000085c00000, 0x0000000085c00000, 0x0000000085d00000|  0%| F|  |TAMS 0x0000000085c00000, 0x0000000085c00000| Untracked 
|   5|0x0000000085d00000, 0x0000000085d00000, 0x0000000085e00000|  0%| F|  |TAMS 0x0000000085d00000, 0x0000000085d00000| Untracked 
|   6|0x0000000085e00000, 0x0000000085e00000, 0x0000000085f00000|  0%| F|  |TAMS 0x0000000085e00000, 0x0000000085e00000| Untracked 
|   7|0x0000000085f00000, 0x0000000085f00000, 0x0000000086000000|  0%| F|  |TAMS 0x0000000085f00000, 0x0000000085f00000| Untracked 
|   8|0x0000000086000000, 0x0000000086000000, 0x0000000086100000|  0%| F|  |TAMS 0x0000000086000000, 0x0000000086000000| Untracked 
|   9|0x0000000086100000, 0x0000000086100000, 0x0000000086200000|  0%| F|  |TAMS 0x0000000086100000, 0x0000000086100000| Untracked 
|  10|0x0000000086200000, 0x0000000086200000, 0x0000000086300000|  0%| F|  |TAMS 0x0000000086200000, 0x0000000086200000| Untracked 
|  11|0x0000000086300000, 0x0000000086300000, 0x0000000086400000|  0%| F|  |TAMS 0x0000000086300000, 0x0000000086300000| Untracked 
|  12|0x0000000086400000, 0x0000000086400000, 0x0000000086500000|  0%| F|  |TAMS 0x0000000086400000, 0x0000000086400000| Untracked 
|  13|0x0000000086500000, 0x0000000086500000, 0x0000000086600000|  0%| F|  |TAMS 0x0000000086500000, 0x0000000086500000| Untracked 
|  14|0x0000000086600000, 0x0000000086600000, 0x0000000086700000|  0%| F|  |TAMS 0x0000000086600000, 0x0000000086600000| Untracked 
|  15|0x0000000086700000, 0x0000000086700000, 0x0000000086800000|  0%| F|  |TAMS 0x0000000086700000, 0x0000000086700000| Untracked 
|  16|0x0000000086800000, 0x0000000086800000, 0x0000000086900000|  0%| F|  |TAMS 0x0000000086800000, 0x0000000086800000| Untracked 
|  17|0x0000000086900000, 0x0000000086900000, 0x0000000086a00000|  0%| F|  |TAMS 0x0000000086900000, 0x0000000086900000| Untracked 
|  18|0x0000000086a00000, 0x0000000086a00000, 0x0000000086b00000|  0%| F|  |TAMS 0x0000000086a00000, 0x0000000086a00000| Untracked 
|  19|0x0000000086b00000, 0x0000000086b00000, 0x0000000086c00000|  0%| F|  |TAMS 0x0000000086b00000, 0x0000000086b00000| Untracked 
|  20|0x0000000086c00000, 0x0000000086c00000, 0x0000000086d00000|  0%| F|  |TAMS 0x0000000086c00000, 0x0000000086c00000| Untracked 
|  21|0x0000000086d00000, 0x0000000086d00000, 0x0000000086e00000|  0%| F|  |TAMS 0x0000000086d00000, 0x0000000086d00000| Untracked 
|  22|0x0000000086e00000, 0x0000000086e00000, 0x0000000086f00000|  0%| F|  |TAMS 0x0000000086e00000, 0x0000000086e00000| Untracked 
|  23|0x0000000086f00000, 0x0000000086f00000, 0x0000000087000000|  0%| F|  |TAMS 0x0000000086f00000, 0x0000000086f00000| Untracked 
|  24|0x0000000087000000, 0x0000000087000000, 0x0000000087100000|  0%| F|  |TAMS 0x0000000087000000, 0x0000000087000000| Untracked 
|  25|0x0000000087100000, 0x0000000087100000, 0x0000000087200000|  0%| F|  |TAMS 0x0000000087100000, 0x0000000087100000| Untracked 
|  26|0x0000000087200000, 0x0000000087200000, 0x0000000087300000|  0%| F|  |TAMS 0x0000000087200000, 0x0000000087200000| Untracked 
|  27|0x0000000087300000, 0x0000000087300000, 0x0000000087400000|  0%| F|  |TAMS 0x0000000087300000, 0x0000000087300000| Untracked 
|  28|0x0000000087400000, 0x0000000087400000, 0x0000000087500000|  0%| F|  |TAMS 0x0000000087400000, 0x0000000087400000| Untracked 
|  29|0x0000000087500000, 0x0000000087500000, 0x0000000087600000|  0%| F|  |TAMS 0x0000000087500000, 0x0000000087500000| Untracked 
|  30|0x0000000087600000, 0x0000000087600000, 0x0000000087700000|  0%| F|  |TAMS 0x0000000087600000, 0x0000000087600000| Untracked 
|  31|0x0000000087700000, 0x0000000087700000, 0x0000000087800000|  0%| F|  |TAMS 0x0000000087700000, 0x0000000087700000| Untracked 
|  32|0x0000000087800000, 0x0000000087800000, 0x0000000087900000|  0%| F|  |TAMS 0x0000000087800000, 0x0000000087800000| Untracked 
|  33|0x0000000087900000, 0x0000000087900000, 0x0000000087a00000|  0%| F|  |TAMS 0x0000000087900000, 0x0000000087900000| Untracked 
|  34|0x0000000087a00000, 0x0000000087a00000, 0x0000000087b00000|  0%| F|  |TAMS 0x0000000087a00000, 0x0000000087a00000| Untracked 
|  35|0x0000000087b00000, 0x0000000087b00000, 0x0000000087c00000|  0%| F|  |TAMS 0x0000000087b00000, 0x0000000087b00000| Untracked 
|  36|0x0000000087c00000, 0x0000000087c00000, 0x0000000087d00000|  0%| F|  |TAMS 0x0000000087c00000, 0x0000000087c00000| Untracked 
|  37|0x0000000087d00000, 0x0000000087d00000, 0x0000000087e00000|  0%| F|  |TAMS 0x0000000087d00000, 0x0000000087d00000| Untracked 
|  38|0x0000000087e00000, 0x0000000087e00000, 0x0000000087f00000|  0%| F|  |TAMS 0x0000000087e00000, 0x0000000087e00000| Untracked 
|  39|0x0000000087f00000, 0x0000000087f00000, 0x0000000088000000|  0%| F|  |TAMS 0x0000000087f00000, 0x0000000087f00000| Untracked 
|  40|0x0000000088000000, 0x0000000088000000, 0x0000000088100000|  0%| F|  |TAMS 0x0000000088000000, 0x0000000088000000| Untracked 
|  41|0x0000000088100000, 0x0000000088100000, 0x0000000088200000|  0%| F|  |TAMS 0x0000000088100000, 0x0000000088100000| Untracked 
|  42|0x0000000088200000, 0x0000000088200000, 0x0000000088300000|  0%| F|  |TAMS 0x0000000088200000, 0x0000000088200000| Untracked 
|  43|0x0000000088300000, 0x0000000088300000, 0x0000000088400000|  0%| F|  |TAMS 0x0000000088300000, 0x0000000088300000| Untracked 
|  44|0x0000000088400000, 0x0000000088400000, 0x0000000088500000|  0%| F|  |TAMS 0x0000000088400000, 0x0000000088400000| Untracked 
|  45|0x0000000088500000, 0x0000000088500000, 0x0000000088600000|  0%| F|  |TAMS 0x0000000088500000, 0x0000000088500000| Untracked 
|  46|0x0000000088600000, 0x0000000088600000, 0x0000000088700000|  0%| F|  |TAMS 0x0000000088600000, 0x0000000088600000| Untracked 
|  47|0x0000000088700000, 0x0000000088700000, 0x0000000088800000|  0%| F|  |TAMS 0x0000000088700000, 0x0000000088700000| Untracked 
|  48|0x0000000088800000, 0x0000000088800000, 0x0000000088900000|  0%| F|  |TAMS 0x0000000088800000, 0x0000000088800000| Untracked 
|  49|0x0000000088900000, 0x0000000088900000, 0x0000000088a00000|  0%| F|  |TAMS 0x0000000088900000, 0x0000000088900000| Untracked 
|  50|0x0000000088a00000, 0x0000000088a00000, 0x0000000088b00000|  0%| F|  |TAMS 0x0000000088a00000, 0x0000000088a00000| Untracked 
|  51|0x0000000088b00000, 0x0000000088b00000, 0x0000000088c00000|  0%| F|  |TAMS 0x0000000088b00000, 0x0000000088b00000| Untracked 
|  52|0x0000000088c00000, 0x0000000088c00000, 0x0000000088d00000|  0%| F|  |TAMS 0x0000000088c00000, 0x0000000088c00000| Untracked 
|  53|0x0000000088d00000, 0x0000000088d00000, 0x0000000088e00000|  0%| F|  |TAMS 0x0000000088d00000, 0x0000000088d00000| Untracked 
|  54|0x0000000088e00000, 0x0000000088e00000, 0x0000000088f00000|  0%| F|  |TAMS 0x0000000088e00000, 0x0000000088e00000| Untracked 
|  55|0x0000000088f00000, 0x0000000088f00000, 0x0000000089000000|  0%| F|  |TAMS 0x0000000088f00000, 0x0000000088f00000| Untracked 
|  56|0x0000000089000000, 0x0000000089000000, 0x0000000089100000|  0%| F|  |TAMS 0x0000000089000000, 0x0000000089000000| Untracked 
|  57|0x0000000089100000, 0x0000000089100000, 0x0000000089200000|  0%| F|  |TAMS 0x0000000089100000, 0x0000000089100000| Untracked 
|  58|0x0000000089200000, 0x0000000089200000, 0x0000000089300000|  0%| F|  |TAMS 0x0000000089200000, 0x0000000089200000| Untracked 
|  59|0x0000000089300000, 0x0000000089300000, 0x0000000089400000|  0%| F|  |TAMS 0x0000000089300000, 0x0000000089300000| Untracked 
|  60|0x0000000089400000, 0x0000000089400000, 0x0000000089500000|  0%| F|  |TAMS 0x0000000089400000, 0x0000000089400000| Untracked 
|  61|0x0000000089500000, 0x0000000089500000, 0x0000000089600000|  0%| F|  |TAMS 0x0000000089500000, 0x0000000089500000| Untracked 
|  62|0x0000000089600000, 0x0000000089600000, 0x0000000089700000|  0%| F|  |TAMS 0x0000000089600000, 0x0000000089600000| Untracked 
|  63|0x0000000089700000, 0x0000000089700000, 0x0000000089800000|  0%| F|  |TAMS 0x0000000089700000, 0x0000000089700000| Untracked 
|  64|0x0000000089800000, 0x0000000089800000, 0x0000000089900000|  0%| F|  |TAMS 0x0000000089800000, 0x0000000089800000| Untracked 
|  65|0x0000000089900000, 0x0000000089900000, 0x0000000089a00000|  0%| F|  |TAMS 0x0000000089900000, 0x0000000089900000| Untracked 
|  66|0x0000000089a00000, 0x0000000089a00000, 0x0000000089b00000|  0%| F|  |TAMS 0x0000000089a00000, 0x0000000089a00000| Untracked 
|  67|0x0000000089b00000, 0x0000000089b00000, 0x0000000089c00000|  0%| F|  |TAMS 0x0000000089b00000, 0x0000000089b00000| Untracked 
|  68|0x0000000089c00000, 0x0000000089c00000, 0x0000000089d00000|  0%| F|  |TAMS 0x0000000089c00000, 0x0000000089c00000| Untracked 
|  69|0x0000000089d00000, 0x0000000089d00000, 0x0000000089e00000|  0%| F|  |TAMS 0x0000000089d00000, 0x0000000089d00000| Untracked 
|  70|0x0000000089e00000, 0x0000000089e00000, 0x0000000089f00000|  0%| F|  |TAMS 0x0000000089e00000, 0x0000000089e00000| Untracked 
|  71|0x0000000089f00000, 0x0000000089f00000, 0x000000008a000000|  0%| F|  |TAMS 0x0000000089f00000, 0x0000000089f00000| Untracked 
|  72|0x000000008a000000, 0x000000008a000000, 0x000000008a100000|  0%| F|  |TAMS 0x000000008a000000, 0x000000008a000000| Untracked 
|  73|0x000000008a100000, 0x000000008a100000, 0x000000008a200000|  0%| F|  |TAMS 0x000000008a100000, 0x000000008a100000| Untracked 
|  74|0x000000008a200000, 0x000000008a200000, 0x000000008a300000|  0%| F|  |TAMS 0x000000008a200000, 0x000000008a200000| Untracked 
|  75|0x000000008a300000, 0x000000008a300000, 0x000000008a400000|  0%| F|  |TAMS 0x000000008a300000, 0x000000008a300000| Untracked 
|  76|0x000000008a400000, 0x000000008a400000, 0x000000008a500000|  0%| F|  |TAMS 0x000000008a400000, 0x000000008a400000| Untracked 
|  77|0x000000008a500000, 0x000000008a500000, 0x000000008a600000|  0%| F|  |TAMS 0x000000008a500000, 0x000000008a500000| Untracked 
|  78|0x000000008a600000, 0x000000008a600000, 0x000000008a700000|  0%| F|  |TAMS 0x000000008a600000, 0x000000008a600000| Untracked 
|  79|0x000000008a700000, 0x000000008a700000, 0x000000008a800000|  0%| F|  |TAMS 0x000000008a700000, 0x000000008a700000| Untracked 
|  80|0x000000008a800000, 0x000000008a800000, 0x000000008a900000|  0%| F|  |TAMS 0x000000008a800000, 0x000000008a800000| Untracked 
|  81|0x000000008a900000, 0x000000008a900000, 0x000000008aa00000|  0%| F|  |TAMS 0x000000008a900000, 0x000000008a900000| Untracked 
|  82|0x000000008aa00000, 0x000000008aa00000, 0x000000008ab00000|  0%| F|  |TAMS 0x000000008aa00000, 0x000000008aa00000| Untracked 
|  83|0x000000008ab00000, 0x000000008ab00000, 0x000000008ac00000|  0%| F|  |TAMS 0x000000008ab00000, 0x000000008ab00000| Untracked 
|  84|0x000000008ac00000, 0x000000008ac00000, 0x000000008ad00000|  0%| F|  |TAMS 0x000000008ac00000, 0x000000008ac00000| Untracked 
|  85|0x000000008ad00000, 0x000000008ad00000, 0x000000008ae00000|  0%| F|  |TAMS 0x000000008ad00000, 0x000000008ad00000| Untracked 
|  86|0x000000008ae00000, 0x000000008ae00000, 0x000000008af00000|  0%| F|  |TAMS 0x000000008ae00000, 0x000000008ae00000| Untracked 
|  87|0x000000008af00000, 0x000000008af00000, 0x000000008b000000|  0%| F|  |TAMS 0x000000008af00000, 0x000000008af00000| Untracked 
|  88|0x000000008b000000, 0x000000008b000000, 0x000000008b100000|  0%| F|  |TAMS 0x000000008b000000, 0x000000008b000000| Untracked 
|  89|0x000000008b100000, 0x000000008b100000, 0x000000008b200000|  0%| F|  |TAMS 0x000000008b100000, 0x000000008b100000| Untracked 
|  90|0x000000008b200000, 0x000000008b200000, 0x000000008b300000|  0%| F|  |TAMS 0x000000008b200000, 0x000000008b200000| Untracked 
|  91|0x000000008b300000, 0x000000008b300000, 0x000000008b400000|  0%| F|  |TAMS 0x000000008b300000, 0x000000008b300000| Untracked 
|  92|0x000000008b400000, 0x000000008b400000, 0x000000008b500000|  0%| F|  |TAMS 0x000000008b400000, 0x000000008b400000| Untracked 
|  93|0x000000008b500000, 0x000000008b500000, 0x000000008b600000|  0%| F|  |TAMS 0x000000008b500000, 0x000000008b500000| Untracked 
|  94|0x000000008b600000, 0x000000008b600000, 0x000000008b700000|  0%| F|  |TAMS 0x000000008b600000, 0x000000008b600000| Untracked 
|  95|0x000000008b700000, 0x000000008b700000, 0x000000008b800000|  0%| F|  |TAMS 0x000000008b700000, 0x000000008b700000| Untracked 
|  96|0x000000008b800000, 0x000000008b800000, 0x000000008b900000|  0%| F|  |TAMS 0x000000008b800000, 0x000000008b800000| Untracked 
|  97|0x000000008b900000, 0x000000008b900000, 0x000000008ba00000|  0%| F|  |TAMS 0x000000008b900000, 0x000000008b900000| Untracked 
|  98|0x000000008ba00000, 0x000000008bb00000, 0x000000008bb00000|100%| S|CS|TAMS 0x000000008ba00000, 0x000000008ba00000| Complete 
|  99|0x000000008bb00000, 0x000000008bc00000, 0x000000008bc00000|100%| S|CS|TAMS 0x000000008bb00000, 0x000000008bb00000| Complete 
| 100|0x000000008bc00000, 0x000000008bd00000, 0x000000008bd00000|100%| S|CS|TAMS 0x000000008bc00000, 0x000000008bc00000| Complete 
| 101|0x000000008bd00000, 0x000000008bd00000, 0x000000008be00000|  0%| F|  |TAMS 0x000000008bd00000, 0x000000008bd00000| Untracked 
| 102|0x000000008be00000, 0x000000008be00000, 0x000000008bf00000|  0%| F|  |TAMS 0x000000008be00000, 0x000000008be00000| Untracked 
| 103|0x000000008bf00000, 0x000000008bf00000, 0x000000008c000000|  0%| F|  |TAMS 0x000000008bf00000, 0x000000008bf00000| Untracked 
| 104|0x000000008c000000, 0x000000008c000000, 0x000000008c100000|  0%| F|  |TAMS 0x000000008c000000, 0x000000008c000000| Untracked 
| 105|0x000000008c100000, 0x000000008c100000, 0x000000008c200000|  0%| F|  |TAMS 0x000000008c100000, 0x000000008c100000| Untracked 
| 106|0x000000008c200000, 0x000000008c200000, 0x000000008c300000|  0%| F|  |TAMS 0x000000008c200000, 0x000000008c200000| Untracked 
| 107|0x000000008c300000, 0x000000008c300000, 0x000000008c400000|  0%| F|  |TAMS 0x000000008c300000, 0x000000008c300000| Untracked 
| 108|0x000000008c400000, 0x000000008c400000, 0x000000008c500000|  0%| F|  |TAMS 0x000000008c400000, 0x000000008c400000| Untracked 
| 109|0x000000008c500000, 0x000000008c500000, 0x000000008c600000|  0%| F|  |TAMS 0x000000008c500000, 0x000000008c500000| Untracked 
| 110|0x000000008c600000, 0x000000008c600000, 0x000000008c700000|  0%| F|  |TAMS 0x000000008c600000, 0x000000008c600000| Untracked 
| 111|0x000000008c700000, 0x000000008c700000, 0x000000008c800000|  0%| F|  |TAMS 0x000000008c700000, 0x000000008c700000| Untracked 
| 112|0x000000008c800000, 0x000000008c800000, 0x000000008c900000|  0%| F|  |TAMS 0x000000008c800000, 0x000000008c800000| Untracked 
| 113|0x000000008c900000, 0x000000008c900000, 0x000000008ca00000|  0%| F|  |TAMS 0x000000008c900000, 0x000000008c900000| Untracked 
| 114|0x000000008ca00000, 0x000000008ca00000, 0x000000008cb00000|  0%| F|  |TAMS 0x000000008ca00000, 0x000000008ca00000| Untracked 
| 115|0x000000008cb00000, 0x000000008cb00000, 0x000000008cc00000|  0%| F|  |TAMS 0x000000008cb00000, 0x000000008cb00000| Untracked 
| 116|0x000000008cc00000, 0x000000008cc00000, 0x000000008cd00000|  0%| F|  |TAMS 0x000000008cc00000, 0x000000008cc00000| Untracked 
| 117|0x000000008cd00000, 0x000000008cd00000, 0x000000008ce00000|  0%| F|  |TAMS 0x000000008cd00000, 0x000000008cd00000| Untracked 
| 118|0x000000008ce00000, 0x000000008ce00000, 0x000000008cf00000|  0%| F|  |TAMS 0x000000008ce00000, 0x000000008ce00000| Untracked 
| 119|0x000000008cf00000, 0x000000008cf80000, 0x000000008d000000| 50%| E|  |TAMS 0x000000008cf00000, 0x000000008cf00000| Complete 
| 120|0x000000008d000000, 0x000000008d100000, 0x000000008d100000|100%| E|CS|TAMS 0x000000008d000000, 0x000000008d000000| Complete 
| 121|0x000000008d100000, 0x000000008d200000, 0x000000008d200000|100%| E|CS|TAMS 0x000000008d100000, 0x000000008d100000| Complete 
| 122|0x000000008d200000, 0x000000008d300000, 0x000000008d300000|100%| E|CS|TAMS 0x000000008d200000, 0x000000008d200000| Complete 
| 123|0x000000008d300000, 0x000000008d400000, 0x000000008d400000|100%| E|CS|TAMS 0x000000008d300000, 0x000000008d300000| Complete 

Card table byte_map: [0x000001cecc130000,0x000001cecc510000] _byte_map_base: 0x000001cecbd04000

Marking Bits (Prev, Next): (CMBitMap*) 0x000001ceb7339150, (CMBitMap*) 0x000001ceb7339190
 Prev Bits: [0x000001cecc8f0000, 0x000001cece790000)
 Next Bits: [0x000001cece790000, 0x000001ced0630000)

Polling page: 0x000001ceb6de0000

Metaspace:

Usage:
  Non-class:      4.95 MB used.
      Class:    736.88 KB used.
       Both:      5.67 MB used.

Virtual space:
  Non-class space:       64.00 MB reserved,       5.00 MB (  8%) committed,  1 nodes.
      Class space:        1.00 GB reserved,     832.00 KB ( <1%) committed,  1 nodes.
             Both:        1.06 GB reserved,       5.81 MB ( <1%) committed. 

Chunk freelists:
   Non-Class:  9.03 MB
       Class:  15.23 MB
        Both:  24.27 MB

MaxMetaspaceSize: unlimited
CompressedClassSpaceSize: 1.00 GB
Initial GC threshold: 21.00 MB
Current GC threshold: 21.00 MB
CDS: on
MetaspaceReclaimPolicy: balanced
 - commit_granule_bytes: 65536.
 - commit_granule_words: 8192.
 - virtual_space_node_default_size: 8388608.
 - enlarge_chunks_in_place: 1.
 - new_chunks_are_fully_committed: 0.
 - uncommit_free_chunks: 1.
 - use_allocation_guard: 0.
 - handle_deallocations: 1.


Internal statistics:

num_allocs_failed_limit: 0.
num_arena_births: 40.
num_arena_deaths: 0.
num_vsnodes_births: 2.
num_vsnodes_deaths: 0.
num_space_committed: 93.
num_space_uncommitted: 0.
num_chunks_returned_to_freelist: 0.
num_chunks_taken_from_freelist: 218.
num_chunk_merges: 0.
num_chunk_splits: 138.
num_chunks_enlarged: 111.
num_inconsistent_stats: 0.

CodeHeap 'non-profiled nmethods': size=120000Kb used=423Kb max_used=423Kb free=119577Kb
 bounds [0x000001cec3b80000, 0x000001cec3df0000, 0x000001cecb0b0000]
CodeHeap 'profiled nmethods': size=120000Kb used=2114Kb max_used=2114Kb free=117885Kb
 bounds [0x000001cebc0b0000, 0x000001cebc320000, 0x000001cec35e0000]
CodeHeap 'non-nmethods': size=5760Kb used=1149Kb max_used=1188Kb free=4610Kb
 bounds [0x000001cec35e0000, 0x000001cec3850000, 0x000001cec3b80000]
 total_blobs=1501 nmethods=1062 adapters=352
 compilation: enabled
              stopped_count=0, restarted_count=0
 full_count=0

Compilation events (20 events):
Event: 2.532 Thread 0x000001ced35cddf0 nmethod 688 0x000001cebc1e5390 code [0x000001cebc1e5540, 0x000001cebc1e5708]
Event: 2.532 Thread 0x000001ced35cddf0  689       3       java.net.URL::toString (5 bytes)
Event: 2.532 Thread 0x000001ced35cddf0 nmethod 689 0x000001cebc1e5810 code [0x000001cebc1e59c0, 0x000001cebc1e5be8]
Event: 2.533 Thread 0x000001ced35cddf0  690       3       org.codehaus.plexus.classworlds.realm.ClassRealm::getClassLoadingLock (38 bytes)
Event: 2.533 Thread 0x000001ced35cddf0 nmethod 690 0x000001cebc1e5d10 code [0x000001cebc1e5ec0, 0x000001cebc1e61a8]
Event: 2.533 Thread 0x000001ced35cddf0  691   !   3       java.util.zip.Inflater::setInput (69 bytes)
Event: 2.534 Thread 0x000001ced35cddf0 nmethod 691 0x000001cebc1e6310 code [0x000001cebc1e64c0, 0x000001cebc1e6868]
Event: 2.534 Thread 0x000001ced35cddf0  692   !   3       java.util.zip.ZipFile$ZipFileInflaterInputStream::close (67 bytes)
Event: 2.534 Thread 0x000001ced35cddf0 nmethod 692 0x000001cebc1e6990 code [0x000001cebc1e6bc0, 0x000001cebc1e73f8]
Event: 2.534 Thread 0x000001ced35cddf0  693       3       java.util.ArrayDeque::add (7 bytes)
Event: 2.535 Thread 0x000001ced35cddf0 nmethod 693 0x000001cebc1e7790 code [0x000001cebc1e7940, 0x000001cebc1e7a88]
Event: 2.535 Thread 0x000001ced35cddf0  694   !   3       java.util.zip.ZipFile$CleanableResource::getInflater (47 bytes)
Event: 2.535 Thread 0x000001ced35cddf0 nmethod 694 0x000001cebc1e7b10 code [0x000001cebc1e7ce0, 0x000001cebc1e81d8]
Event: 2.536 Thread 0x000001ced35cddf0  695       3       java.lang.StringLatin1::canEncode (13 bytes)
Event: 2.536 Thread 0x000001ced35cddf0 nmethod 695 0x000001cebc1e8390 code [0x000001cebc1e8520, 0x000001cebc1e8658]
Event: 2.536 Thread 0x000001ced35cddf0  696       3       java.lang.AbstractStringBuilder::append (77 bytes)
Event: 2.536 Thread 0x000001ced35cced0  697  s!   4       jdk.internal.loader.URLClassPath::getLoader (194 bytes)
Event: 2.537 Thread 0x000001ced35cddf0 nmethod 696 0x000001cebc1e8710 code [0x000001cebc1e8920, 0x000001cebc1e8f88]
Event: 2.540 Thread 0x000001ced35cddf0  698       3       jdk.internal.perf.PerfCounter::addElapsedTimeFrom (10 bytes)
Event: 2.540 Thread 0x000001ced35cddf0 nmethod 698 0x000001cebc1e9210 code [0x000001cebc1e93c0, 0x000001cebc1e9548]

GC Heap History (0 events):
No events

Dll operation events (3 events):
Event: 0.008 Loaded shared library C:\Users\Admin\.jdks\jbr-17.0.14\bin\java.dll
Event: 0.026 Loaded shared library C:\Users\Admin\.jdks\jbr-17.0.14\bin\jsvml.dll
Event: 0.249 Loaded shared library C:\Users\Admin\.jdks\jbr-17.0.14\bin\verify.dll

Deoptimization events (20 events):
Event: 0.274 Thread 0x000001ceb6f3e950 DEOPT PACKING pc=0x000001cebc0dbfca sp=0x00000053a13fdf70
Event: 0.274 Thread 0x000001ceb6f3e950 DEOPT UNPACKING pc=0x000001cec3637143 sp=0x00000053a13fd410 mode 0
Event: 0.298 Thread 0x000001ceb6f3e950 DEOPT PACKING pc=0x000001cebc0e95e4 sp=0x00000053a13f9aa0
Event: 0.298 Thread 0x000001ceb6f3e950 DEOPT UNPACKING pc=0x000001cec3637143 sp=0x00000053a13f8f60 mode 0
Event: 0.299 Thread 0x000001ceb6f3e950 DEOPT PACKING pc=0x000001cebc10b1bb sp=0x00000053a13f9c30
Event: 0.299 Thread 0x000001ceb6f3e950 DEOPT UNPACKING pc=0x000001cec3637143 sp=0x00000053a13f9080 mode 0
Event: 0.305 Thread 0x000001ceb6f3e950 DEOPT PACKING pc=0x000001cebc10b1bb sp=0x00000053a13f9a30
Event: 0.305 Thread 0x000001ceb6f3e950 DEOPT UNPACKING pc=0x000001cec3637143 sp=0x00000053a13f8e80 mode 0
Event: 1.477 Thread 0x000001ceb6f3e950 Uncommon trap: trap_request=0xffffff45 fr.pc=0x000001cec3b8cda4 relative=0x0000000000000404
Event: 1.477 Thread 0x000001ceb6f3e950 Uncommon trap: reason=unstable_if action=reinterpret pc=0x000001cec3b8cda4 method=java.lang.StringLatin1.canEncode(I)Z @ 4 c2
Event: 1.477 Thread 0x000001ceb6f3e950 DEOPT PACKING pc=0x000001cec3b8cda4 sp=0x00000053a13fd960
Event: 1.477 Thread 0x000001ceb6f3e950 DEOPT UNPACKING pc=0x000001cec36369a3 sp=0x00000053a13fd888 mode 2
Event: 1.477 Thread 0x000001ceb6f3e950 Uncommon trap: trap_request=0xffffff45 fr.pc=0x000001cec3ba5d10 relative=0x00000000000003f0
Event: 1.477 Thread 0x000001ceb6f3e950 Uncommon trap: reason=unstable_if action=reinterpret pc=0x000001cec3ba5d10 method=java.lang.AbstractStringBuilder.isLatin1()Z @ 10 c2
Event: 1.477 Thread 0x000001ceb6f3e950 DEOPT PACKING pc=0x000001cec3ba5d10 sp=0x00000053a13fd970
Event: 1.477 Thread 0x000001ceb6f3e950 DEOPT UNPACKING pc=0x000001cec36369a3 sp=0x00000053a13fd8f0 mode 2
Event: 1.482 Thread 0x000001ceb6f3e950 Uncommon trap: trap_request=0xffffff45 fr.pc=0x000001cec3b8d3b8 relative=0x0000000000000038
Event: 2.494 Thread 0x000001ceb6f3e950 Uncommon trap: reason=unstable_if action=reinterpret pc=0x000001cec3b8d3b8 method=java.lang.StringLatin1.canEncode(I)Z @ 4 c2
Event: 2.510 Thread 0x000001ceb6f3e950 DEOPT PACKING pc=0x000001cec3b8d3b8 sp=0x00000053a13fd8f0
Event: 2.510 Thread 0x000001ceb6f3e950 DEOPT UNPACKING pc=0x000001cec36369a3 sp=0x00000053a13fd880 mode 2

Classes loaded (20 events):
Event: 0.418 Loading class jdk/internal/jimage/decompressor/CompressedResourceHeader
Event: 0.418 Loading class jdk/internal/jimage/decompressor/CompressedResourceHeader done
Event: 0.418 Loading class jdk/internal/jimage/decompressor/ResourceDecompressorRepository
Event: 0.419 Loading class jdk/internal/jimage/decompressor/ResourceDecompressorRepository done
Event: 0.419 Loading class jdk/internal/jimage/decompressor/ZipDecompressorFactory
Event: 1.420 Loading class jdk/internal/jimage/decompressor/ResourceDecompressorFactory
Event: 1.420 Loading class jdk/internal/jimage/decompressor/ResourceDecompressorFactory done
Event: 1.420 Loading class jdk/internal/jimage/decompressor/ZipDecompressorFactory done
Event: 1.435 Loading class jdk/internal/jimage/decompressor/StringSharingDecompressorFactory
Event: 1.435 Loading class jdk/internal/jimage/decompressor/StringSharingDecompressorFactory done
Event: 1.435 Loading class jdk/internal/jimage/decompressor/ZipDecompressor
Event: 1.435 Loading class jdk/internal/jimage/decompressor/ResourceDecompressor
Event: 1.435 Loading class jdk/internal/jimage/decompressor/ResourceDecompressor done
Event: 1.435 Loading class jdk/internal/jimage/decompressor/ZipDecompressor done
Event: 1.436 Loading class sun/net/www/protocol/jrt/Handler
Event: 1.436 Loading class sun/net/www/protocol/jrt/Handler done
Event: 1.475 Loading class sun/text/resources/cldr/FormatData_en
Event: 1.475 Loading class sun/text/resources/cldr/FormatData_en done
Event: 1.475 Loading class sun/text/resources/cldr/FormatData_en_US
Event: 1.475 Loading class sun/text/resources/cldr/FormatData_en_US done

Classes unloaded (0 events):
No events

Classes redefined (0 events):
No events

Internal exceptions (20 events):
Event: 0.242 Thread 0x000001ceb6f3e950 Exception <a 'java/lang/NullPointerException'{0x000000008cff1198}> (0x000000008cff1198) 
thrown [s\src\hotspot\share\interpreter\linkResolver.cpp, line 1364]
Event: 0.242 Thread 0x000001ceb6f3e950 Exception <a 'java/lang/NullPointerException'{0x000000008cff1470}> (0x000000008cff1470) 
thrown [s\src\hotspot\share\interpreter\linkResolver.cpp, line 1364]
Event: 0.242 Thread 0x000001ceb6f3e950 Exception <a 'java/lang/NullPointerException'{0x000000008cff1748}> (0x000000008cff1748) 
thrown [s\src\hotspot\share\interpreter\linkResolver.cpp, line 1364]
Event: 0.243 Thread 0x000001ceb6f3e950 Exception <a 'java/lang/NullPointerException'{0x000000008cff7410}> (0x000000008cff7410) 
thrown [s\src\hotspot\share\interpreter\linkResolver.cpp, line 1364]
Event: 0.244 Thread 0x000001ceb6f3e950 Exception <a 'java/lang/NullPointerException'{0x000000008ce0b3f0}> (0x000000008ce0b3f0) 
thrown [s\src\hotspot\share\interpreter\linkResolver.cpp, line 1364]
Event: 0.244 Thread 0x000001ceb6f3e950 Exception <a 'java/lang/NullPointerException'{0x000000008ce0b6c8}> (0x000000008ce0b6c8) 
thrown [s\src\hotspot\share\interpreter\linkResolver.cpp, line 1364]
Event: 0.244 Thread 0x000001ceb6f3e950 Exception <a 'java/lang/NullPointerException'{0x000000008ce0b9a0}> (0x000000008ce0b9a0) 
thrown [s\src\hotspot\share\interpreter\linkResolver.cpp, line 1364]
Event: 0.244 Thread 0x000001ceb6f3e950 Exception <a 'java/lang/NullPointerException'{0x000000008ce0bc78}> (0x000000008ce0bc78) 
thrown [s\src\hotspot\share\interpreter\linkResolver.cpp, line 1364]
Event: 0.248 Thread 0x000001ceb6f3e950 Exception <a 'sun/nio/fs/WindowsException'{0x000000008ce3c610}> (0x000000008ce3c610) 
thrown [s\src\hotspot\share\prims\jni.cpp, line 531]
Event: 0.248 Thread 0x000001ceb6f3e950 Exception <a 'sun/nio/fs/WindowsException'{0x000000008ce3cd30}> (0x000000008ce3cd30) 
thrown [s\src\hotspot\share\prims\jni.cpp, line 531]
Event: 0.248 Thread 0x000001ceb6f3e950 Exception <a 'sun/nio/fs/WindowsException'{0x000000008ce3d2b0}> (0x000000008ce3d2b0) 
thrown [s\src\hotspot\share\prims\jni.cpp, line 531]
Event: 0.248 Thread 0x000001ceb6f3e950 Exception <a 'sun/nio/fs/WindowsException'{0x000000008ce3d810}> (0x000000008ce3d810) 
thrown [s\src\hotspot\share\prims\jni.cpp, line 531]
Event: 0.248 Thread 0x000001ceb6f3e950 Exception <a 'sun/nio/fs/WindowsException'{0x000000008ce3dd20}> (0x000000008ce3dd20) 
thrown [s\src\hotspot\share\prims\jni.cpp, line 531]
Event: 0.249 Thread 0x000001ceb6f3e950 Exception <a 'sun/nio/fs/WindowsException'{0x000000008ce3e1e8}> (0x000000008ce3e1e8) 
thrown [s\src\hotspot\share\prims\jni.cpp, line 531]
Event: 0.254 Thread 0x000001ceb6f3e950 Exception <a 'java/lang/NoSuchMethodError'{0x000000008ce94570}: 'void java.lang.invoke.DirectMethodHandle$Holder.invokeStatic(java.lang.Object, java.lang.Object)'> (0x000000008ce94570) 
thrown [s\src\hotspot\share\interpreter\linkResolver.cpp, line 771]
Event: 0.254 Thread 0x000001ceb6f3e950 Exception <a 'java/lang/NoSuchMethodError'{0x000000008ce97e88}: 'void java.lang.invoke.DirectMethodHandle$Holder.invokeStaticInit(java.lang.Object, java.lang.Object)'> (0x000000008ce97e88) 
thrown [s\src\hotspot\share\interpreter\linkResolver.cpp, line 771]
Event: 0.259 Thread 0x000001ceb6f3e950 Exception <a 'java/lang/NoSuchMethodError'{0x000000008ceed660}: 'void java.lang.invoke.DirectMethodHandle$Holder.invokeStatic(java.lang.Object, java.lang.Object, java.lang.Object)'> (0x000000008ceed660) 
thrown [s\src\hotspot\share\interpreter\linkResolver.cpp, line 771]
Event: 0.276 Thread 0x000001ceb6f3e950 Exception <a 'java/lang/NullPointerException'{0x000000008cda54e0}> (0x000000008cda54e0) 
thrown [s\src\hotspot\share\interpreter\linkResolver.cpp, line 1364]
Event: 0.276 Thread 0x000001ceb6f3e950 Exception <a 'java/lang/NullPointerException'{0x000000008cdadaa0}> (0x000000008cdadaa0) 
thrown [s\src\hotspot\share\interpreter\linkResolver.cpp, line 1364]
Event: 0.294 Thread 0x000001ceb6f3e950 Exception <a 'java/lang/NoSuchMethodError'{0x000000008cca7e88}: 'java.lang.Object java.lang.invoke.DirectMethodHandle$Holder.invokeSpecialIFC(java.lang.Object, java.lang.Object, java.lang.Object, java.lang.Object)'> (0x000000008cca7e88) 
thrown [s\src\hotspot\share\interpreter\linkResolver.cpp, line 771]

VM Operations (14 events):
Event: 0.075 Executing VM operation: HandshakeAllThreads
Event: 0.075 Executing VM operation: HandshakeAllThreads done
Event: 0.238 Executing VM operation: HandshakeAllThreads
Event: 0.238 Executing VM operation: HandshakeAllThreads done
Event: 0.243 Executing VM operation: HandshakeAllThreads
Event: 0.243 Executing VM operation: HandshakeAllThreads done
Event: 0.305 Executing VM operation: HandshakeAllThreads
Event: 0.305 Executing VM operation: HandshakeAllThreads done
Event: 1.311 Executing VM operation: Cleanup
Event: 1.435 Executing VM operation: Cleanup done
Event: 2.446 Executing VM operation: Cleanup
Event: 2.510 Executing VM operation: Cleanup done
Event: 3.523 Executing VM operation: Cleanup
Event: 3.523 Executing VM operation: Cleanup done

Memory protections (0 events):
No events

Nmethod flushes (0 events):
No events

Events (20 events):
Event: 0.027 Thread 0x000001ceb6f3e950 Thread added: 0x000001ceb6f3e950
Event: 0.029 Thread 0x000001ceb6f3e950 Thread added: 0x000001ced2ef6630
Event: 0.029 Thread 0x000001ceb6f3e950 Thread added: 0x000001ced2ef6f00
Event: 0.036 Thread 0x000001ceb6f3e950 Thread added: 0x000001ced2f095c0
Event: 0.037 Thread 0x000001ceb6f3e950 Thread added: 0x000001ced2f0dea0
Event: 0.037 Thread 0x000001ceb6f3e950 Thread added: 0x000001ced2f0e770
Event: 0.037 Thread 0x000001ceb6f3e950 Thread added: 0x000001ced35cb4a0
Event: 0.037 Thread 0x000001ceb6f3e950 Thread added: 0x000001ced35cced0
Event: 0.037 Thread 0x000001ceb6f3e950 Thread added: 0x000001ced35cddf0
Event: 0.037 Thread 0x000001ceb6f3e950 Thread added: 0x000001ced35d2830
Event: 0.051 Thread 0x000001ceb6f3e950 Thread added: 0x000001ced3715410
Event: 0.054 Thread 0x000001ceb6f3e950 Thread added: 0x000001ced37213e0
Event: 0.057 Loaded shared library C:\Users\Admin\.jdks\jbr-17.0.14\bin\net.dll
Event: 0.058 Loaded shared library C:\Users\Admin\.jdks\jbr-17.0.14\bin\nio.dll
Event: 0.074 Loaded shared library C:\Users\Admin\.jdks\jbr-17.0.14\bin\zip.dll
Event: 0.240 Thread 0x000001ceb6f3e950 Thread added: 0x000001cf1909e1a0
Event: 0.241 Loaded shared library C:\Users\Admin\Desktop\IntelliJ IDEA 2026.1\plugins\maven\lib\maven3\lib\jansi-native\Windows\x86_64\jansi.dll
Event: 0.242 Loaded shared library C:\Users\Admin\.jdks\jbr-17.0.14\bin\jimage.dll
Event: 0.246 Thread 0x000001cf1909e1a0 Thread exited: 0x000001cf1909e1a0
Event: 0.274 Thread 0x000001ced35cddf0 Thread added: 0x000001cf190f7270


Dynamic libraries:
0x00007ff64ef20000 - 0x00007ff64ef2a000 	C:\Users\Admin\.jdks\jbr-17.0.14\bin\java.exe
0x00007ff8fba20000 - 0x00007ff8fbc87000 	C:\WINDOWS\SYSTEM32\ntdll.dll
0x00007ff8fb740000 - 0x00007ff8fb809000 	C:\WINDOWS\System32\KERNEL32.DLL
0x00007ff8f8e20000 - 0x00007ff8f9214000 	C:\WINDOWS\System32\KERNELBASE.dll
0x00007ff8f8cd0000 - 0x00007ff8f8e1b000 	C:\WINDOWS\System32\ucrtbase.dll
0x00007ff8e5ab0000 - 0x00007ff8e5acb000 	C:\Users\Admin\.jdks\jbr-17.0.14\bin\VCRUNTIME140.dll
0x00007ff8e5ad0000 - 0x00007ff8e5ae7000 	C:\Users\Admin\.jdks\jbr-17.0.14\bin\jli.dll
0x00007ff8fa3c0000 - 0x00007ff8fa585000 	C:\WINDOWS\System32\USER32.dll
0x00007ff8f8ca0000 - 0x00007ff8f8cc7000 	C:\WINDOWS\System32\win32u.dll
0x00007ff8d57a0000 - 0x00007ff8d5a33000 	C:\WINDOWS\WinSxS\amd64_microsoft.windows.common-controls_6595b64144ccf1df_6.0.26100.8115_none_3e075c82e3354f9c\COMCTL32.dll
0x00007ff8fabd0000 - 0x00007ff8fabfb000 	C:\WINDOWS\System32\GDI32.dll
0x00007ff8fac60000 - 0x00007ff8fad09000 	C:\WINDOWS\System32\msvcrt.dll
0x00007ff8f9390000 - 0x00007ff8f94bb000 	C:\WINDOWS\System32\gdi32full.dll
0x00007ff8f82f0000 - 0x00007ff8f8393000 	C:\WINDOWS\System32\msvcp_win.dll
0x00007ff8fa590000 - 0x00007ff8fa5c2000 	C:\WINDOWS\System32\IMM32.DLL
0x00007ff8e7ae0000 - 0x00007ff8e7aec000 	C:\Users\Admin\.jdks\jbr-17.0.14\bin\vcruntime140_1.dll
0x00007ff8b3aa0000 - 0x00007ff8b3b2d000 	C:\Users\Admin\.jdks\jbr-17.0.14\bin\msvcp140.dll
0x00007ff856100000 - 0x00007ff856d8e000 	C:\Users\Admin\.jdks\jbr-17.0.14\bin\server\jvm.dll
0x00007ff8f9b80000 - 0x00007ff8f9c36000 	C:\WINDOWS\System32\ADVAPI32.dll
0x00007ff8fb170000 - 0x00007ff8fb217000 	C:\WINDOWS\System32\sechost.dll
0x00007ff8f97c0000 - 0x00007ff8f98d8000 	C:\WINDOWS\System32\RPCRT4.dll
0x00007ff8fad10000 - 0x00007ff8fad90000 	C:\WINDOWS\System32\WS2_32.dll
0x00007ff8f8150000 - 0x00007ff8f81ae000 	C:\WINDOWS\SYSTEM32\POWRPROF.dll
0x00007ff8e52d0000 - 0x00007ff8e52db000 	C:\WINDOWS\SYSTEM32\VERSION.dll
0x00007ff8f32d0000 - 0x00007ff8f3306000 	C:\WINDOWS\SYSTEM32\WINMM.dll
0x00007ff8f8130000 - 0x00007ff8f8144000 	C:\WINDOWS\SYSTEM32\UMPDC.dll
0x00007ff8f7080000 - 0x00007ff8f709b000 	C:\WINDOWS\SYSTEM32\kernel.appcore.dll
0x00007ff8e6470000 - 0x00007ff8e647a000 	C:\Users\Admin\.jdks\jbr-17.0.14\bin\jimage.dll
0x00007ff8f6160000 - 0x00007ff8f63a2000 	C:\WINDOWS\SYSTEM32\DBGHELP.DLL
0x00007ff8fa840000 - 0x00007ff8fabc2000 	C:\WINDOWS\System32\combase.dll
0x00007ff8fa720000 - 0x00007ff8fa7f8000 	C:\WINDOWS\System32\OLEAUT32.dll
0x00007ff8d23d0000 - 0x00007ff8d240b000 	C:\WINDOWS\SYSTEM32\dbgcore.DLL
0x00007ff8f92e0000 - 0x00007ff8f9385000 	C:\WINDOWS\System32\bcryptPrimitives.dll
0x00007ff8e5a80000 - 0x00007ff8e5aa5000 	C:\Users\Admin\.jdks\jbr-17.0.14\bin\java.dll
0x00007ff8b12b0000 - 0x00007ff8b1387000 	C:\Users\Admin\.jdks\jbr-17.0.14\bin\jsvml.dll
0x00007ff8f9c40000 - 0x00007ff8fa3a7000 	C:\WINDOWS\System32\SHELL32.dll
0x00007ff8f94c0000 - 0x00007ff8f962a000 	C:\WINDOWS\System32\wintypes.dll
0x00007ff8f8430000 - 0x00007ff8f8c98000 	C:\WINDOWS\System32\windows.storage.dll
0x00007ff8fa5d0000 - 0x00007ff8fa6c8000 	C:\WINDOWS\System32\SHCORE.dll
0x00007ff8fb810000 - 0x00007ff8fb876000 	C:\WINDOWS\System32\shlwapi.dll
0x00007ff8f8210000 - 0x00007ff8f8239000 	C:\WINDOWS\SYSTEM32\profapi.dll
0x00007ff8e5460000 - 0x00007ff8e5478000 	C:\Users\Admin\.jdks\jbr-17.0.14\bin\zip.dll
0x00007ff8dd810000 - 0x00007ff8dd829000 	C:\Users\Admin\.jdks\jbr-17.0.14\bin\net.dll
0x00007ff8f21b0000 - 0x00007ff8f22dd000 	C:\WINDOWS\SYSTEM32\WINHTTP.dll
0x00007ff8f75f0000 - 0x00007ff8f765c000 	C:\WINDOWS\system32\mswsock.dll
0x00007ff8dd7f0000 - 0x00007ff8dd806000 	C:\Users\Admin\.jdks\jbr-17.0.14\bin\nio.dll
0x00007ff8dd4c0000 - 0x00007ff8dd4e4000 	C:\Users\Admin\Desktop\IntelliJ IDEA 2026.1\plugins\maven\lib\maven3\lib\jansi-native\Windows\x86_64\jansi.dll
0x00007ff8e5a70000 - 0x00007ff8e5a80000 	C:\Users\Admin\.jdks\jbr-17.0.14\bin\verify.dll

dbghelp: loaded successfully - version: 4.0.5 - missing functions: none
symbol engine: initialized successfully - sym options: 0x614 - pdb path: .;C:\Users\Admin\.jdks\jbr-17.0.14\bin;C:\WINDOWS\SYSTEM32;C:\WINDOWS\WinSxS\amd64_microsoft.windows.common-controls_6595b64144ccf1df_6.0.26100.8115_none_3e075c82e3354f9c;C:\Users\Admin\.jdks\jbr-17.0.14\bin\server;C:\Users\Admin\Desktop\IntelliJ IDEA 2026.1\plugins\maven\lib\maven3\lib\jansi-native\Windows\x86_64

VM Arguments:
jvm_args: --enable-native-access=ALL-UNNAMED -Dfile.encoding=UTF-8 -Dclassworlds.conf=C:\Users\Admin\Desktop\IntelliJ IDEA 2026.1\plugins\maven\lib\maven3\bin\m2.conf -Dmaven.home=C:\Users\Admin\Desktop\IntelliJ IDEA 2026.1\plugins\maven\lib\maven3 -Dlibrary.jansi.path=C:\Users\Admin\Desktop\IntelliJ IDEA 2026.1\plugins\maven\lib\maven3\lib\jansi-native -Dmaven.multiModuleProjectDirectory=C:\Users\Admin\Desktop\projet11\projet11 
java_command: org.codehaus.plexus.classworlds.launcher.Launcher -Didea.version=2026.1 -Dmaven.ext.class.path=C:\Users\Admin\Desktop\IntelliJ IDEA 2026.1\plugins\maven\lib\intellij.maven.rt\maven-event-listener.jar -Djansi.passthrough=true -Dstyle.color=always -Dmaven.repo.local=C:\Users\Admin\.m2\repository org.openjfx:javafx-maven-plugin:0.0.8:run -f pom.xml
java_class_path (initial): C:\Users\Admin\Desktop\IntelliJ IDEA 2026.1\plugins\maven\lib\maven3\boot\plexus-classworlds-2.9.0.jar
Launcher Type: SUN_STANDARD

[Global flags]
     intx CICompilerCount                          = 4                                         {product} {ergonomic}
     uint ConcGCThreads                            = 3                                         {product} {ergonomic}
     uint G1ConcRefinementThreads                  = 10                                        {product} {ergonomic}
   size_t G1HeapRegionSize                         = 1048576                                   {product} {ergonomic}
    uintx GCDrainStackTargetSize                   = 64                                        {product} {ergonomic}
   size_t InitialHeapSize                          = 130023424                                 {product} {ergonomic}
   size_t MarkStackSize                            = 4194304                                   {product} {ergonomic}
   size_t MaxHeapSize                              = 2055208960                                {product} {ergonomic}
   size_t MaxNewSize                               = 1233125376                                {product} {ergonomic}
   size_t MinHeapDeltaBytes                        = 1048576                                   {product} {ergonomic}
   size_t MinHeapSize                              = 8388608                                   {product} {ergonomic}
    uintx NonNMethodCodeHeapSize                   = 5839372                                {pd product} {ergonomic}
    uintx NonProfiledCodeHeapSize                  = 122909434                              {pd product} {ergonomic}
    uintx ProfiledCodeHeapSize                     = 122909434                              {pd product} {ergonomic}
    uintx ReservedCodeCacheSize                    = 251658240                              {pd product} {ergonomic}
     bool SegmentedCodeCache                       = true                                      {product} {ergonomic}
   size_t SoftMaxHeapSize                          = 2055208960                             {manageable} {ergonomic}
     bool UseCompressedClassPointers               = true                           {product lp64_product} {ergonomic}
     bool UseCompressedOops                        = true                           {product lp64_product} {ergonomic}
     bool UseG1GC                                  = true                                      {product} {ergonomic}
     bool UseLargePagesIndividualAllocation        = false                                  {pd product} {ergonomic}

Logging:
Log output configuration:
 #0: stdout all=warning uptime,level,tags
 #1: stderr all=off uptime,level,tags

Environment Variables:
JAVA_HOME=C:\Users\Admin\.jdks\jbr-17.0.14
PATH=C:\oraclexe\app\oracle\product\11.2.0\server\bin;C:\WINDOWS\system32;C:\WINDOWS;C:\WINDOWS\System32\Wbem;C:\WINDOWS\System32\WindowsPowerShell\v1.0\;C:\WINDOWS\System32\OpenSSH\;C:\ProgramData\chocolatey\bin;C:\Users\Admin\.jdks\jbr-17.0.14\bin;C:\Program Files\Git\cmd;C:\Users\Admin\AppData\Local\Microsoft\WindowsApps;;C:\Users\Admin\AppData\Local\Programs\Microsoft VS Code\bin;C:\Users\Admin\Desktop\IntelliJ IDEA 2026.1\bin
USERNAME=Admin
OS=Windows_NT
PROCESSOR_IDENTIFIER=Intel64 Family 6 Model 186 Stepping 3, GenuineIntel
TMP=C:\Users\Admin\AppData\Local\Temp
TEMP=C:\Users\Admin\AppData\Local\Temp



Periodic native trim disabled

JNI global refs:
JNI global refs: 10, weak refs: 1

JNI global refs memory usage: 843, weak refs: 841

Process memory usage:
Resident Set Size: 145848K (1% of 8023820K total physical memory with 914572K free physical memory)

OOME stack traces (most recent first):
Classloader memory used:
Loader org.codehaus.plexus.classworlds.realm.ClassRealm                                : 429K
Loader bootstrap                                                                       : 290K
Loader jdk.internal.loader.ClassLoaders$AppClassLoader                                 : 11356B
Loader jdk.internal.loader.ClassLoaders$PlatformClassLoader                            : 335B


---------------  S Y S T E M  ---------------

OS:
 Windows 11 , 64 bit Build 26100 (10.0.26100.8246)
OS uptime: 0 days 3:45 hours

CPU: total 12 (initial active 12) (6 cores per cpu, 2 threads per core) family 6 model 186 stepping 3 microcode 0x4121, cx8, cmov, fxsr, ht, mmx, 3dnowpref, sse, sse2, sse3, ssse3, sse4.1, sse4.2, popcnt, lzcnt, tsc, tscinvbit, avx, avx2, aes, erms, clmul, bmi1, bmi2, adx, sha, fma, vzeroupper, clflush, clflushopt, clwb
Processor Information for processor 0
  Max Mhz: 1700, Current Mhz: 1700, Mhz Limit: 1700
Processor Information for processor 1
  Max Mhz: 1700, Current Mhz: 1700, Mhz Limit: 1700
Processor Information for processor 2
  Max Mhz: 1700, Current Mhz: 1700, Mhz Limit: 1700
Processor Information for processor 3
  Max Mhz: 1700, Current Mhz: 1700, Mhz Limit: 1700
Processor Information for processor 4
  Max Mhz: 1700, Current Mhz: 1200, Mhz Limit: 1190
Processor Information for processor 5
  Max Mhz: 1700, Current Mhz: 1200, Mhz Limit: 1190
Processor Information for processor 6
  Max Mhz: 1700, Current Mhz: 1200, Mhz Limit: 1190
Processor Information for processor 7
  Max Mhz: 1700, Current Mhz: 1200, Mhz Limit: 1190
Processor Information for processor 8
  Max Mhz: 1700, Current Mhz: 1200, Mhz Limit: 1190
Processor Information for processor 9
  Max Mhz: 1700, Current Mhz: 1200, Mhz Limit: 1190
Processor Information for processor 10
  Max Mhz: 1700, Current Mhz: 1200, Mhz Limit: 1190
Processor Information for processor 11
  Max Mhz: 1700, Current Mhz: 1200, Mhz Limit: 1190

Memory: 4k page, system-wide physical 7835M (893M free)
TotalPageFile size 16027M (AvailPageFile size 5M)
current process WorkingSet (physical memory assigned to process): 142M, peak: 142M
current process commit charge ("private bytes"): 285M, peak: 286M

vm_info: OpenJDK 64-Bit Server VM (17.0.14+1-b1367.22) for windows-amd64 JRE (17.0.14+1-b1367.22), built on 2025-01-30 by "builduser" with MS VC++ 16.10 / 16.11 (VS2019)

END.
