#
# There is insufficient memory for the Java Runtime Environment to continue.
# Native memory allocation (malloc) failed to allocate 420016 bytes. Error detail: Chunk::new
# Possible reasons:
#   The system is out of physical RAM or swap space
#   This process is running with CompressedOops enabled, and the Java Heap may be blocking the growth of the native heap
# Possible solutions:
#   Reduce memory load on the system
#   Increase physical memory or swap space
#   Check if swap backing store is full
#   Decrease Java heap size (-Xmx/-Xms)
#   Decrease number of Java threads
#   Decrease Java thread stack sizes (-Xss)
#   Set larger code cache with -XX:ReservedCodeCacheSize=
#   JVM is running with Unscaled Compressed Oops mode in which the Java heap is
#     placed in the first 4GB address space. The Java Heap base address is the
#     maximum limit for the native heap growth. Please use -XX:HeapBaseMinAddress
#     to set the Java Heap base and to place the Java Heap above 4GB virtual address.
# This output file may be truncated or incomplete.
#
#  Out of Memory Error (arena.cpp:191), pid=6540, tid=23528
#
# JRE version: OpenJDK Runtime Environment JBR-17.0.14+1-1367.22-nomod (17.0.14+1) (build 17.0.14+1-b1367.22)
# Java VM: OpenJDK 64-Bit Server VM JBR-17.0.14+1-1367.22-nomod (17.0.14+1-b1367.22, mixed mode, sharing, tiered, compressed oops, compressed class ptrs, g1 gc, windows-amd64)
# No core dump will be written. Minidumps are not enabled by default on client versions of Windows
#

---------------  S U M M A R Y ------------

Command Line: -Dfile.encoding=UTF-8 -Dclassworlds.conf=C:\Users\Admin\Desktop\IntelliJ IDEA 2026.1\plugins\maven\lib\maven3\bin\m2.conf -Dmaven.home=C:\Users\Admin\Desktop\IntelliJ IDEA 2026.1\plugins\maven\lib\maven3 -Dlibrary.jansi.path=C:\Users\Admin\Desktop\IntelliJ IDEA 2026.1\plugins\maven\lib\maven3\lib\jansi-native -Dmaven.multiModuleProjectDirectory=C:\Users\Admin\Desktop\projet11\projet11 org.codehaus.plexus.classworlds.launcher.Launcher -Didea.version=2026.1 -Dmaven.ext.class.path=C:\Users\Admin\Desktop\IntelliJ IDEA 2026.1\plugins\maven\lib\intellij.maven.rt\maven-event-listener.jar -Djansi.passthrough=true -Dstyle.color=always -Dmaven.repo.local=C:\Users\Admin\.m2\repository org.openjfx:javafx-maven-plugin:0.0.8:run -f pom.xml

Host: 13th Gen Intel(R) Core(TM) i7-1355U, 12 cores, 7G,  Windows 11 , 64 bit Build 26100 (10.0.26100.8246)
Time: Mon May 11 18:10:17 2026 Afr. centrale Ouest elapsed time: 28.167689 seconds (0d 0h 0m 28s)

---------------  T H R E A D  ---------------

Current thread (0x000001ba704ab6e0):  JavaThread "C2 CompilerThread1" daemon [_thread_in_native, id=23528, stack(0x000000b677900000,0x000000b677a00000)]


Current CompileTask:
C2:  28167  995   !   4       sun.nio.cs.StreamDecoder::read (220 bytes)

Stack: [0x000000b677900000,0x000000b677a00000]
Native frames: (J=compiled Java code, j=interpreted, Vv=VM code, C=native code)
V  [jvm.dll+0x68b969]  os::platform_print_native_stack+0xd9  (os_windows_x86.cpp:235)
V  [jvm.dll+0x84572a]  VMError::report+0xc6a  (vmError.cpp:868)
V  [jvm.dll+0x8473ae]  VMError::report_and_die+0x78e  (vmError.cpp:1766)
V  [jvm.dll+0x847a13]  VMError::report_and_die+0x43  (vmError.cpp:1552)
V  [jvm.dll+0x24a83f]  report_vm_out_of_memory+0x8f  (debug.cpp:321)
V  [jvm.dll+0xaca04]  Chunk::operator new+0xb4  (arena.cpp:191)
V  [jvm.dll+0xad04c]  Arena::grow+0x3c  (arena.cpp:352)
V  [jvm.dll+0x36af12]  PhaseIFG::init+0xa2  (ifg.cpp:50)
V  [jvm.dll+0x1be3b6]  PhaseChaitin::Register_Allocate+0x496  (chaitin.cpp:480)
V  [jvm.dll+0x21c389]  Compile::Code_Gen+0x3b9  (compile.cpp:2757)
V  [jvm.dll+0x21b671]  Compile::Compile+0xe61  (compile.cpp:836)
V  [jvm.dll+0x1a6acd]  C2Compiler::compile_method+0xad  (c2compiler.cpp:112)
V  [jvm.dll+0x22b58e]  CompileBroker::invoke_compiler_on_method+0x82e  (compileBroker.cpp:2366)
V  [jvm.dll+0x2296d5]  CompileBroker::compiler_thread_loop+0x405  (compileBroker.cpp:2027)
V  [jvm.dll+0x7f9637]  JavaThread::run+0x147  (thread.cpp:1299)
V  [jvm.dll+0x7f3a1c]  Thread::call_run+0x8c  (thread.cpp:405)
V  [jvm.dll+0x68a7c7]  thread_native_entry+0x77  (os_windows.cpp:551)
C  [ucrtbase.dll+0x37b0]
C  [KERNEL32.DLL+0x2e8d7]
C  [ntdll.dll+0x8c3fc]


---------------  P R O C E S S  ---------------

Threads class SMR info:
_java_thread_list=0x000001ba709e3310, length=14, elements={
0x000001ba0e79e980, 0x000001ba2a3853d0, 0x000001ba2a386810, 0x000001ba2a39c760,
0x000001ba2a3a1040, 0x000001ba2a3a3490, 0x000001ba2a3a70b0, 0x000001ba2a3a5820,
0x000001ba2a3a61e0, 0x000001ba2a3b3480, 0x000001ba70114a80, 0x000001ba70127660,
0x000001ba704ab6e0, 0x000001ba70a198b0
}

Java Threads: ( => current thread )
  0x000001ba0e79e980 JavaThread "main" [_thread_in_Java, id=1864, stack(0x000000b676600000,0x000000b676700000)]
  0x000001ba2a3853d0 JavaThread "Reference Handler" daemon [_thread_blocked, id=23540, stack(0x000000b676d00000,0x000000b676e00000)]
  0x000001ba2a386810 JavaThread "Finalizer" daemon [_thread_blocked, id=20148, stack(0x000000b676e00000,0x000000b676f00000)]
  0x000001ba2a39c760 JavaThread "Signal Dispatcher" daemon [_thread_blocked, id=8060, stack(0x000000b676f00000,0x000000b677000000)]
  0x000001ba2a3a1040 JavaThread "Attach Listener" daemon [_thread_blocked, id=17976, stack(0x000000b677000000,0x000000b677100000)]
  0x000001ba2a3a3490 JavaThread "Service Thread" daemon [_thread_blocked, id=22680, stack(0x000000b677100000,0x000000b677200000)]
  0x000001ba2a3a70b0 JavaThread "Monitor Deflation Thread" daemon [_thread_blocked, id=8796, stack(0x000000b677200000,0x000000b677300000)]
  0x000001ba2a3a5820 JavaThread "C2 CompilerThread0" daemon [_thread_blocked, id=18204, stack(0x000000b677300000,0x000000b677400000)]
  0x000001ba2a3a61e0 JavaThread "C1 CompilerThread0" daemon [_thread_blocked, id=9888, stack(0x000000b677400000,0x000000b677500000)]
  0x000001ba2a3b3480 JavaThread "Sweeper thread" daemon [_thread_blocked, id=17404, stack(0x000000b677500000,0x000000b677600000)]
  0x000001ba70114a80 JavaThread "Notification Thread" daemon [_thread_blocked, id=9468, stack(0x000000b677600000,0x000000b677700000)]
  0x000001ba70127660 JavaThread "Common-Cleaner" daemon [_thread_blocked, id=12092, stack(0x000000b677800000,0x000000b677900000)]
=>0x000001ba704ab6e0 JavaThread "C2 CompilerThread1" daemon [_thread_in_native, id=23528, stack(0x000000b677900000,0x000000b677a00000)]
  0x000001ba70a198b0 JavaThread "C2 CompilerThread2" daemon [_thread_blocked, id=9516, stack(0x000000b677a00000,0x000000b677b00000)]

Other Threads:
  0x000001ba2a37ed70 VMThread "VM Thread" [stack: 0x000000b676c00000,0x000000b676d00000] [id=3992]
  0x000001ba7011ef80 WatcherThread [stack: 0x000000b677700000,0x000000b677800000] [id=3624]
  0x000001ba109f4ff0 GCTaskThread "GC Thread#0" [stack: 0x000000b676700000,0x000000b676800000] [id=20164]
  0x000001ba709db480 GCTaskThread "GC Thread#1" [stack: 0x000000b677b00000,0x000000b677c00000] [id=17948]
  0x000001ba709dc7c0 GCTaskThread "GC Thread#2" [stack: 0x000000b677c00000,0x000000b677d00000] [id=18336]
  0x000001ba709daf00 GCTaskThread "GC Thread#3" [stack: 0x000000b677d00000,0x000000b677e00000] [id=11260]
  0x000001ba709dbcc0 GCTaskThread "GC Thread#4" [stack: 0x000000b677e00000,0x000000b677f00000] [id=23376]
  0x000001ba709db740 GCTaskThread "GC Thread#5" [stack: 0x000000b677f00000,0x000000b678000000] [id=2076]
  0x000001ba709dba00 GCTaskThread "GC Thread#6" [stack: 0x000000b678000000,0x000000b678100000] [id=14584]
  0x000001ba10a05250 ConcurrentGCThread "G1 Main Marker" [stack: 0x000000b676800000,0x000000b676900000] [id=6048]
  0x000001ba10a06750 ConcurrentGCThread "G1 Conc#0" [stack: 0x000000b676900000,0x000000b676a00000] [id=18340]
  0x000001ba2a235c60 ConcurrentGCThread "G1 Refine#0" [stack: 0x000000b676a00000,0x000000b676b00000] [id=22720]
  0x000001ba10a448f0 ConcurrentGCThread "G1 Service" [stack: 0x000000b676b00000,0x000000b676c00000] [id=19404]

Threads with active compile tasks:
C2 CompilerThread1    28358  995   !   4       sun.nio.cs.StreamDecoder::read (220 bytes)

VM state: not at safepoint (normal execution)

VM Mutex/Monitor currently owned by a thread: None

Heap address: 0x0000000085800000, size: 1960 MB, Compressed Oops mode: 32-bit

CDS archive(s) mapped at: [0x000001ba2b000000-0x000001ba2bc00000-0x000001ba2bc00000), size 12582912, SharedBaseAddress: 0x000001ba2b000000, ArchiveRelocationMode: 1.
Compressed class space mapped at: 0x000001ba2c000000-0x000001ba6c000000, reserved size: 1073741824
Narrow klass base: 0x000001ba2b000000, Narrow klass shift: 0, Narrow klass range: 0x100000000

GC Precious Log:
 CPUs: 12 total, 12 available
 Memory: 7835M
 Large Page Support: Disabled
 NUMA Support: Disabled
 Compressed Oops: Enabled (32-bit)
 Heap Region Size: 1M
 Heap Min Capacity: 8M
 Heap Initial Capacity: 124M
 Heap Max Capacity: 1960M
 Pre-touch: Disabled
 Parallel Workers: 10
 Concurrent Workers: 3
 Concurrent Refinement Workers: 10
 Periodic GC: Disabled

Heap:
 garbage-first heap   total 126976K, used 7344K [0x0000000085800000, 0x0000000100000000)
  region size 1024K, 6 young (6144K), 1 survivors (1024K)
 Metaspace       used 6287K, committed 6400K, reserved 1114112K
  class space    used 782K, committed 832K, reserved 1048576K

Heap Regions: E=young(eden), S=young(survivor), O=old, HS=humongous(starts), HC=humongous(continues), CS=collection set, F=free, OA=open archive, CA=closed archive, TAMS=top-at-mark-start (previous, next)
|   0|0x0000000085800000, 0x0000000085900000, 0x0000000085900000|100%| O|  |TAMS 0x0000000085800000, 0x0000000085800000| Untracked 
|   1|0x0000000085900000, 0x0000000085a00000, 0x0000000085a00000|100%| O|  |TAMS 0x0000000085900000, 0x0000000085900000| Untracked 
|   2|0x0000000085a00000, 0x0000000085b00000, 0x0000000085b00000|100%| O|  |TAMS 0x0000000085a00000, 0x0000000085a00000| Untracked 
|   3|0x0000000085b00000, 0x0000000085ba4c00, 0x0000000085c00000| 64%| O|  |TAMS 0x0000000085b00000, 0x0000000085b00000| Untracked 
|   4|0x0000000085c00000, 0x0000000085c00000, 0x0000000085d00000|  0%| F|  |TAMS 0x0000000085c00000, 0x0000000085c00000| Untracked 
|   5|0x0000000085d00000, 0x0000000085d00000, 0x0000000085e00000|  0%| F|  |TAMS 0x0000000085d00000, 0x0000000085d00000| Untracked 
|   6|0x0000000085e00000, 0x0000000085e00000, 0x0000000085f00000|  0%| F|  |TAMS 0x0000000085e00000, 0x0000000085e00000| Untracked 
|   7|0x0000000085f00000, 0x0000000085f00000, 0x0000000086000000|  0%| F|  |TAMS 0x0000000085f00000, 0x0000000085f00000| Untracked 
|   8|0x0000000086000000, 0x0000000086000000, 0x0000000086100000|  0%| F|  |TAMS 0x0000000086000000, 0x0000000086000000| Untracked 
|   9|0x0000000086100000, 0x0000000086100000, 0x0000000086200000|  0%| F|  |TAMS 0x0000000086100000, 0x0000000086100000| Untracked 
|  10|0x0000000086200000, 0x0000000086200000, 0x0000000086300000|  0%| F|  |TAMS 0x0000000086200000, 0x0000000086200000| Untracked 
|  11|0x0000000086300000, 0x0000000086300000, 0x0000000086400000|  0%| F|  |TAMS 0x0000000086300000, 0x0000000086300000| Untracked 
|  12|0x0000000086400000, 0x0000000086400000, 0x0000000086500000|  0%| F|  |TAMS 0x0000000086400000, 0x0000000086400000| Untracked 
|  13|0x0000000086500000, 0x0000000086500000, 0x0000000086600000|  0%| F|  |TAMS 0x0000000086500000, 0x0000000086500000| Untracked 
|  14|0x0000000086600000, 0x0000000086600000, 0x0000000086700000|  0%| F|  |TAMS 0x0000000086600000, 0x0000000086600000| Untracked 
|  15|0x0000000086700000, 0x0000000086700000, 0x0000000086800000|  0%| F|  |TAMS 0x0000000086700000, 0x0000000086700000| Untracked 
|  16|0x0000000086800000, 0x0000000086800000, 0x0000000086900000|  0%| F|  |TAMS 0x0000000086800000, 0x0000000086800000| Untracked 
|  17|0x0000000086900000, 0x0000000086900000, 0x0000000086a00000|  0%| F|  |TAMS 0x0000000086900000, 0x0000000086900000| Untracked 
|  18|0x0000000086a00000, 0x0000000086a00000, 0x0000000086b00000|  0%| F|  |TAMS 0x0000000086a00000, 0x0000000086a00000| Untracked 
|  19|0x0000000086b00000, 0x0000000086b00000, 0x0000000086c00000|  0%| F|  |TAMS 0x0000000086b00000, 0x0000000086b00000| Untracked 
|  20|0x0000000086c00000, 0x0000000086c00000, 0x0000000086d00000|  0%| F|  |TAMS 0x0000000086c00000, 0x0000000086c00000| Untracked 
|  21|0x0000000086d00000, 0x0000000086d00000, 0x0000000086e00000|  0%| F|  |TAMS 0x0000000086d00000, 0x0000000086d00000| Untracked 
|  22|0x0000000086e00000, 0x0000000086e00000, 0x0000000086f00000|  0%| F|  |TAMS 0x0000000086e00000, 0x0000000086e00000| Untracked 
|  23|0x0000000086f00000, 0x0000000086f00000, 0x0000000087000000|  0%| F|  |TAMS 0x0000000086f00000, 0x0000000086f00000| Untracked 
|  24|0x0000000087000000, 0x0000000087000000, 0x0000000087100000|  0%| F|  |TAMS 0x0000000087000000, 0x0000000087000000| Untracked 
|  25|0x0000000087100000, 0x0000000087100000, 0x0000000087200000|  0%| F|  |TAMS 0x0000000087100000, 0x0000000087100000| Untracked 
|  26|0x0000000087200000, 0x0000000087200000, 0x0000000087300000|  0%| F|  |TAMS 0x0000000087200000, 0x0000000087200000| Untracked 
|  27|0x0000000087300000, 0x0000000087300000, 0x0000000087400000|  0%| F|  |TAMS 0x0000000087300000, 0x0000000087300000| Untracked 
|  28|0x0000000087400000, 0x0000000087400000, 0x0000000087500000|  0%| F|  |TAMS 0x0000000087400000, 0x0000000087400000| Untracked 
|  29|0x0000000087500000, 0x0000000087500000, 0x0000000087600000|  0%| F|  |TAMS 0x0000000087500000, 0x0000000087500000| Untracked 
|  30|0x0000000087600000, 0x0000000087600000, 0x0000000087700000|  0%| F|  |TAMS 0x0000000087600000, 0x0000000087600000| Untracked 
|  31|0x0000000087700000, 0x0000000087700000, 0x0000000087800000|  0%| F|  |TAMS 0x0000000087700000, 0x0000000087700000| Untracked 
|  32|0x0000000087800000, 0x0000000087800000, 0x0000000087900000|  0%| F|  |TAMS 0x0000000087800000, 0x0000000087800000| Untracked 
|  33|0x0000000087900000, 0x0000000087900000, 0x0000000087a00000|  0%| F|  |TAMS 0x0000000087900000, 0x0000000087900000| Untracked 
|  34|0x0000000087a00000, 0x0000000087a00000, 0x0000000087b00000|  0%| F|  |TAMS 0x0000000087a00000, 0x0000000087a00000| Untracked 
|  35|0x0000000087b00000, 0x0000000087b00000, 0x0000000087c00000|  0%| F|  |TAMS 0x0000000087b00000, 0x0000000087b00000| Untracked 
|  36|0x0000000087c00000, 0x0000000087c00000, 0x0000000087d00000|  0%| F|  |TAMS 0x0000000087c00000, 0x0000000087c00000| Untracked 
|  37|0x0000000087d00000, 0x0000000087d00000, 0x0000000087e00000|  0%| F|  |TAMS 0x0000000087d00000, 0x0000000087d00000| Untracked 
|  38|0x0000000087e00000, 0x0000000087e00000, 0x0000000087f00000|  0%| F|  |TAMS 0x0000000087e00000, 0x0000000087e00000| Untracked 
|  39|0x0000000087f00000, 0x0000000087f00000, 0x0000000088000000|  0%| F|  |TAMS 0x0000000087f00000, 0x0000000087f00000| Untracked 
|  40|0x0000000088000000, 0x0000000088000000, 0x0000000088100000|  0%| F|  |TAMS 0x0000000088000000, 0x0000000088000000| Untracked 
|  41|0x0000000088100000, 0x0000000088100000, 0x0000000088200000|  0%| F|  |TAMS 0x0000000088100000, 0x0000000088100000| Untracked 
|  42|0x0000000088200000, 0x0000000088200000, 0x0000000088300000|  0%| F|  |TAMS 0x0000000088200000, 0x0000000088200000| Untracked 
|  43|0x0000000088300000, 0x0000000088300000, 0x0000000088400000|  0%| F|  |TAMS 0x0000000088300000, 0x0000000088300000| Untracked 
|  44|0x0000000088400000, 0x0000000088400000, 0x0000000088500000|  0%| F|  |TAMS 0x0000000088400000, 0x0000000088400000| Untracked 
|  45|0x0000000088500000, 0x0000000088500000, 0x0000000088600000|  0%| F|  |TAMS 0x0000000088500000, 0x0000000088500000| Untracked 
|  46|0x0000000088600000, 0x0000000088600000, 0x0000000088700000|  0%| F|  |TAMS 0x0000000088600000, 0x0000000088600000| Untracked 
|  47|0x0000000088700000, 0x0000000088700000, 0x0000000088800000|  0%| F|  |TAMS 0x0000000088700000, 0x0000000088700000| Untracked 
|  48|0x0000000088800000, 0x0000000088800000, 0x0000000088900000|  0%| F|  |TAMS 0x0000000088800000, 0x0000000088800000| Untracked 
|  49|0x0000000088900000, 0x0000000088900000, 0x0000000088a00000|  0%| F|  |TAMS 0x0000000088900000, 0x0000000088900000| Untracked 
|  50|0x0000000088a00000, 0x0000000088a00000, 0x0000000088b00000|  0%| F|  |TAMS 0x0000000088a00000, 0x0000000088a00000| Untracked 
|  51|0x0000000088b00000, 0x0000000088b00000, 0x0000000088c00000|  0%| F|  |TAMS 0x0000000088b00000, 0x0000000088b00000| Untracked 
|  52|0x0000000088c00000, 0x0000000088c00000, 0x0000000088d00000|  0%| F|  |TAMS 0x0000000088c00000, 0x0000000088c00000| Untracked 
|  53|0x0000000088d00000, 0x0000000088d00000, 0x0000000088e00000|  0%| F|  |TAMS 0x0000000088d00000, 0x0000000088d00000| Untracked 
|  54|0x0000000088e00000, 0x0000000088e00000, 0x0000000088f00000|  0%| F|  |TAMS 0x0000000088e00000, 0x0000000088e00000| Untracked 
|  55|0x0000000088f00000, 0x0000000088f00000, 0x0000000089000000|  0%| F|  |TAMS 0x0000000088f00000, 0x0000000088f00000| Untracked 
|  56|0x0000000089000000, 0x0000000089000000, 0x0000000089100000|  0%| F|  |TAMS 0x0000000089000000, 0x0000000089000000| Untracked 
|  57|0x0000000089100000, 0x0000000089100000, 0x0000000089200000|  0%| F|  |TAMS 0x0000000089100000, 0x0000000089100000| Untracked 
|  58|0x0000000089200000, 0x0000000089200000, 0x0000000089300000|  0%| F|  |TAMS 0x0000000089200000, 0x0000000089200000| Untracked 
|  59|0x0000000089300000, 0x0000000089300000, 0x0000000089400000|  0%| F|  |TAMS 0x0000000089300000, 0x0000000089300000| Untracked 
|  60|0x0000000089400000, 0x0000000089400000, 0x0000000089500000|  0%| F|  |TAMS 0x0000000089400000, 0x0000000089400000| Untracked 
|  61|0x0000000089500000, 0x0000000089500000, 0x0000000089600000|  0%| F|  |TAMS 0x0000000089500000, 0x0000000089500000| Untracked 
|  62|0x0000000089600000, 0x0000000089600000, 0x0000000089700000|  0%| F|  |TAMS 0x0000000089600000, 0x0000000089600000| Untracked 
|  63|0x0000000089700000, 0x0000000089700000, 0x0000000089800000|  0%| F|  |TAMS 0x0000000089700000, 0x0000000089700000| Untracked 
|  64|0x0000000089800000, 0x0000000089800000, 0x0000000089900000|  0%| F|  |TAMS 0x0000000089800000, 0x0000000089800000| Untracked 
|  65|0x0000000089900000, 0x0000000089900000, 0x0000000089a00000|  0%| F|  |TAMS 0x0000000089900000, 0x0000000089900000| Untracked 
|  66|0x0000000089a00000, 0x0000000089a00000, 0x0000000089b00000|  0%| F|  |TAMS 0x0000000089a00000, 0x0000000089a00000| Untracked 
|  67|0x0000000089b00000, 0x0000000089b00000, 0x0000000089c00000|  0%| F|  |TAMS 0x0000000089b00000, 0x0000000089b00000| Untracked 
|  68|0x0000000089c00000, 0x0000000089c00000, 0x0000000089d00000|  0%| F|  |TAMS 0x0000000089c00000, 0x0000000089c00000| Untracked 
|  69|0x0000000089d00000, 0x0000000089d00000, 0x0000000089e00000|  0%| F|  |TAMS 0x0000000089d00000, 0x0000000089d00000| Untracked 
|  70|0x0000000089e00000, 0x0000000089e00000, 0x0000000089f00000|  0%| F|  |TAMS 0x0000000089e00000, 0x0000000089e00000| Untracked 
|  71|0x0000000089f00000, 0x0000000089f00000, 0x000000008a000000|  0%| F|  |TAMS 0x0000000089f00000, 0x0000000089f00000| Untracked 
|  72|0x000000008a000000, 0x000000008a000000, 0x000000008a100000|  0%| F|  |TAMS 0x000000008a000000, 0x000000008a000000| Untracked 
|  73|0x000000008a100000, 0x000000008a100000, 0x000000008a200000|  0%| F|  |TAMS 0x000000008a100000, 0x000000008a100000| Untracked 
|  74|0x000000008a200000, 0x000000008a200000, 0x000000008a300000|  0%| F|  |TAMS 0x000000008a200000, 0x000000008a200000| Untracked 
|  75|0x000000008a300000, 0x000000008a300000, 0x000000008a400000|  0%| F|  |TAMS 0x000000008a300000, 0x000000008a300000| Untracked 
|  76|0x000000008a400000, 0x000000008a400000, 0x000000008a500000|  0%| F|  |TAMS 0x000000008a400000, 0x000000008a400000| Untracked 
|  77|0x000000008a500000, 0x000000008a500000, 0x000000008a600000|  0%| F|  |TAMS 0x000000008a500000, 0x000000008a500000| Untracked 
|  78|0x000000008a600000, 0x000000008a600000, 0x000000008a700000|  0%| F|  |TAMS 0x000000008a600000, 0x000000008a600000| Untracked 
|  79|0x000000008a700000, 0x000000008a700000, 0x000000008a800000|  0%| F|  |TAMS 0x000000008a700000, 0x000000008a700000| Untracked 
|  80|0x000000008a800000, 0x000000008a800000, 0x000000008a900000|  0%| F|  |TAMS 0x000000008a800000, 0x000000008a800000| Untracked 
|  81|0x000000008a900000, 0x000000008a900000, 0x000000008aa00000|  0%| F|  |TAMS 0x000000008a900000, 0x000000008a900000| Untracked 
|  82|0x000000008aa00000, 0x000000008aa00000, 0x000000008ab00000|  0%| F|  |TAMS 0x000000008aa00000, 0x000000008aa00000| Untracked 
|  83|0x000000008ab00000, 0x000000008ab00000, 0x000000008ac00000|  0%| F|  |TAMS 0x000000008ab00000, 0x000000008ab00000| Untracked 
|  84|0x000000008ac00000, 0x000000008ac00000, 0x000000008ad00000|  0%| F|  |TAMS 0x000000008ac00000, 0x000000008ac00000| Untracked 
|  85|0x000000008ad00000, 0x000000008ad00000, 0x000000008ae00000|  0%| F|  |TAMS 0x000000008ad00000, 0x000000008ad00000| Untracked 
|  86|0x000000008ae00000, 0x000000008ae00000, 0x000000008af00000|  0%| F|  |TAMS 0x000000008ae00000, 0x000000008ae00000| Untracked 
|  87|0x000000008af00000, 0x000000008af00000, 0x000000008b000000|  0%| F|  |TAMS 0x000000008af00000, 0x000000008af00000| Untracked 
|  88|0x000000008b000000, 0x000000008b000000, 0x000000008b100000|  0%| F|  |TAMS 0x000000008b000000, 0x000000008b000000| Untracked 
|  89|0x000000008b100000, 0x000000008b100000, 0x000000008b200000|  0%| F|  |TAMS 0x000000008b100000, 0x000000008b100000| Untracked 
|  90|0x000000008b200000, 0x000000008b200000, 0x000000008b300000|  0%| F|  |TAMS 0x000000008b200000, 0x000000008b200000| Untracked 
|  91|0x000000008b300000, 0x000000008b300000, 0x000000008b400000|  0%| F|  |TAMS 0x000000008b300000, 0x000000008b300000| Untracked 
|  92|0x000000008b400000, 0x000000008b400000, 0x000000008b500000|  0%| F|  |TAMS 0x000000008b400000, 0x000000008b400000| Untracked 
|  93|0x000000008b500000, 0x000000008b500000, 0x000000008b600000|  0%| F|  |TAMS 0x000000008b500000, 0x000000008b500000| Untracked 
|  94|0x000000008b600000, 0x000000008b600000, 0x000000008b700000|  0%| F|  |TAMS 0x000000008b600000, 0x000000008b600000| Untracked 
|  95|0x000000008b700000, 0x000000008b700000, 0x000000008b800000|  0%| F|  |TAMS 0x000000008b700000, 0x000000008b700000| Untracked 
|  96|0x000000008b800000, 0x000000008b800000, 0x000000008b900000|  0%| F|  |TAMS 0x000000008b800000, 0x000000008b800000| Untracked 
|  97|0x000000008b900000, 0x000000008b900000, 0x000000008ba00000|  0%| F|  |TAMS 0x000000008b900000, 0x000000008b900000| Untracked 
|  98|0x000000008ba00000, 0x000000008ba00000, 0x000000008bb00000|  0%| F|  |TAMS 0x000000008ba00000, 0x000000008ba00000| Untracked 
|  99|0x000000008bb00000, 0x000000008bb00000, 0x000000008bc00000|  0%| F|  |TAMS 0x000000008bb00000, 0x000000008bb00000| Untracked 
| 100|0x000000008bc00000, 0x000000008bc00000, 0x000000008bd00000|  0%| F|  |TAMS 0x000000008bc00000, 0x000000008bc00000| Untracked 
| 101|0x000000008bd00000, 0x000000008bd00000, 0x000000008be00000|  0%| F|  |TAMS 0x000000008bd00000, 0x000000008bd00000| Untracked 
| 102|0x000000008be00000, 0x000000008be00000, 0x000000008bf00000|  0%| F|  |TAMS 0x000000008be00000, 0x000000008be00000| Untracked 
| 103|0x000000008bf00000, 0x000000008bf00000, 0x000000008c000000|  0%| F|  |TAMS 0x000000008bf00000, 0x000000008bf00000| Untracked 
| 104|0x000000008c000000, 0x000000008c000000, 0x000000008c100000|  0%| F|  |TAMS 0x000000008c000000, 0x000000008c000000| Untracked 
| 105|0x000000008c100000, 0x000000008c100000, 0x000000008c200000|  0%| F|  |TAMS 0x000000008c100000, 0x000000008c100000| Untracked 
| 106|0x000000008c200000, 0x000000008c200000, 0x000000008c300000|  0%| F|  |TAMS 0x000000008c200000, 0x000000008c200000| Untracked 
| 107|0x000000008c300000, 0x000000008c300000, 0x000000008c400000|  0%| F|  |TAMS 0x000000008c300000, 0x000000008c300000| Untracked 
| 108|0x000000008c400000, 0x000000008c400000, 0x000000008c500000|  0%| F|  |TAMS 0x000000008c400000, 0x000000008c400000| Untracked 
| 109|0x000000008c500000, 0x000000008c500000, 0x000000008c600000|  0%| F|  |TAMS 0x000000008c500000, 0x000000008c500000| Untracked 
| 110|0x000000008c600000, 0x000000008c600000, 0x000000008c700000|  0%| F|  |TAMS 0x000000008c600000, 0x000000008c600000| Untracked 
| 111|0x000000008c700000, 0x000000008c700000, 0x000000008c800000|  0%| F|  |TAMS 0x000000008c700000, 0x000000008c700000| Untracked 
| 112|0x000000008c800000, 0x000000008c800000, 0x000000008c900000|  0%| F|  |TAMS 0x000000008c800000, 0x000000008c800000| Untracked 
| 113|0x000000008c900000, 0x000000008c900000, 0x000000008ca00000|  0%| F|  |TAMS 0x000000008c900000, 0x000000008c900000| Untracked 
| 114|0x000000008ca00000, 0x000000008ca00000, 0x000000008cb00000|  0%| F|  |TAMS 0x000000008ca00000, 0x000000008ca00000| Untracked 
| 115|0x000000008cb00000, 0x000000008cb00000, 0x000000008cc00000|  0%| F|  |TAMS 0x000000008cb00000, 0x000000008cb00000| Untracked 
| 116|0x000000008cc00000, 0x000000008cc00000, 0x000000008cd00000|  0%| F|  |TAMS 0x000000008cc00000, 0x000000008cc00000| Untracked 
| 117|0x000000008cd00000, 0x000000008cd00000, 0x000000008ce00000|  0%| F|  |TAMS 0x000000008cd00000, 0x000000008cd00000| Untracked 
| 118|0x000000008ce00000, 0x000000008ced9ea8, 0x000000008cf00000| 85%| E|  |TAMS 0x000000008ce00000, 0x000000008ce00000| Complete 
| 119|0x000000008cf00000, 0x000000008d000000, 0x000000008d000000|100%| E|CS|TAMS 0x000000008cf00000, 0x000000008cf00000| Complete 
| 120|0x000000008d000000, 0x000000008d087660, 0x000000008d100000| 52%| S|CS|TAMS 0x000000008d000000, 0x000000008d000000| Complete 
| 121|0x000000008d100000, 0x000000008d1ffc08, 0x000000008d200000| 99%| E|  |TAMS 0x000000008d100000, 0x000000008d100000| Complete 
| 122|0x000000008d200000, 0x000000008d300000, 0x000000008d300000|100%| E|CS|TAMS 0x000000008d200000, 0x000000008d200000| Complete 
| 123|0x000000008d300000, 0x000000008d400000, 0x000000008d400000|100%| E|CS|TAMS 0x000000008d300000, 0x000000008d300000| Complete 

Card table byte_map: [0x000001ba23ab0000,0x000001ba23e90000] _byte_map_base: 0x000001ba23684000

Marking Bits (Prev, Next): (CMBitMap*) 0x000001ba109f5420, (CMBitMap*) 0x000001ba109f5460
 Prev Bits: [0x000001ba24270000, 0x000001ba26110000)
 Next Bits: [0x000001ba26110000, 0x000001ba27fb0000)

Polling page: 0x000001ba0e920000

Metaspace:

Usage:
  Non-class:      5.39 MB used.
      Class:    783.43 KB used.
       Both:      6.15 MB used.

Virtual space:
  Non-class space:       64.00 MB reserved,       5.44 MB (  8%) committed,  1 nodes.
      Class space:        1.00 GB reserved,     832.00 KB ( <1%) committed,  1 nodes.
             Both:        1.06 GB reserved,       6.25 MB ( <1%) committed. 

Chunk freelists:
   Non-Class:  8.70 MB
       Class:  15.19 MB
        Both:  23.90 MB

MaxMetaspaceSize: unlimited
CompressedClassSpaceSize: 1.00 GB
Initial GC threshold: 21.00 MB
Current GC threshold: 21.00 MB
CDS: on
MetaspaceReclaimPolicy: balanced
 - commit_granule_bytes: 65536.
 - commit_granule_words: 8192.
 - virtual_space_node_default_size: 8388608.
 - enlarge_chunks_in_place: 1.
 - new_chunks_are_fully_committed: 0.
 - uncommit_free_chunks: 1.
 - use_allocation_guard: 0.
 - handle_deallocations: 1.


Internal statistics:

num_allocs_failed_limit: 0.
num_arena_births: 42.
num_arena_deaths: 0.
num_vsnodes_births: 2.
num_vsnodes_deaths: 0.
num_space_committed: 100.
num_space_uncommitted: 0.
num_chunks_returned_to_freelist: 0.
num_chunks_taken_from_freelist: 234.
num_chunk_merges: 0.
num_chunk_splits: 150.
num_chunks_enlarged: 122.
num_inconsistent_stats: 0.

CodeHeap 'non-profiled nmethods': size=120000Kb used=485Kb max_used=485Kb free=119514Kb
 bounds [0x000001ba1bc50000, 0x000001ba1bec0000, 0x000001ba23180000]
CodeHeap 'profiled nmethods': size=120000Kb used=2444Kb max_used=2444Kb free=117555Kb
 bounds [0x000001ba14180000, 0x000001ba143f0000, 0x000001ba1b6b0000]
CodeHeap 'non-nmethods': size=5760Kb used=1150Kb max_used=1176Kb free=4609Kb
 bounds [0x000001ba1b6b0000, 0x000001ba1b920000, 0x000001ba1bc50000]
 total_blobs=1702 nmethods=1263 adapters=352
 compilation: enabled
              stopped_count=0, restarted_count=0
 full_count=0

Compilation events (20 events):
Event: 5.904 Thread 0x000001ba2a3a61e0 nmethod 1015 0x000001ba14372810 code [0x000001ba143729e0, 0x000001ba14372d68]
Event: 5.904 Thread 0x000001ba2a3a61e0 1016       3       org.codehaus.plexus.util.xml.pull.MXParser::isWhitespace (115 bytes)
Event: 5.905 Thread 0x000001ba2a3a61e0 nmethod 1016 0x000001ba14372e90 code [0x000001ba143730a0, 0x000001ba143738c8]
Event: 5.905 Thread 0x000001ba2a3a61e0 1017       3       org.codehaus.plexus.util.xml.pull.MXParser::nextTag (83 bytes)
Event: 5.906 Thread 0x000001ba2a3a61e0 nmethod 1017 0x000001ba14373b10 code [0x000001ba14373da0, 0x000001ba14374768]
Event: 5.907 Thread 0x000001ba70a198b0 nmethod 1002 0x000001ba1bca2290 code [0x000001ba1bca2420, 0x000001ba1bca2738]
Event: 5.907 Thread 0x000001ba70a198b0 1019       4       java.nio.Buffer::limit (65 bytes)
Event: 5.908 Thread 0x000001ba2a3a61e0 1026       3       org.codehaus.plexus.util.xml.pull.MXParser::ensureElementsCapacity (265 bytes)
Event: 5.908 Thread 0x000001ba70a198b0 nmethod 1019 0x000001ba1bca2990 code [0x000001ba1bca2b00, 0x000001ba1bca2bf8]
Event: 5.909 Thread 0x000001ba70a198b0 1023       4       sun.nio.cs.StreamDecoder::implRead (243 bytes)
Event: 5.909 Thread 0x000001ba2a3a61e0 nmethod 1026 0x000001ba14374b10 code [0x000001ba14374d80, 0x000001ba14375e28]
Event: 9.959 Thread 0x000001ba2a3a61e0 1027       3       org.eclipse.sisu.plexus.PlexusXmlScanner::TEXT (10 bytes)
Event: 9.960 Thread 0x000001ba2a3a61e0 nmethod 1027 0x000001ba14376110 code [0x000001ba14376300, 0x000001ba14376688]
Event: 9.960 Thread 0x000001ba2a3a61e0 1028       3       org.codehaus.plexus.util.xml.pull.MXParser::nextText (107 bytes)
Event: 9.961 Thread 0x000001ba2a3a61e0 nmethod 1028 0x000001ba14376810 code [0x000001ba14376ae0, 0x000001ba143776e8]
Event: 14.014 Thread 0x000001ba2a3a61e0 1029       3       java.lang.CharacterDataLatin1::getType (11 bytes)
Event: 16.033 Thread 0x000001ba2a3a61e0 nmethod 1029 0x000001ba14377b90 code [0x000001ba14377d40, 0x000001ba14377ef8]
Event: 17.051 Thread 0x000001ba2a3a61e0 1038       1       org.codehaus.plexus.util.xml.pull.MXParser::getDepth (5 bytes)
Event: 17.052 Thread 0x000001ba2a3a61e0 nmethod 1038 0x000001ba1bca2d10 code [0x000001ba1bca2ea0, 0x000001ba1bca2f78]
Event: 17.053 Thread 0x000001ba2a3a61e0 1039   !   2       sun.net.www.ParseUtil::decode (317 bytes)

GC Heap History (1 events):
Event: 23.118 GC heap before
{Heap before GC invocations=0 (full 0):
 garbage-first heap   total 126976K, used 23552K [0x0000000085800000, 0x0000000100000000)
  region size 1024K, 23 young (23552K), 0 survivors (0K)
 Metaspace       used 5642K, committed 5760K, reserved 1114112K
  class space    used 707K, committed 768K, reserved 1048576K
}

Dll operation events (3 events):
Event: 0.014 Loaded shared library C:\Users\Admin\.jdks\jbr-17.0.14\bin\java.dll
Event: 0.051 Loaded shared library C:\Users\Admin\.jdks\jbr-17.0.14\bin\jsvml.dll
Event: 0.288 Loaded shared library C:\Users\Admin\.jdks\jbr-17.0.14\bin\verify.dll

Deoptimization events (20 events):
Event: 0.330 Thread 0x000001ba0e79e980 DEOPT PACKING pc=0x000001ba141d82bb sp=0x000000b6766fd430
Event: 0.330 Thread 0x000001ba0e79e980 DEOPT UNPACKING pc=0x000001ba1b707143 sp=0x000000b6766fc880 mode 0
Event: 0.338 Thread 0x000001ba0e79e980 DEOPT PACKING pc=0x000001ba141ba1e4 sp=0x000000b6766f9ff0
Event: 0.338 Thread 0x000001ba0e79e980 DEOPT UNPACKING pc=0x000001ba1b707143 sp=0x000000b6766f94b0 mode 0
Event: 2.452 Thread 0x000001ba0e79e980 Uncommon trap: trap_request=0xffffff45 fr.pc=0x000001ba1bc5e0a4 relative=0x0000000000000404
Event: 2.452 Thread 0x000001ba0e79e980 Uncommon trap: reason=unstable_if action=reinterpret pc=0x000001ba1bc5e0a4 method=java.lang.StringLatin1.canEncode(I)Z @ 4 c2
Event: 2.452 Thread 0x000001ba0e79e980 DEOPT PACKING pc=0x000001ba1bc5e0a4 sp=0x000000b6766fde50
Event: 2.452 Thread 0x000001ba0e79e980 DEOPT UNPACKING pc=0x000001ba1b7069a3 sp=0x000000b6766fdd78 mode 2
Event: 2.452 Thread 0x000001ba0e79e980 Uncommon trap: trap_request=0xffffff45 fr.pc=0x000001ba1bc5ed90 relative=0x00000000000003f0
Event: 2.452 Thread 0x000001ba0e79e980 Uncommon trap: reason=unstable_if action=reinterpret pc=0x000001ba1bc5ed90 method=java.lang.AbstractStringBuilder.isLatin1()Z @ 10 c2
Event: 2.452 Thread 0x000001ba0e79e980 DEOPT PACKING pc=0x000001ba1bc5ed90 sp=0x000000b6766fde60
Event: 2.452 Thread 0x000001ba0e79e980 DEOPT UNPACKING pc=0x000001ba1b7069a3 sp=0x000000b6766fdde0 mode 2
Event: 2.457 Thread 0x000001ba0e79e980 Uncommon trap: trap_request=0xffffff45 fr.pc=0x000001ba1bc5e6b8 relative=0x0000000000000038
Event: 2.457 Thread 0x000001ba0e79e980 Uncommon trap: reason=unstable_if action=reinterpret pc=0x000001ba1bc5e6b8 method=java.lang.StringLatin1.canEncode(I)Z @ 4 c2
Event: 2.457 Thread 0x000001ba0e79e980 DEOPT PACKING pc=0x000001ba1bc5e6b8 sp=0x000000b6766fdde0
Event: 2.457 Thread 0x000001ba0e79e980 DEOPT UNPACKING pc=0x000001ba1b7069a3 sp=0x000000b6766fdd70 mode 2
Event: 4.829 Thread 0x000001ba0e79e980 Uncommon trap: trap_request=0xffffff6e fr.pc=0x000001ba1bc797c4 relative=0x0000000000000424
Event: 4.829 Thread 0x000001ba0e79e980 Uncommon trap: reason=loop_limit_check action=maybe_recompile pc=0x000001ba1bc797c4 method=java.lang.StringLatin1.indexOf([BI[BII)I @ 37 c2
Event: 4.829 Thread 0x000001ba0e79e980 DEOPT PACKING pc=0x000001ba1bc797c4 sp=0x000000b6766fd630
Event: 4.829 Thread 0x000001ba0e79e980 DEOPT UNPACKING pc=0x000001ba1b7069a3 sp=0x000000b6766fd590 mode 2

Classes loaded (20 events):
Event: 3.747 Loading class java/lang/annotation/ElementType
Event: 3.747 Loading class java/lang/annotation/ElementType done
Event: 3.748 Loading class java/lang/annotation/Documented
Event: 3.748 Loading class java/lang/annotation/Documented done
Event: 4.788 Loading class java/util/concurrent/TimeoutException
Event: 4.788 Loading class java/util/concurrent/TimeoutException done
Event: 4.789 Loading class java/util/concurrent/CancellationException
Event: 4.789 Loading class java/util/concurrent/CancellationException done
Event: 4.802 Loading class java/lang/reflect/ParameterizedType
Event: 4.802 Loading class java/lang/reflect/ParameterizedType done
Event: 4.806 Loading class java/lang/reflect/WildcardType
Event: 4.806 Loading class java/lang/reflect/WildcardType done
Event: 4.809 Loading class sun/reflect/generics/tree/TypeVariableSignature
Event: 4.809 Loading class sun/reflect/generics/tree/TypeVariableSignature done
Event: 4.823 Loading class java/lang/annotation/IncompleteAnnotationException
Event: 4.823 Loading class java/lang/annotation/IncompleteAnnotationException done
Event: 4.829 Loading class jdk/internal/misc/ScopedMemoryAccess$Scope
Event: 4.830 Loading class jdk/internal/misc/ScopedMemoryAccess$Scope done
Event: 5.905 Loading class jdk/internal/access/foreign/MemorySegmentProxy
Event: 5.906 Loading class jdk/internal/access/foreign/MemorySegmentProxy done

Classes unloaded (0 events):
No events

Classes redefined (0 events):
No events

Internal exceptions (20 events):
Event: 0.282 Thread 0x000001ba0e79e980 Exception <a 'java/lang/NullPointerException'{0x000000008ce0c638}> (0x000000008ce0c638) 
thrown [s\src\hotspot\share\interpreter\linkResolver.cpp, line 1364]
Event: 0.286 Thread 0x000001ba0e79e980 Exception <a 'sun/nio/fs/WindowsException'{0x000000008ce3cfd0}> (0x000000008ce3cfd0) 
thrown [s\src\hotspot\share\prims\jni.cpp, line 531]
Event: 0.286 Thread 0x000001ba0e79e980 Exception <a 'sun/nio/fs/WindowsException'{0x000000008ce3d6f0}> (0x000000008ce3d6f0) 
thrown [s\src\hotspot\share\prims\jni.cpp, line 531]
Event: 0.286 Thread 0x000001ba0e79e980 Exception <a 'sun/nio/fs/WindowsException'{0x000000008ce3dc70}> (0x000000008ce3dc70) 
thrown [s\src\hotspot\share\prims\jni.cpp, line 531]
Event: 0.286 Thread 0x000001ba0e79e980 Exception <a 'sun/nio/fs/WindowsException'{0x000000008ce3e1d0}> (0x000000008ce3e1d0) 
thrown [s\src\hotspot\share\prims\jni.cpp, line 531]
Event: 0.286 Thread 0x000001ba0e79e980 Exception <a 'sun/nio/fs/WindowsException'{0x000000008ce3e6e0}> (0x000000008ce3e6e0) 
thrown [s\src\hotspot\share\prims\jni.cpp, line 531]
Event: 0.286 Thread 0x000001ba0e79e980 Exception <a 'sun/nio/fs/WindowsException'{0x000000008ce3eba8}> (0x000000008ce3eba8) 
thrown [s\src\hotspot\share\prims\jni.cpp, line 531]
Event: 0.294 Thread 0x000001ba0e79e980 Exception <a 'java/lang/NoSuchMethodError'{0x000000008ce953b8}: 'void java.lang.invoke.DirectMethodHandle$Holder.invokeStatic(java.lang.Object, java.lang.Object)'> (0x000000008ce953b8) 
thrown [s\src\hotspot\share\interpreter\linkResolver.cpp, line 771]
Event: 0.294 Thread 0x000001ba0e79e980 Exception <a 'java/lang/NoSuchMethodError'{0x000000008ce98cd0}: 'void java.lang.invoke.DirectMethodHandle$Holder.invokeStaticInit(java.lang.Object, java.lang.Object)'> (0x000000008ce98cd0) 
thrown [s\src\hotspot\share\interpreter\linkResolver.cpp, line 771]
Event: 0.302 Thread 0x000001ba0e79e980 Exception <a 'java/lang/NoSuchMethodError'{0x000000008ceee8f8}: 'void java.lang.invoke.DirectMethodHandle$Holder.invokeStatic(java.lang.Object, java.lang.Object, java.lang.Object)'> (0x000000008ceee8f8) 
thrown [s\src\hotspot\share\interpreter\linkResolver.cpp, line 771]
Event: 0.321 Thread 0x000001ba0e79e980 Exception <a 'java/lang/NullPointerException'{0x000000008cda74d8}> (0x000000008cda74d8) 
thrown [s\src\hotspot\share\interpreter\linkResolver.cpp, line 1364]
Event: 0.321 Thread 0x000001ba0e79e980 Exception <a 'java/lang/NullPointerException'{0x000000008cdafa98}> (0x000000008cdafa98) 
thrown [s\src\hotspot\share\interpreter\linkResolver.cpp, line 1364]
Event: 0.336 Thread 0x000001ba0e79e980 Exception <a 'java/lang/NoSuchMethodError'{0x000000008ccaa9f0}: 'java.lang.Object java.lang.invoke.DirectMethodHandle$Holder.invokeSpecialIFC(java.lang.Object, java.lang.Object, java.lang.Object, java.lang.Object)'> (0x000000008ccaa9f0) 
thrown [s\src\hotspot\share\interpreter\linkResolver.cpp, line 771]
Event: 3.641 Thread 0x000001ba0e79e980 Exception <a 'java/lang/NoSuchMethodError'{0x000000008c6d5860}: 'void java.lang.invoke.DirectMethodHandle$Holder.invokeSpecial(java.lang.Object, java.lang.Object, java.lang.Object)'> (0x000000008c6d5860) 
thrown [s\src\hotspot\share\interpreter\linkResolver.cpp, line 771]
Event: 3.674 Thread 0x000001ba0e79e980 Exception <a 'java/lang/NoSuchMethodError'{0x000000008c441368}: 'java.lang.Object java.lang.invoke.DirectMethodHandle$Holder.invokeInterface(java.lang.Object, java.lang.Object)'> (0x000000008c441368) 
thrown [s\src\hotspot\share\interpreter\linkResolver.cpp, line 771]
Event: 3.690 Thread 0x000001ba0e79e980 Exception <a 'java/lang/NoSuchMethodError'{0x000000008c4f1e98}: 'java.lang.Object java.lang.invoke.Invokers$Holder.invokeExact_MT(java.lang.Object, java.lang.Object, java.lang.Object, java.lang.Object, java.lang.Object, java.lang.Object)'> (0x000000008c4f1e98) 
thrown [s\src\hotspot\share\interpreter\linkResolver.cpp, line 771]
Event: 3.692 Thread 0x000001ba0e79e980 Exception <a 'java/lang/NoSuchMethodError'{0x000000008c303768}: 'int java.lang.invoke.DirectMethodHandle$Holder.invokeSpecialIFC(java.lang.Object, java.lang.Object, java.lang.Object, java.lang.Object, java.lang.Object)'> (0x000000008c303768) 
thrown [s\src\hotspot\share\interpreter\linkResolver.cpp, line 771]
Event: 3.749 Thread 0x000001ba0e79e980 Exception <a 'java/lang/NoSuchMethodError'{0x000000008c2b9868}: 'java.lang.Object java.lang.invoke.DirectMethodHandle$Holder.newInvokeSpecial(java.lang.Object, java.lang.Object, java.lang.Object, java.lang.Object, java.lang.Object)'> (0x000000008c2b9868) 
thrown [s\src\hotspot\share\interpreter\linkResolver.cpp, line 771]
Event: 4.814 Thread 0x000001ba0e79e980 Exception <a 'java/lang/NoSuchMethodError'{0x000000008c1e1538}: 'int java.lang.invoke.DirectMethodHandle$Holder.invokeStaticInit(java.lang.Object, java.lang.Object)'> (0x000000008c1e1538) 
thrown [s\src\hotspot\share\interpreter\linkResolver.cpp, line 771]
Event: 4.824 Thread 0x000001ba0e79e980 Exception <a 'java/lang/NoClassDefFoundError'{0x000000008c01b600}: javax/enterprise/inject/Typed> (0x000000008c01b600) 
thrown [s\src\hotspot\share\classfile\systemDictionary.cpp, line 245]

VM Operations (19 events):
Event: 0.107 Executing VM operation: HandshakeAllThreads
Event: 0.107 Executing VM operation: HandshakeAllThreads done
Event: 0.271 Executing VM operation: HandshakeAllThreads
Event: 0.271 Executing VM operation: HandshakeAllThreads done
Event: 0.298 Executing VM operation: HandshakeAllThreads
Event: 0.298 Executing VM operation: HandshakeAllThreads done
Event: 0.346 Executing VM operation: HandshakeAllThreads
Event: 0.346 Executing VM operation: HandshakeAllThreads done
Event: 1.351 Executing VM operation: Cleanup
Event: 1.351 Executing VM operation: Cleanup done
Event: 2.361 Executing VM operation: Cleanup
Event: 2.409 Executing VM operation: Cleanup done
Event: 3.423 Executing VM operation: Cleanup
Event: 3.517 Executing VM operation: Cleanup done
Event: 4.519 Executing VM operation: Cleanup
Event: 4.786 Executing VM operation: Cleanup done
Event: 5.797 Executing VM operation: Cleanup
Event: 5.893 Executing VM operation: Cleanup done
Event: 21.091 Executing VM operation: G1CollectForAllocation

Memory protections (0 events):
No events

Nmethod flushes (0 events):
No events

Events (20 events):
Event: 0.054 Thread 0x000001ba0e79e980 Thread added: 0x000001ba2a3853d0
Event: 0.054 Thread 0x000001ba0e79e980 Thread added: 0x000001ba2a386810
Event: 0.067 Thread 0x000001ba0e79e980 Thread added: 0x000001ba2a39c760
Event: 0.067 Thread 0x000001ba0e79e980 Thread added: 0x000001ba2a3a1040
Event: 0.067 Thread 0x000001ba0e79e980 Thread added: 0x000001ba2a3a3490
Event: 0.067 Thread 0x000001ba0e79e980 Thread added: 0x000001ba2a3a70b0
Event: 0.067 Thread 0x000001ba0e79e980 Thread added: 0x000001ba2a3a5820
Event: 0.068 Thread 0x000001ba0e79e980 Thread added: 0x000001ba2a3a61e0
Event: 0.068 Thread 0x000001ba0e79e980 Thread added: 0x000001ba2a3b3480
Event: 0.085 Thread 0x000001ba0e79e980 Thread added: 0x000001ba70114a80
Event: 0.092 Thread 0x000001ba0e79e980 Thread added: 0x000001ba70127660
Event: 0.097 Loaded shared library C:\Users\Admin\.jdks\jbr-17.0.14\bin\net.dll
Event: 0.101 Loaded shared library C:\Users\Admin\.jdks\jbr-17.0.14\bin\nio.dll
Event: 0.105 Loaded shared library C:\Users\Admin\.jdks\jbr-17.0.14\bin\zip.dll
Event: 0.275 Thread 0x000001ba0e79e980 Thread added: 0x000001ba7043f3d0
Event: 0.276 Loaded shared library C:\Users\Admin\.jdks\jbr-17.0.14\bin\jimage.dll
Event: 0.278 Loaded shared library C:\Users\Admin\Desktop\IntelliJ IDEA 2026.1\plugins\maven\lib\maven3\lib\jansi-native\Windows\x86_64\jansi.dll
Event: 0.311 Thread 0x000001ba7043f3d0 Thread exited: 0x000001ba7043f3d0
Event: 1.360 Thread 0x000001ba2a3a61e0 Thread added: 0x000001ba704ab6e0
Event: 5.899 Thread 0x000001ba2a3a61e0 Thread added: 0x000001ba70a198b0


Dynamic libraries:
0x00007ff784450000 - 0x00007ff78445a000 	C:\Users\Admin\.jdks\jbr-17.0.14\bin\java.exe
0x00007ff83db20000 - 0x00007ff83dd87000 	C:\WINDOWS\SYSTEM32\ntdll.dll
0x00007ff83ced0000 - 0x00007ff83cf99000 	C:\WINDOWS\System32\KERNEL32.DLL
0x00007ff83a8e0000 - 0x00007ff83acd4000 	C:\WINDOWS\System32\KERNELBASE.dll
0x00007ff83a420000 - 0x00007ff83a56b000 	C:\WINDOWS\System32\ucrtbase.dll
0x00007ff818780000 - 0x00007ff818797000 	C:\Users\Admin\.jdks\jbr-17.0.14\bin\jli.dll
0x00007ff8182a0000 - 0x00007ff8182bb000 	C:\Users\Admin\.jdks\jbr-17.0.14\bin\VCRUNTIME140.dll
0x00007ff83c950000 - 0x00007ff83cb15000 	C:\WINDOWS\System32\USER32.dll
0x00007ff83a3f0000 - 0x00007ff83a417000 	C:\WINDOWS\System32\win32u.dll
0x00007ff817c40000 - 0x00007ff817ed3000 	C:\WINDOWS\WinSxS\amd64_microsoft.windows.common-controls_6595b64144ccf1df_6.0.26100.8115_none_3e075c82e3354f9c\COMCTL32.dll
0x00007ff83d910000 - 0x00007ff83d93b000 	C:\WINDOWS\System32\GDI32.dll
0x00007ff83a7b0000 - 0x00007ff83a8db000 	C:\WINDOWS\System32\gdi32full.dll
0x00007ff83c0b0000 - 0x00007ff83c159000 	C:\WINDOWS\System32\msvcrt.dll
0x00007ff83ace0000 - 0x00007ff83ad83000 	C:\WINDOWS\System32\msvcp_win.dll
0x00007ff83d250000 - 0x00007ff83d282000 	C:\WINDOWS\System32\IMM32.DLL
0x00007ff828720000 - 0x00007ff82872c000 	C:\Users\Admin\.jdks\jbr-17.0.14\bin\vcruntime140_1.dll
0x00007ff818210000 - 0x00007ff81829d000 	C:\Users\Admin\.jdks\jbr-17.0.14\bin\msvcp140.dll
0x00007fff9f050000 - 0x00007fff9fcde000 	C:\Users\Admin\.jdks\jbr-17.0.14\bin\server\jvm.dll
0x00007ff83da10000 - 0x00007ff83dac6000 	C:\WINDOWS\System32\ADVAPI32.dll
0x00007ff83d680000 - 0x00007ff83d727000 	C:\WINDOWS\System32\sechost.dll
0x00007ff83cfa0000 - 0x00007ff83d0b8000 	C:\WINDOWS\System32\RPCRT4.dll
0x00007ff83cce0000 - 0x00007ff83cd60000 	C:\WINDOWS\System32\WS2_32.dll
0x00007ff835510000 - 0x00007ff835546000 	C:\WINDOWS\SYSTEM32\WINMM.dll
0x00007ff83a250000 - 0x00007ff83a2ae000 	C:\WINDOWS\SYSTEM32\POWRPROF.dll
0x00007ff827760000 - 0x00007ff82776b000 	C:\WINDOWS\SYSTEM32\VERSION.dll
0x00007ff83a230000 - 0x00007ff83a244000 	C:\WINDOWS\SYSTEM32\UMPDC.dll
0x00007ff839180000 - 0x00007ff83919b000 	C:\WINDOWS\SYSTEM32\kernel.appcore.dll
0x00007ff818770000 - 0x00007ff81877a000 	C:\Users\Admin\.jdks\jbr-17.0.14\bin\jimage.dll
0x00007ff838260000 - 0x00007ff8384a2000 	C:\WINDOWS\SYSTEM32\DBGHELP.DLL
0x00007ff83d290000 - 0x00007ff83d612000 	C:\WINDOWS\System32\combase.dll
0x00007ff83c870000 - 0x00007ff83c948000 	C:\WINDOWS\System32\OLEAUT32.dll
0x00007ff815b60000 - 0x00007ff815b9b000 	C:\WINDOWS\SYSTEM32\dbgcore.DLL
0x00007ff83af00000 - 0x00007ff83afa5000 	C:\WINDOWS\System32\bcryptPrimitives.dll
0x00007ff8181e0000 - 0x00007ff818205000 	C:\Users\Admin\.jdks\jbr-17.0.14\bin\java.dll
0x00007ffff39a0000 - 0x00007ffff3a77000 	C:\Users\Admin\.jdks\jbr-17.0.14\bin\jsvml.dll
0x00007ff83b940000 - 0x00007ff83c0a7000 	C:\WINDOWS\System32\SHELL32.dll
0x00007ff83ad90000 - 0x00007ff83aefa000 	C:\WINDOWS\System32\wintypes.dll
0x00007ff83afb0000 - 0x00007ff83b818000 	C:\WINDOWS\System32\windows.storage.dll
0x00007ff83d0c0000 - 0x00007ff83d1b8000 	C:\WINDOWS\System32\SHCORE.dll
0x00007ff83b8b0000 - 0x00007ff83b916000 	C:\WINDOWS\System32\shlwapi.dll
0x00007ff83a310000 - 0x00007ff83a339000 	C:\WINDOWS\SYSTEM32\profapi.dll
0x00007ff8181c0000 - 0x00007ff8181d8000 	C:\Users\Admin\.jdks\jbr-17.0.14\bin\zip.dll
0x00007ff8181a0000 - 0x00007ff8181b9000 	C:\Users\Admin\.jdks\jbr-17.0.14\bin\net.dll
0x00007ff834810000 - 0x00007ff83493d000 	C:\WINDOWS\SYSTEM32\WINHTTP.dll
0x00007ff8396f0000 - 0x00007ff83975c000 	C:\WINDOWS\system32\mswsock.dll
0x00007ff818180000 - 0x00007ff818196000 	C:\Users\Admin\.jdks\jbr-17.0.14\bin\nio.dll
0x00007ff8170e0000 - 0x00007ff817104000 	C:\Users\Admin\Desktop\IntelliJ IDEA 2026.1\plugins\maven\lib\maven3\lib\jansi-native\Windows\x86_64\jansi.dll
0x00007ff8169d0000 - 0x00007ff8169e0000 	C:\Users\Admin\.jdks\jbr-17.0.14\bin\verify.dll

dbghelp: loaded successfully - version: 4.0.5 - missing functions: none
symbol engine: initialized successfully - sym options: 0x614 - pdb path: .;C:\Users\Admin\.jdks\jbr-17.0.14\bin;C:\WINDOWS\SYSTEM32;C:\WINDOWS\WinSxS\amd64_microsoft.windows.common-controls_6595b64144ccf1df_6.0.26100.8115_none_3e075c82e3354f9c;C:\Users\Admin\.jdks\jbr-17.0.14\bin\server;C:\Users\Admin\Desktop\IntelliJ IDEA 2026.1\plugins\maven\lib\maven3\lib\jansi-native\Windows\x86_64

VM Arguments:
jvm_args: -Dfile.encoding=UTF-8 -Dclassworlds.conf=C:\Users\Admin\Desktop\IntelliJ IDEA 2026.1\plugins\maven\lib\maven3\bin\m2.conf -Dmaven.home=C:\Users\Admin\Desktop\IntelliJ IDEA 2026.1\plugins\maven\lib\maven3 -Dlibrary.jansi.path=C:\Users\Admin\Desktop\IntelliJ IDEA 2026.1\plugins\maven\lib\maven3\lib\jansi-native -Dmaven.multiModuleProjectDirectory=C:\Users\Admin\Desktop\projet11\projet11 
java_command: org.codehaus.plexus.classworlds.launcher.Launcher -Didea.version=2026.1 -Dmaven.ext.class.path=C:\Users\Admin\Desktop\IntelliJ IDEA 2026.1\plugins\maven\lib\intellij.maven.rt\maven-event-listener.jar -Djansi.passthrough=true -Dstyle.color=always -Dmaven.repo.local=C:\Users\Admin\.m2\repository org.openjfx:javafx-maven-plugin:0.0.8:run -f pom.xml
java_class_path (initial): C:\Users\Admin\Desktop\IntelliJ IDEA 2026.1\plugins\maven\lib\maven3\boot\plexus-classworlds-2.9.0.jar
Launcher Type: SUN_STANDARD

[Global flags]
     intx CICompilerCount                          = 4                                         {product} {ergonomic}
     uint ConcGCThreads                            = 3                                         {product} {ergonomic}
     uint G1ConcRefinementThreads                  = 10                                        {product} {ergonomic}
   size_t G1HeapRegionSize                         = 1048576                                   {product} {ergonomic}
    uintx GCDrainStackTargetSize                   = 64                                        {product} {ergonomic}
   size_t InitialHeapSize                          = 130023424                                 {product} {ergonomic}
   size_t MarkStackSize                            = 4194304                                   {product} {ergonomic}
   size_t MaxHeapSize                              = 2055208960                                {product} {ergonomic}
   size_t MaxNewSize                               = 1233125376                                {product} {ergonomic}
   size_t MinHeapDeltaBytes                        = 1048576                                   {product} {ergonomic}
   size_t MinHeapSize                              = 8388608                                   {product} {ergonomic}
    uintx NonNMethodCodeHeapSize                   = 5839372                                {pd product} {ergonomic}
    uintx NonProfiledCodeHeapSize                  = 122909434                              {pd product} {ergonomic}
    uintx ProfiledCodeHeapSize                     = 122909434                              {pd product} {ergonomic}
    uintx ReservedCodeCacheSize                    = 251658240                              {pd product} {ergonomic}
     bool SegmentedCodeCache                       = true                                      {product} {ergonomic}
   size_t SoftMaxHeapSize                          = 2055208960                             {manageable} {ergonomic}
     bool UseCompressedClassPointers               = true                           {product lp64_product} {ergonomic}
     bool UseCompressedOops                        = true                           {product lp64_product} {ergonomic}
     bool UseG1GC                                  = true                                      {product} {ergonomic}
     bool UseLargePagesIndividualAllocation        = false                                  {pd product} {ergonomic}

Logging:
Log output configuration:
 #0: stdout all=warning uptime,level,tags
 #1: stderr all=off uptime,level,tags

Environment Variables:
JAVA_HOME=C:\Users\Admin\.jdks\jbr-17.0.14
PATH=C:\oraclexe\app\oracle\product\11.2.0\server\bin;C:\WINDOWS\system32;C:\WINDOWS;C:\WINDOWS\System32\Wbem;C:\WINDOWS\System32\WindowsPowerShell\v1.0\;C:\WINDOWS\System32\OpenSSH\;C:\ProgramData\chocolatey\bin;C:\Users\Admin\.jdks\jbr-17.0.14\bin;C:\Program Files\Git\cmd;C:\Users\Admin\AppData\Local\Microsoft\WindowsApps;;C:\Users\Admin\AppData\Local\Programs\Microsoft VS Code\bin;C:\Users\Admin\Desktop\IntelliJ IDEA 2026.1\bin
USERNAME=Admin
OS=Windows_NT
PROCESSOR_IDENTIFIER=Intel64 Family 6 Model 186 Stepping 3, GenuineIntel
TMP=C:\Users\Admin\AppData\Local\Temp
TEMP=C:\Users\Admin\AppData\Local\Temp



Periodic native trim disabled

JNI global refs:
JNI global refs: 8, weak refs: 0

JNI global refs memory usage: 843, weak refs: 841

Process memory usage:
Resident Set Size: 131748K (1% of 8023820K total physical memory with 634660K free physical memory)

OOME stack traces (most recent first):
Classloader memory used:
Loader org.codehaus.plexus.classworlds.realm.ClassRealm                                : 473K
Loader bootstrap                                                                       : 302K
Loader jdk.internal.loader.ClassLoaders$AppClassLoader                                 : 11384B
Loader jdk.internal.loader.ClassLoaders$PlatformClassLoader                            : 335B


---------------  S Y S T E M  ---------------

OS:
 Windows 11 , 64 bit Build 26100 (10.0.26100.8246)
OS uptime: 0 days 6:01 hours

CPU: total 12 (initial active 12) (6 cores per cpu, 2 threads per core) family 6 model 186 stepping 3 microcode 0x4121, cx8, cmov, fxsr, ht, mmx, 3dnowpref, sse, sse2, sse3, ssse3, sse4.1, sse4.2, popcnt, lzcnt, tsc, tscinvbit, avx, avx2, aes, erms, clmul, bmi1, bmi2, adx, sha, fma, vzeroupper, clflush, clflushopt, clwb
Processor Information for processor 0
  Max Mhz: 1700, Current Mhz: 1700, Mhz Limit: 1700
Processor Information for processor 1
  Max Mhz: 1700, Current Mhz: 1700, Mhz Limit: 1700
Processor Information for processor 2
  Max Mhz: 1700, Current Mhz: 1700, Mhz Limit: 1700
Processor Information for processor 3
  Max Mhz: 1700, Current Mhz: 1700, Mhz Limit: 1700
Processor Information for processor 4
  Max Mhz: 1700, Current Mhz: 1200, Mhz Limit: 1190
Processor Information for processor 5
  Max Mhz: 1700, Current Mhz: 1200, Mhz Limit: 1190
Processor Information for processor 6
  Max Mhz: 1700, Current Mhz: 1200, Mhz Limit: 1190
Processor Information for processor 7
  Max Mhz: 1700, Current Mhz: 1200, Mhz Limit: 1190
Processor Information for processor 8
  Max Mhz: 1700, Current Mhz: 1200, Mhz Limit: 1190
Processor Information for processor 9
  Max Mhz: 1700, Current Mhz: 1200, Mhz Limit: 1190
Processor Information for processor 10
  Max Mhz: 1700, Current Mhz: 1200, Mhz Limit: 1190
Processor Information for processor 11
  Max Mhz: 1700, Current Mhz: 1200, Mhz Limit: 1190

Memory: 4k page, system-wide physical 7835M (619M free)
TotalPageFile size 16027M (AvailPageFile size 89M)
current process WorkingSet (physical memory assigned to process): 128M, peak: 129M
current process commit charge ("private bytes"): 268M, peak: 269M

vm_info: OpenJDK 64-Bit Server VM (17.0.14+1-b1367.22) for windows-amd64 JRE (17.0.14+1-b1367.22), built on 2025-01-30 by "builduser" with MS VC++ 16.10 / 16.11 (VS2019)

END.
